[0.988s] Invoking command in '/home/open/work/motor_control/src/realsense': PYTHONPATH=/home/open/work/build/realsense/prefix_override:/usr/lib/python3/dist-packages/colcon_core/task/python/colcon_distutils_commands:/home/open/work/install/realsense/lib/python3.10/site-packages:${PYTHONPATH} /usr/bin/python3 -W ignore:setup.py install is deprecated -W ignore:easy_install command is deprecated setup.py egg_info --egg-base ../../../build/realsense build --build-base /home/open/work/build/realsense/build install --record /home/open/work/build/realsense/install.log --single-version-externally-managed install_data
[1.214s] running egg_info
[1.215s] writing ../../../build/realsense/realsense.egg-info/PKG-INFO
[1.215s] writing dependency_links to ../../../build/realsense/realsense.egg-info/dependency_links.txt
[1.215s] writing entry points to ../../../build/realsense/realsense.egg-info/entry_points.txt
[1.215s] writing requirements to ../../../build/realsense/realsense.egg-info/requires.txt
[1.215s] writing top-level names to ../../../build/realsense/realsense.egg-info/top_level.txt
[1.217s] reading manifest file '../../../build/realsense/realsense.egg-info/SOURCES.txt'
[1.218s] writing manifest file '../../../build/realsense/realsense.egg-info/SOURCES.txt'
[1.218s] running build
[1.218s] running build_py
[1.218s] copying realsense/depth_calculate.py -> /home/open/work/build/realsense/build/lib/realsense
[1.219s] running install
[1.219s] running install_lib
[1.220s] copying /home/open/work/build/realsense/build/lib/realsense/depth_calculate.py -> /home/open/work/install/realsense/lib/python3.10/site-packages/realsense
[1.220s] byte-compiling /home/open/work/install/realsense/lib/python3.10/site-packages/realsense/depth_calculate.py to depth_calculate.cpython-310.pyc
[1.223s] running install_data
[1.223s] running install_egg_info
[1.225s] removing '/home/open/work/install/realsense/lib/python3.10/site-packages/realsense-0.0.1-py3.10.egg-info' (and everything under it)
[1.225s] Copying ../../../build/realsense/realsense.egg-info to /home/open/work/install/realsense/lib/python3.10/site-packages/realsense-0.0.1-py3.10.egg-info
[1.226s] running install_scripts
[1.248s] Installing 2d_plane script to /home/open/work/install/realsense/lib/realsense
[1.248s] Installing box_edge_detect script to /home/open/work/install/realsense/lib/realsense
[1.248s] Installing color_detect script to /home/open/work/install/realsense/lib/realsense
[1.248s] Installing color_range script to /home/open/work/install/realsense/lib/realsense
[1.248s] Installing depth_calculate script to /home/open/work/install/realsense/lib/realsense
[1.248s] Installing paddleorc script to /home/open/work/install/realsense/lib/realsense
[1.248s] Installing realsense_read script to /home/open/work/install/realsense/lib/realsense
[1.248s] Installing visual script to /home/open/work/install/realsense/lib/realsense
[1.249s] Installing yolo_number_detect script to /home/open/work/install/realsense/lib/realsense
[1.249s] writing list of installed files to '/home/open/work/build/realsense/install.log'
[1.271s] Invoked command in '/home/open/work/motor_control/src/realsense' returned '0': PYTHONPATH=/home/open/work/build/realsense/prefix_override:/usr/lib/python3/dist-packages/colcon_core/task/python/colcon_distutils_commands:/home/open/work/install/realsense/lib/python3.10/site-packages:${PYTHONPATH} /usr/bin/python3 -W ignore:setup.py install is deprecated -W ignore:easy_install command is deprecated setup.py egg_info --egg-base ../../../build/realsense build --build-base /home/open/work/build/realsense/build install --record /home/open/work/build/realsense/install.log --single-version-externally-managed install_data
