[0.061s] DEBUG:colcon:Command line arguments: ['/usr/bin/colcon', 'build']
[0.061s] DEBUG:colcon:Parsed command line arguments: Namespace(log_base=None, log_level=None, verb_name='build', build_base='build', install_base='install', merge_install=False, symlink_install=False, test_result_base=None, continue_on_error=False, executor='parallel', parallel_workers=16, event_handlers=None, ignore_user_meta=False, metas=['./colcon.meta'], base_paths=['.'], packages_ignore=None, packages_ignore_regex=None, paths=None, packages_up_to=None, packages_up_to_regex=None, packages_above=None, packages_above_and_dependencies=None, packages_above_depth=None, packages_select_by_dep=None, packages_skip_by_dep=None, packages_skip_up_to=None, packages_select_build_failed=False, packages_skip_build_finished=False, packages_select_test_failures=False, packages_skip_test_passed=False, packages_select=None, packages_skip=None, packages_select_regex=None, packages_skip_regex=None, packages_start=None, packages_end=None, cmake_args=None, cmake_target=None, cmake_target_skip_unavailable=False, cmake_clean_cache=False, cmake_clean_first=False, cmake_force_configure=False, ament_cmake_args=None, catkin_cmake_args=None, catkin_skip_building_tests=False, verb_parser=<colcon_defaults.argument_parser.defaults.DefaultArgumentsDecorator object at 0x771811b378e0>, verb_extension=<colcon_core.verb.build.BuildVerb object at 0x771811b37400>, main=<bound method BuildVerb.main of <colcon_core.verb.build.BuildVerb object at 0x771811b37400>>)
[0.158s] Level 1:colcon.colcon_core.package_discovery:discover_packages(colcon_meta) check parameters
[0.158s] Level 1:colcon.colcon_core.package_discovery:discover_packages(recursive) check parameters
[0.158s] Level 1:colcon.colcon_core.package_discovery:discover_packages(ignore) check parameters
[0.159s] Level 1:colcon.colcon_core.package_discovery:discover_packages(path) check parameters
[0.159s] Level 1:colcon.colcon_core.package_discovery:discover_packages(colcon_meta) discover
[0.159s] Level 1:colcon.colcon_core.package_discovery:discover_packages(recursive) discover
[0.159s] INFO:colcon.colcon_core.package_discovery:Crawling recursively for packages in '/home/open/work/robot_arm/src'
[0.159s] Level 1:colcon.colcon_core.package_identification:_identify(.) by extensions ['ignore', 'ignore_ament_install']
[0.159s] Level 1:colcon.colcon_core.package_identification:_identify(.) by extension 'ignore'
[0.159s] Level 1:colcon.colcon_core.package_identification:_identify(.) by extension 'ignore_ament_install'
[0.159s] Level 1:colcon.colcon_core.package_identification:_identify(.) by extensions ['colcon_pkg']
[0.159s] Level 1:colcon.colcon_core.package_identification:_identify(.) by extension 'colcon_pkg'
[0.159s] Level 1:colcon.colcon_core.package_identification:_identify(.) by extensions ['colcon_meta']
[0.159s] Level 1:colcon.colcon_core.package_identification:_identify(.) by extension 'colcon_meta'
[0.159s] Level 1:colcon.colcon_core.package_identification:_identify(.) by extensions ['ros']
[0.159s] Level 1:colcon.colcon_core.package_identification:_identify(.) by extension 'ros'
[0.166s] Level 1:colcon.colcon_core.package_identification:_identify(.) by extensions ['cmake', 'python']
[0.166s] Level 1:colcon.colcon_core.package_identification:_identify(.) by extension 'cmake'
[0.166s] Level 1:colcon.colcon_core.package_identification:_identify(.) by extension 'python'
[0.166s] Level 1:colcon.colcon_core.package_identification:_identify(.) by extensions ['python_setup_py']
[0.166s] Level 1:colcon.colcon_core.package_identification:_identify(.) by extension 'python_setup_py'
[0.166s] Level 1:colcon.colcon_core.package_identification:_identify(SMW-G02(2.0)_camera_urdf_description) by extensions ['ignore', 'ignore_ament_install']
[0.166s] Level 1:colcon.colcon_core.package_identification:_identify(SMW-G02(2.0)_camera_urdf_description) by extension 'ignore'
[0.166s] Level 1:colcon.colcon_core.package_identification:_identify(SMW-G02(2.0)_camera_urdf_description) by extension 'ignore_ament_install'
[0.166s] Level 1:colcon.colcon_core.package_identification:_identify(SMW-G02(2.0)_camera_urdf_description) by extensions ['colcon_pkg']
[0.166s] Level 1:colcon.colcon_core.package_identification:_identify(SMW-G02(2.0)_camera_urdf_description) by extension 'colcon_pkg'
[0.166s] Level 1:colcon.colcon_core.package_identification:_identify(SMW-G02(2.0)_camera_urdf_description) by extensions ['colcon_meta']
[0.166s] Level 1:colcon.colcon_core.package_identification:_identify(SMW-G02(2.0)_camera_urdf_description) by extension 'colcon_meta'
[0.166s] Level 1:colcon.colcon_core.package_identification:_identify(SMW-G02(2.0)_camera_urdf_description) by extensions ['ros']
[0.166s] Level 1:colcon.colcon_core.package_identification:_identify(SMW-G02(2.0)_camera_urdf_description) by extension 'ros'
[0.166s] Level 1:colcon.colcon_core.package_identification:_identify(SMW-G02(2.0)_camera_urdf_description) by extensions ['cmake', 'python']
[0.166s] Level 1:colcon.colcon_core.package_identification:_identify(SMW-G02(2.0)_camera_urdf_description) by extension 'cmake'
[0.166s] Level 1:colcon.colcon_core.package_identification:_identify(SMW-G02(2.0)_camera_urdf_description) by extension 'python'
[0.166s] Level 1:colcon.colcon_core.package_identification:_identify(SMW-G02(2.0)_camera_urdf_description) by extensions ['python_setup_py']
[0.166s] Level 1:colcon.colcon_core.package_identification:_identify(SMW-G02(2.0)_camera_urdf_description) by extension 'python_setup_py'
[0.166s] Level 1:colcon.colcon_core.package_identification:_identify(SMW-G02(2.0)_camera_urdf_description/SMW-G02(2.0)_camera_urdf_description) by extensions ['ignore', 'ignore_ament_install']
[0.166s] Level 1:colcon.colcon_core.package_identification:_identify(SMW-G02(2.0)_camera_urdf_description/SMW-G02(2.0)_camera_urdf_description) by extension 'ignore'
[0.166s] Level 1:colcon.colcon_core.package_identification:_identify(SMW-G02(2.0)_camera_urdf_description/SMW-G02(2.0)_camera_urdf_description) by extension 'ignore_ament_install'
[0.166s] Level 1:colcon.colcon_core.package_identification:_identify(SMW-G02(2.0)_camera_urdf_description/SMW-G02(2.0)_camera_urdf_description) by extensions ['colcon_pkg']
[0.166s] Level 1:colcon.colcon_core.package_identification:_identify(SMW-G02(2.0)_camera_urdf_description/SMW-G02(2.0)_camera_urdf_description) by extension 'colcon_pkg'
[0.166s] Level 1:colcon.colcon_core.package_identification:_identify(SMW-G02(2.0)_camera_urdf_description/SMW-G02(2.0)_camera_urdf_description) by extensions ['colcon_meta']
[0.166s] Level 1:colcon.colcon_core.package_identification:_identify(SMW-G02(2.0)_camera_urdf_description/SMW-G02(2.0)_camera_urdf_description) by extension 'colcon_meta'
[0.166s] Level 1:colcon.colcon_core.package_identification:_identify(SMW-G02(2.0)_camera_urdf_description/SMW-G02(2.0)_camera_urdf_description) by extensions ['ros']
[0.166s] Level 1:colcon.colcon_core.package_identification:_identify(SMW-G02(2.0)_camera_urdf_description/SMW-G02(2.0)_camera_urdf_description) by extension 'ros'
[0.166s] Level 1:colcon.colcon_core.package_identification:_identify(SMW-G02(2.0)_camera_urdf_description/SMW-G02(2.0)_camera_urdf_description) by extensions ['cmake', 'python']
[0.166s] Level 1:colcon.colcon_core.package_identification:_identify(SMW-G02(2.0)_camera_urdf_description/SMW-G02(2.0)_camera_urdf_description) by extension 'cmake'
[0.166s] Level 1:colcon.colcon_core.package_identification:_identify(SMW-G02(2.0)_camera_urdf_description/SMW-G02(2.0)_camera_urdf_description) by extension 'python'
[0.166s] Level 1:colcon.colcon_core.package_identification:_identify(SMW-G02(2.0)_camera_urdf_description/SMW-G02(2.0)_camera_urdf_description) by extensions ['python_setup_py']
[0.166s] Level 1:colcon.colcon_core.package_identification:_identify(SMW-G02(2.0)_camera_urdf_description/SMW-G02(2.0)_camera_urdf_description) by extension 'python_setup_py'
[0.166s] Level 1:colcon.colcon_core.package_identification:_identify(SMW-G02(2.0)_camera_urdf_description/config) by extensions ['ignore', 'ignore_ament_install']
[0.167s] Level 1:colcon.colcon_core.package_identification:_identify(SMW-G02(2.0)_camera_urdf_description/config) by extension 'ignore'
[0.167s] Level 1:colcon.colcon_core.package_identification:_identify(SMW-G02(2.0)_camera_urdf_description/config) by extension 'ignore_ament_install'
[0.167s] Level 1:colcon.colcon_core.package_identification:_identify(SMW-G02(2.0)_camera_urdf_description/config) by extensions ['colcon_pkg']
[0.167s] Level 1:colcon.colcon_core.package_identification:_identify(SMW-G02(2.0)_camera_urdf_description/config) by extension 'colcon_pkg'
[0.167s] Level 1:colcon.colcon_core.package_identification:_identify(SMW-G02(2.0)_camera_urdf_description/config) by extensions ['colcon_meta']
[0.167s] Level 1:colcon.colcon_core.package_identification:_identify(SMW-G02(2.0)_camera_urdf_description/config) by extension 'colcon_meta'
[0.167s] Level 1:colcon.colcon_core.package_identification:_identify(SMW-G02(2.0)_camera_urdf_description/config) by extensions ['ros']
[0.167s] Level 1:colcon.colcon_core.package_identification:_identify(SMW-G02(2.0)_camera_urdf_description/config) by extension 'ros'
[0.167s] Level 1:colcon.colcon_core.package_identification:_identify(SMW-G02(2.0)_camera_urdf_description/config) by extensions ['cmake', 'python']
[0.167s] Level 1:colcon.colcon_core.package_identification:_identify(SMW-G02(2.0)_camera_urdf_description/config) by extension 'cmake'
[0.167s] Level 1:colcon.colcon_core.package_identification:_identify(SMW-G02(2.0)_camera_urdf_description/config) by extension 'python'
[0.167s] Level 1:colcon.colcon_core.package_identification:_identify(SMW-G02(2.0)_camera_urdf_description/config) by extensions ['python_setup_py']
[0.167s] Level 1:colcon.colcon_core.package_identification:_identify(SMW-G02(2.0)_camera_urdf_description/config) by extension 'python_setup_py'
[0.167s] Level 1:colcon.colcon_core.package_identification:_identify(SMW-G02(2.0)_camera_urdf_description/launch) by extensions ['ignore', 'ignore_ament_install']
[0.167s] Level 1:colcon.colcon_core.package_identification:_identify(SMW-G02(2.0)_camera_urdf_description/launch) by extension 'ignore'
[0.167s] Level 1:colcon.colcon_core.package_identification:_identify(SMW-G02(2.0)_camera_urdf_description/launch) by extension 'ignore_ament_install'
[0.167s] Level 1:colcon.colcon_core.package_identification:_identify(SMW-G02(2.0)_camera_urdf_description/launch) by extensions ['colcon_pkg']
[0.167s] Level 1:colcon.colcon_core.package_identification:_identify(SMW-G02(2.0)_camera_urdf_description/launch) by extension 'colcon_pkg'
[0.167s] Level 1:colcon.colcon_core.package_identification:_identify(SMW-G02(2.0)_camera_urdf_description/launch) by extensions ['colcon_meta']
[0.167s] Level 1:colcon.colcon_core.package_identification:_identify(SMW-G02(2.0)_camera_urdf_description/launch) by extension 'colcon_meta'
[0.167s] Level 1:colcon.colcon_core.package_identification:_identify(SMW-G02(2.0)_camera_urdf_description/launch) by extensions ['ros']
[0.167s] Level 1:colcon.colcon_core.package_identification:_identify(SMW-G02(2.0)_camera_urdf_description/launch) by extension 'ros'
[0.167s] Level 1:colcon.colcon_core.package_identification:_identify(SMW-G02(2.0)_camera_urdf_description/launch) by extensions ['cmake', 'python']
[0.167s] Level 1:colcon.colcon_core.package_identification:_identify(SMW-G02(2.0)_camera_urdf_description/launch) by extension 'cmake'
[0.167s] Level 1:colcon.colcon_core.package_identification:_identify(SMW-G02(2.0)_camera_urdf_description/launch) by extension 'python'
[0.167s] Level 1:colcon.colcon_core.package_identification:_identify(SMW-G02(2.0)_camera_urdf_description/launch) by extensions ['python_setup_py']
[0.167s] Level 1:colcon.colcon_core.package_identification:_identify(SMW-G02(2.0)_camera_urdf_description/launch) by extension 'python_setup_py'
[0.167s] Level 1:colcon.colcon_core.package_identification:_identify(SMW-G02(2.0)_camera_urdf_description/meshes) by extensions ['ignore', 'ignore_ament_install']
[0.167s] Level 1:colcon.colcon_core.package_identification:_identify(SMW-G02(2.0)_camera_urdf_description/meshes) by extension 'ignore'
[0.167s] Level 1:colcon.colcon_core.package_identification:_identify(SMW-G02(2.0)_camera_urdf_description/meshes) by extension 'ignore_ament_install'
[0.167s] Level 1:colcon.colcon_core.package_identification:_identify(SMW-G02(2.0)_camera_urdf_description/meshes) by extensions ['colcon_pkg']
[0.167s] Level 1:colcon.colcon_core.package_identification:_identify(SMW-G02(2.0)_camera_urdf_description/meshes) by extension 'colcon_pkg'
[0.167s] Level 1:colcon.colcon_core.package_identification:_identify(SMW-G02(2.0)_camera_urdf_description/meshes) by extensions ['colcon_meta']
[0.167s] Level 1:colcon.colcon_core.package_identification:_identify(SMW-G02(2.0)_camera_urdf_description/meshes) by extension 'colcon_meta'
[0.167s] Level 1:colcon.colcon_core.package_identification:_identify(SMW-G02(2.0)_camera_urdf_description/meshes) by extensions ['ros']
[0.167s] Level 1:colcon.colcon_core.package_identification:_identify(SMW-G02(2.0)_camera_urdf_description/meshes) by extension 'ros'
[0.167s] Level 1:colcon.colcon_core.package_identification:_identify(SMW-G02(2.0)_camera_urdf_description/meshes) by extensions ['cmake', 'python']
[0.167s] Level 1:colcon.colcon_core.package_identification:_identify(SMW-G02(2.0)_camera_urdf_description/meshes) by extension 'cmake'
[0.167s] Level 1:colcon.colcon_core.package_identification:_identify(SMW-G02(2.0)_camera_urdf_description/meshes) by extension 'python'
[0.168s] Level 1:colcon.colcon_core.package_identification:_identify(SMW-G02(2.0)_camera_urdf_description/meshes) by extensions ['python_setup_py']
[0.168s] Level 1:colcon.colcon_core.package_identification:_identify(SMW-G02(2.0)_camera_urdf_description/meshes) by extension 'python_setup_py'
[0.168s] Level 1:colcon.colcon_core.package_identification:_identify(SMW-G02(2.0)_camera_urdf_description/resource) by extensions ['ignore', 'ignore_ament_install']
[0.168s] Level 1:colcon.colcon_core.package_identification:_identify(SMW-G02(2.0)_camera_urdf_description/resource) by extension 'ignore'
[0.168s] Level 1:colcon.colcon_core.package_identification:_identify(SMW-G02(2.0)_camera_urdf_description/resource) by extension 'ignore_ament_install'
[0.168s] Level 1:colcon.colcon_core.package_identification:_identify(SMW-G02(2.0)_camera_urdf_description/resource) by extensions ['colcon_pkg']
[0.168s] Level 1:colcon.colcon_core.package_identification:_identify(SMW-G02(2.0)_camera_urdf_description/resource) by extension 'colcon_pkg'
[0.168s] Level 1:colcon.colcon_core.package_identification:_identify(SMW-G02(2.0)_camera_urdf_description/resource) by extensions ['colcon_meta']
[0.168s] Level 1:colcon.colcon_core.package_identification:_identify(SMW-G02(2.0)_camera_urdf_description/resource) by extension 'colcon_meta'
[0.168s] Level 1:colcon.colcon_core.package_identification:_identify(SMW-G02(2.0)_camera_urdf_description/resource) by extensions ['ros']
[0.168s] Level 1:colcon.colcon_core.package_identification:_identify(SMW-G02(2.0)_camera_urdf_description/resource) by extension 'ros'
[0.168s] Level 1:colcon.colcon_core.package_identification:_identify(SMW-G02(2.0)_camera_urdf_description/resource) by extensions ['cmake', 'python']
[0.168s] Level 1:colcon.colcon_core.package_identification:_identify(SMW-G02(2.0)_camera_urdf_description/resource) by extension 'cmake'
[0.168s] Level 1:colcon.colcon_core.package_identification:_identify(SMW-G02(2.0)_camera_urdf_description/resource) by extension 'python'
[0.168s] Level 1:colcon.colcon_core.package_identification:_identify(SMW-G02(2.0)_camera_urdf_description/resource) by extensions ['python_setup_py']
[0.168s] Level 1:colcon.colcon_core.package_identification:_identify(SMW-G02(2.0)_camera_urdf_description/resource) by extension 'python_setup_py'
[0.168s] Level 1:colcon.colcon_core.package_identification:_identify(SMW-G02(2.0)_camera_urdf_description/test) by extensions ['ignore', 'ignore_ament_install']
[0.168s] Level 1:colcon.colcon_core.package_identification:_identify(SMW-G02(2.0)_camera_urdf_description/test) by extension 'ignore'
[0.168s] Level 1:colcon.colcon_core.package_identification:_identify(SMW-G02(2.0)_camera_urdf_description/test) by extension 'ignore_ament_install'
[0.168s] Level 1:colcon.colcon_core.package_identification:_identify(SMW-G02(2.0)_camera_urdf_description/test) by extensions ['colcon_pkg']
[0.168s] Level 1:colcon.colcon_core.package_identification:_identify(SMW-G02(2.0)_camera_urdf_description/test) by extension 'colcon_pkg'
[0.168s] Level 1:colcon.colcon_core.package_identification:_identify(SMW-G02(2.0)_camera_urdf_description/test) by extensions ['colcon_meta']
[0.168s] Level 1:colcon.colcon_core.package_identification:_identify(SMW-G02(2.0)_camera_urdf_description/test) by extension 'colcon_meta'
[0.168s] Level 1:colcon.colcon_core.package_identification:_identify(SMW-G02(2.0)_camera_urdf_description/test) by extensions ['ros']
[0.168s] Level 1:colcon.colcon_core.package_identification:_identify(SMW-G02(2.0)_camera_urdf_description/test) by extension 'ros'
[0.168s] Level 1:colcon.colcon_core.package_identification:_identify(SMW-G02(2.0)_camera_urdf_description/test) by extensions ['cmake', 'python']
[0.168s] Level 1:colcon.colcon_core.package_identification:_identify(SMW-G02(2.0)_camera_urdf_description/test) by extension 'cmake'
[0.168s] Level 1:colcon.colcon_core.package_identification:_identify(SMW-G02(2.0)_camera_urdf_description/test) by extension 'python'
[0.168s] Level 1:colcon.colcon_core.package_identification:_identify(SMW-G02(2.0)_camera_urdf_description/test) by extensions ['python_setup_py']
[0.168s] Level 1:colcon.colcon_core.package_identification:_identify(SMW-G02(2.0)_camera_urdf_description/test) by extension 'python_setup_py'
[0.168s] Level 1:colcon.colcon_core.package_identification:_identify(SMW-G02(2.0)_camera_urdf_description/urdf) by extensions ['ignore', 'ignore_ament_install']
[0.168s] Level 1:colcon.colcon_core.package_identification:_identify(SMW-G02(2.0)_camera_urdf_description/urdf) by extension 'ignore'
[0.168s] Level 1:colcon.colcon_core.package_identification:_identify(SMW-G02(2.0)_camera_urdf_description/urdf) by extension 'ignore_ament_install'
[0.168s] Level 1:colcon.colcon_core.package_identification:_identify(SMW-G02(2.0)_camera_urdf_description/urdf) by extensions ['colcon_pkg']
[0.168s] Level 1:colcon.colcon_core.package_identification:_identify(SMW-G02(2.0)_camera_urdf_description/urdf) by extension 'colcon_pkg'
[0.168s] Level 1:colcon.colcon_core.package_identification:_identify(SMW-G02(2.0)_camera_urdf_description/urdf) by extensions ['colcon_meta']
[0.168s] Level 1:colcon.colcon_core.package_identification:_identify(SMW-G02(2.0)_camera_urdf_description/urdf) by extension 'colcon_meta'
[0.168s] Level 1:colcon.colcon_core.package_identification:_identify(SMW-G02(2.0)_camera_urdf_description/urdf) by extensions ['ros']
[0.168s] Level 1:colcon.colcon_core.package_identification:_identify(SMW-G02(2.0)_camera_urdf_description/urdf) by extension 'ros'
[0.169s] Level 1:colcon.colcon_core.package_identification:_identify(SMW-G02(2.0)_camera_urdf_description/urdf) by extensions ['cmake', 'python']
[0.169s] Level 1:colcon.colcon_core.package_identification:_identify(SMW-G02(2.0)_camera_urdf_description/urdf) by extension 'cmake'
[0.169s] Level 1:colcon.colcon_core.package_identification:_identify(SMW-G02(2.0)_camera_urdf_description/urdf) by extension 'python'
[0.169s] Level 1:colcon.colcon_core.package_identification:_identify(SMW-G02(2.0)_camera_urdf_description/urdf) by extensions ['python_setup_py']
[0.169s] Level 1:colcon.colcon_core.package_identification:_identify(SMW-G02(2.0)_camera_urdf_description/urdf) by extension 'python_setup_py'
[0.169s] Level 1:colcon.colcon_core.package_identification:_identify(arm_control) by extensions ['ignore', 'ignore_ament_install']
[0.169s] Level 1:colcon.colcon_core.package_identification:_identify(arm_control) by extension 'ignore'
[0.169s] Level 1:colcon.colcon_core.package_identification:_identify(arm_control) by extension 'ignore_ament_install'
[0.169s] Level 1:colcon.colcon_core.package_identification:_identify(arm_control) by extensions ['colcon_pkg']
[0.169s] Level 1:colcon.colcon_core.package_identification:_identify(arm_control) by extension 'colcon_pkg'
[0.169s] Level 1:colcon.colcon_core.package_identification:_identify(arm_control) by extensions ['colcon_meta']
[0.169s] Level 1:colcon.colcon_core.package_identification:_identify(arm_control) by extension 'colcon_meta'
[0.169s] Level 1:colcon.colcon_core.package_identification:_identify(arm_control) by extensions ['ros']
[0.169s] Level 1:colcon.colcon_core.package_identification:_identify(arm_control) by extension 'ros'
[0.170s] DEBUG:colcon.colcon_core.package_identification:Package 'arm_control' with type 'ros.ament_cmake' and name 'arm_control'
[0.170s] Level 1:colcon.colcon_core.package_identification:_identify(build) by extensions ['ignore', 'ignore_ament_install']
[0.170s] Level 1:colcon.colcon_core.package_identification:_identify(build) by extension 'ignore'
[0.170s] Level 1:colcon.colcon_core.package_identification:_identify(build) ignored
[0.170s] Level 1:colcon.colcon_core.package_identification:_identify(install) by extensions ['ignore', 'ignore_ament_install']
[0.170s] Level 1:colcon.colcon_core.package_identification:_identify(install) by extension 'ignore'
[0.170s] Level 1:colcon.colcon_core.package_identification:_identify(install) ignored
[0.170s] Level 1:colcon.colcon_core.package_identification:_identify(log) by extensions ['ignore', 'ignore_ament_install']
[0.171s] Level 1:colcon.colcon_core.package_identification:_identify(log) by extension 'ignore'
[0.171s] Level 1:colcon.colcon_core.package_identification:_identify(log) ignored
[0.171s] Level 1:colcon.colcon_core.package_identification:_identify(moviet) by extensions ['ignore', 'ignore_ament_install']
[0.171s] Level 1:colcon.colcon_core.package_identification:_identify(moviet) by extension 'ignore'
[0.171s] Level 1:colcon.colcon_core.package_identification:_identify(moviet) by extension 'ignore_ament_install'
[0.171s] Level 1:colcon.colcon_core.package_identification:_identify(moviet) by extensions ['colcon_pkg']
[0.171s] Level 1:colcon.colcon_core.package_identification:_identify(moviet) by extension 'colcon_pkg'
[0.171s] Level 1:colcon.colcon_core.package_identification:_identify(moviet) by extensions ['colcon_meta']
[0.171s] Level 1:colcon.colcon_core.package_identification:_identify(moviet) by extension 'colcon_meta'
[0.171s] Level 1:colcon.colcon_core.package_identification:_identify(moviet) by extensions ['ros']
[0.171s] Level 1:colcon.colcon_core.package_identification:_identify(moviet) by extension 'ros'
[0.171s] DEBUG:colcon.colcon_core.package_identification:Package 'moviet' with type 'ros.ament_cmake' and name 'moviet'
[0.171s] Level 1:colcon.colcon_core.package_discovery:discover_packages(recursive) using defaults
[0.171s] Level 1:colcon.colcon_core.package_discovery:discover_packages(ignore) discover
[0.171s] Level 1:colcon.colcon_core.package_discovery:discover_packages(ignore) using defaults
[0.171s] Level 1:colcon.colcon_core.package_discovery:discover_packages(path) discover
[0.171s] Level 1:colcon.colcon_core.package_discovery:discover_packages(path) using defaults
[0.189s] Level 5:colcon.colcon_core.verb:set package 'arm_control' build argument 'cmake_args' from command line to 'None'
[0.189s] Level 5:colcon.colcon_core.verb:set package 'arm_control' build argument 'cmake_target' from command line to 'None'
[0.189s] Level 5:colcon.colcon_core.verb:set package 'arm_control' build argument 'cmake_target_skip_unavailable' from command line to 'False'
[0.189s] Level 5:colcon.colcon_core.verb:set package 'arm_control' build argument 'cmake_clean_cache' from command line to 'False'
[0.189s] Level 5:colcon.colcon_core.verb:set package 'arm_control' build argument 'cmake_clean_first' from command line to 'False'
[0.189s] Level 5:colcon.colcon_core.verb:set package 'arm_control' build argument 'cmake_force_configure' from command line to 'False'
[0.189s] Level 5:colcon.colcon_core.verb:set package 'arm_control' build argument 'ament_cmake_args' from command line to 'None'
[0.189s] Level 5:colcon.colcon_core.verb:set package 'arm_control' build argument 'catkin_cmake_args' from command line to 'None'
[0.189s] Level 5:colcon.colcon_core.verb:set package 'arm_control' build argument 'catkin_skip_building_tests' from command line to 'False'
[0.189s] DEBUG:colcon.colcon_core.verb:Building package 'arm_control' with the following arguments: {'ament_cmake_args': None, 'build_base': '/home/open/work/robot_arm/src/build/arm_control', 'catkin_cmake_args': None, 'catkin_skip_building_tests': False, 'cmake_args': None, 'cmake_clean_cache': False, 'cmake_clean_first': False, 'cmake_force_configure': False, 'cmake_target': None, 'cmake_target_skip_unavailable': False, 'install_base': '/home/open/work/robot_arm/src/install/arm_control', 'merge_install': False, 'path': '/home/open/work/robot_arm/src/arm_control', 'symlink_install': False, 'test_result_base': None}
[0.189s] Level 5:colcon.colcon_core.verb:set package 'moviet' build argument 'cmake_args' from command line to 'None'
[0.189s] Level 5:colcon.colcon_core.verb:set package 'moviet' build argument 'cmake_target' from command line to 'None'
[0.189s] Level 5:colcon.colcon_core.verb:set package 'moviet' build argument 'cmake_target_skip_unavailable' from command line to 'False'
[0.189s] Level 5:colcon.colcon_core.verb:set package 'moviet' build argument 'cmake_clean_cache' from command line to 'False'
[0.190s] Level 5:colcon.colcon_core.verb:set package 'moviet' build argument 'cmake_clean_first' from command line to 'False'
[0.190s] Level 5:colcon.colcon_core.verb:set package 'moviet' build argument 'cmake_force_configure' from command line to 'False'
[0.190s] Level 5:colcon.colcon_core.verb:set package 'moviet' build argument 'ament_cmake_args' from command line to 'None'
[0.190s] Level 5:colcon.colcon_core.verb:set package 'moviet' build argument 'catkin_cmake_args' from command line to 'None'
[0.190s] Level 5:colcon.colcon_core.verb:set package 'moviet' build argument 'catkin_skip_building_tests' from command line to 'False'
[0.190s] DEBUG:colcon.colcon_core.verb:Building package 'moviet' with the following arguments: {'ament_cmake_args': None, 'build_base': '/home/open/work/robot_arm/src/build/moviet', 'catkin_cmake_args': None, 'catkin_skip_building_tests': False, 'cmake_args': None, 'cmake_clean_cache': False, 'cmake_clean_first': False, 'cmake_force_configure': False, 'cmake_target': None, 'cmake_target_skip_unavailable': False, 'install_base': '/home/open/work/robot_arm/src/install/moviet', 'merge_install': False, 'path': '/home/open/work/robot_arm/src/moviet', 'symlink_install': False, 'test_result_base': None}
[0.190s] INFO:colcon.colcon_core.executor:Executing jobs using 'parallel' executor
[0.190s] DEBUG:colcon.colcon_parallel_executor.executor.parallel:run_until_complete
[0.190s] INFO:colcon.colcon_ros.task.ament_cmake.build:Building ROS package in '/home/open/work/robot_arm/src/arm_control' with build type 'ament_cmake'
[0.190s] INFO:colcon.colcon_cmake.task.cmake.build:Building CMake package in '/home/open/work/robot_arm/src/arm_control'
[0.192s] INFO:colcon.colcon_core.plugin_system:Skipping extension 'colcon_core.shell.bat': Not used on non-Windows systems
[0.192s] INFO:colcon.colcon_core.shell:Skip shell extension 'powershell' for command environment: Not usable outside of PowerShell
[0.192s] DEBUG:colcon.colcon_core.shell:Skip shell extension 'dsv' for command environment
[0.198s] DEBUG:colcon.colcon_core.event_handler.log_command:Invoking command in '/home/open/work/robot_arm/src/build/arm_control': CMAKE_PREFIX_PATH=${CMAKE_PREFIX_PATH}:/opt/ros/humble /usr/bin/cmake --build /home/open/work/robot_arm/src/build/arm_control -- -j16 -l16
[0.220s] DEBUG:colcon.colcon_core.event_handler.log_command:Invoked command in '/home/open/work/robot_arm/src/build/arm_control' returned '0': CMAKE_PREFIX_PATH=${CMAKE_PREFIX_PATH}:/opt/ros/humble /usr/bin/cmake --build /home/open/work/robot_arm/src/build/arm_control -- -j16 -l16
[0.228s] DEBUG:colcon.colcon_core.event_handler.log_command:Invoking command in '/home/open/work/robot_arm/src/build/arm_control': CMAKE_PREFIX_PATH=${CMAKE_PREFIX_PATH}:/opt/ros/humble /usr/bin/cmake --install /home/open/work/robot_arm/src/build/arm_control
[0.236s] Level 1:colcon.colcon_core.environment:create_environment_scripts_only(arm_control)
[0.236s] DEBUG:colcon.colcon_core.event_handler.log_command:Invoked command in '/home/open/work/robot_arm/src/build/arm_control' returned '0': CMAKE_PREFIX_PATH=${CMAKE_PREFIX_PATH}:/opt/ros/humble /usr/bin/cmake --install /home/open/work/robot_arm/src/build/arm_control
[0.237s] Level 1:colcon.colcon_core.environment:checking '/home/open/work/robot_arm/src/install/arm_control' for CMake module files
[0.238s] Level 1:colcon.colcon_core.environment:checking '/home/open/work/robot_arm/src/install/arm_control' for CMake config files
[0.238s] Level 1:colcon.colcon_core.shell:create_environment_hook('arm_control', 'cmake_prefix_path')
[0.238s] INFO:colcon.colcon_core.shell:Creating environment hook '/home/open/work/robot_arm/src/install/arm_control/share/arm_control/hook/cmake_prefix_path.ps1'
[0.238s] INFO:colcon.colcon_core.shell:Creating environment descriptor '/home/open/work/robot_arm/src/install/arm_control/share/arm_control/hook/cmake_prefix_path.dsv'
[0.239s] INFO:colcon.colcon_core.shell:Creating environment hook '/home/open/work/robot_arm/src/install/arm_control/share/arm_control/hook/cmake_prefix_path.sh'
[0.239s] Level 1:colcon.colcon_core.environment:checking '/home/open/work/robot_arm/src/install/arm_control/bin'
[0.239s] Level 1:colcon.colcon_core.environment:checking '/home/open/work/robot_arm/src/install/arm_control/lib/pkgconfig/arm_control.pc'
[0.240s] Level 1:colcon.colcon_core.environment:checking '/home/open/work/robot_arm/src/install/arm_control/lib/python3.10/site-packages'
[0.240s] Level 1:colcon.colcon_core.environment:checking '/home/open/work/robot_arm/src/install/arm_control/bin'
[0.241s] INFO:colcon.colcon_core.shell:Creating package script '/home/open/work/robot_arm/src/install/arm_control/share/arm_control/package.ps1'
[0.241s] INFO:colcon.colcon_core.shell:Creating package descriptor '/home/open/work/robot_arm/src/install/arm_control/share/arm_control/package.dsv'
[0.241s] INFO:colcon.colcon_core.shell:Creating package script '/home/open/work/robot_arm/src/install/arm_control/share/arm_control/package.sh'
[0.242s] INFO:colcon.colcon_core.shell:Creating package script '/home/open/work/robot_arm/src/install/arm_control/share/arm_control/package.bash'
[0.242s] INFO:colcon.colcon_core.shell:Creating package script '/home/open/work/robot_arm/src/install/arm_control/share/arm_control/package.zsh'
[0.243s] Level 1:colcon.colcon_core.environment:create_file_with_runtime_dependencies(/home/open/work/robot_arm/src/install/arm_control/share/colcon-core/packages/arm_control)
[0.243s] Level 1:colcon.colcon_core.environment:create_environment_scripts_only(arm_control)
[0.243s] Level 1:colcon.colcon_core.environment:checking '/home/open/work/robot_arm/src/install/arm_control' for CMake module files
[0.243s] Level 1:colcon.colcon_core.environment:checking '/home/open/work/robot_arm/src/install/arm_control' for CMake config files
[0.243s] Level 1:colcon.colcon_core.shell:create_environment_hook('arm_control', 'cmake_prefix_path')
[0.243s] INFO:colcon.colcon_core.shell:Creating environment hook '/home/open/work/robot_arm/src/install/arm_control/share/arm_control/hook/cmake_prefix_path.ps1'
[0.244s] INFO:colcon.colcon_core.shell:Creating environment descriptor '/home/open/work/robot_arm/src/install/arm_control/share/arm_control/hook/cmake_prefix_path.dsv'
[0.244s] INFO:colcon.colcon_core.shell:Creating environment hook '/home/open/work/robot_arm/src/install/arm_control/share/arm_control/hook/cmake_prefix_path.sh'
[0.244s] Level 1:colcon.colcon_core.environment:checking '/home/open/work/robot_arm/src/install/arm_control/bin'
[0.244s] Level 1:colcon.colcon_core.environment:checking '/home/open/work/robot_arm/src/install/arm_control/lib/pkgconfig/arm_control.pc'
[0.244s] Level 1:colcon.colcon_core.environment:checking '/home/open/work/robot_arm/src/install/arm_control/lib/python3.10/site-packages'
[0.244s] Level 1:colcon.colcon_core.environment:checking '/home/open/work/robot_arm/src/install/arm_control/bin'
[0.245s] INFO:colcon.colcon_core.shell:Creating package script '/home/open/work/robot_arm/src/install/arm_control/share/arm_control/package.ps1'
[0.245s] INFO:colcon.colcon_core.shell:Creating package descriptor '/home/open/work/robot_arm/src/install/arm_control/share/arm_control/package.dsv'
[0.245s] INFO:colcon.colcon_core.shell:Creating package script '/home/open/work/robot_arm/src/install/arm_control/share/arm_control/package.sh'
[0.245s] INFO:colcon.colcon_core.shell:Creating package script '/home/open/work/robot_arm/src/install/arm_control/share/arm_control/package.bash'
[0.246s] INFO:colcon.colcon_core.shell:Creating package script '/home/open/work/robot_arm/src/install/arm_control/share/arm_control/package.zsh'
[0.246s] Level 1:colcon.colcon_core.environment:create_file_with_runtime_dependencies(/home/open/work/robot_arm/src/install/arm_control/share/colcon-core/packages/arm_control)
[0.246s] INFO:colcon.colcon_ros.task.ament_cmake.build:Building ROS package in '/home/open/work/robot_arm/src/moviet' with build type 'ament_cmake'
[0.246s] INFO:colcon.colcon_cmake.task.cmake.build:Building CMake package in '/home/open/work/robot_arm/src/moviet'
[0.246s] INFO:colcon.colcon_core.shell:Skip shell extension 'powershell' for command environment: Not usable outside of PowerShell
[0.246s] DEBUG:colcon.colcon_core.shell:Skip shell extension 'dsv' for command environment
[0.252s] DEBUG:colcon.colcon_core.event_handler.log_command:Invoking command in '/home/open/work/robot_arm/src/build/moviet': CMAKE_PREFIX_PATH=/home/open/work/robot_arm/src/install/arm_control:/home/open/work/robot_arm/src/install/moviet:/opt/ros/humble /usr/bin/cmake --build /home/open/work/robot_arm/src/build/moviet -- -j16 -l16
[0.274s] DEBUG:colcon.colcon_core.event_handler.log_command:Invoked command in '/home/open/work/robot_arm/src/build/moviet' returned '0': CMAKE_PREFIX_PATH=/home/open/work/robot_arm/src/install/arm_control:/home/open/work/robot_arm/src/install/moviet:/opt/ros/humble /usr/bin/cmake --build /home/open/work/robot_arm/src/build/moviet -- -j16 -l16
[0.276s] DEBUG:colcon.colcon_core.event_handler.log_command:Invoking command in '/home/open/work/robot_arm/src/build/moviet': CMAKE_PREFIX_PATH=/home/open/work/robot_arm/src/install/arm_control:/home/open/work/robot_arm/src/install/moviet:/opt/ros/humble /usr/bin/cmake --install /home/open/work/robot_arm/src/build/moviet
[0.281s] Level 1:colcon.colcon_core.environment:create_environment_scripts_only(moviet)
[0.281s] Level 1:colcon.colcon_core.environment:checking '/home/open/work/robot_arm/src/install/moviet' for CMake module files
[0.282s] DEBUG:colcon.colcon_core.event_handler.log_command:Invoked command in '/home/open/work/robot_arm/src/build/moviet' returned '0': CMAKE_PREFIX_PATH=/home/open/work/robot_arm/src/install/arm_control:/home/open/work/robot_arm/src/install/moviet:/opt/ros/humble /usr/bin/cmake --install /home/open/work/robot_arm/src/build/moviet
[0.282s] Level 1:colcon.colcon_core.environment:checking '/home/open/work/robot_arm/src/install/moviet' for CMake config files
[0.282s] Level 1:colcon.colcon_core.shell:create_environment_hook('moviet', 'cmake_prefix_path')
[0.282s] INFO:colcon.colcon_core.shell:Creating environment hook '/home/open/work/robot_arm/src/install/moviet/share/moviet/hook/cmake_prefix_path.ps1'
[0.282s] INFO:colcon.colcon_core.shell:Creating environment descriptor '/home/open/work/robot_arm/src/install/moviet/share/moviet/hook/cmake_prefix_path.dsv'
[0.283s] INFO:colcon.colcon_core.shell:Creating environment hook '/home/open/work/robot_arm/src/install/moviet/share/moviet/hook/cmake_prefix_path.sh'
[0.283s] Level 1:colcon.colcon_core.environment:checking '/home/open/work/robot_arm/src/install/moviet/bin'
[0.283s] Level 1:colcon.colcon_core.environment:checking '/home/open/work/robot_arm/src/install/moviet/lib/pkgconfig/moviet.pc'
[0.283s] Level 1:colcon.colcon_core.environment:checking '/home/open/work/robot_arm/src/install/moviet/lib/python3.10/site-packages'
[0.283s] Level 1:colcon.colcon_core.environment:checking '/home/open/work/robot_arm/src/install/moviet/bin'
[0.284s] INFO:colcon.colcon_core.shell:Creating package script '/home/open/work/robot_arm/src/install/moviet/share/moviet/package.ps1'
[0.284s] INFO:colcon.colcon_core.shell:Creating package descriptor '/home/open/work/robot_arm/src/install/moviet/share/moviet/package.dsv'
[0.284s] INFO:colcon.colcon_core.shell:Creating package script '/home/open/work/robot_arm/src/install/moviet/share/moviet/package.sh'
[0.284s] INFO:colcon.colcon_core.shell:Creating package script '/home/open/work/robot_arm/src/install/moviet/share/moviet/package.bash'
[0.284s] INFO:colcon.colcon_core.shell:Creating package script '/home/open/work/robot_arm/src/install/moviet/share/moviet/package.zsh'
[0.285s] Level 1:colcon.colcon_core.environment:create_file_with_runtime_dependencies(/home/open/work/robot_arm/src/install/moviet/share/colcon-core/packages/moviet)
[0.285s] Level 1:colcon.colcon_core.environment:create_environment_scripts_only(moviet)
[0.285s] Level 1:colcon.colcon_core.environment:checking '/home/open/work/robot_arm/src/install/moviet' for CMake module files
[0.285s] Level 1:colcon.colcon_core.environment:checking '/home/open/work/robot_arm/src/install/moviet' for CMake config files
[0.285s] Level 1:colcon.colcon_core.shell:create_environment_hook('moviet', 'cmake_prefix_path')
[0.286s] INFO:colcon.colcon_core.shell:Creating environment hook '/home/open/work/robot_arm/src/install/moviet/share/moviet/hook/cmake_prefix_path.ps1'
[0.286s] INFO:colcon.colcon_core.shell:Creating environment descriptor '/home/open/work/robot_arm/src/install/moviet/share/moviet/hook/cmake_prefix_path.dsv'
[0.286s] INFO:colcon.colcon_core.shell:Creating environment hook '/home/open/work/robot_arm/src/install/moviet/share/moviet/hook/cmake_prefix_path.sh'
[0.286s] Level 1:colcon.colcon_core.environment:checking '/home/open/work/robot_arm/src/install/moviet/bin'
[0.286s] Level 1:colcon.colcon_core.environment:checking '/home/open/work/robot_arm/src/install/moviet/lib/pkgconfig/moviet.pc'
[0.287s] Level 1:colcon.colcon_core.environment:checking '/home/open/work/robot_arm/src/install/moviet/lib/python3.10/site-packages'
[0.287s] Level 1:colcon.colcon_core.environment:checking '/home/open/work/robot_arm/src/install/moviet/bin'
[0.287s] INFO:colcon.colcon_core.shell:Creating package script '/home/open/work/robot_arm/src/install/moviet/share/moviet/package.ps1'
[0.287s] INFO:colcon.colcon_core.shell:Creating package descriptor '/home/open/work/robot_arm/src/install/moviet/share/moviet/package.dsv'
[0.287s] INFO:colcon.colcon_core.shell:Creating package script '/home/open/work/robot_arm/src/install/moviet/share/moviet/package.sh'
[0.288s] INFO:colcon.colcon_core.shell:Creating package script '/home/open/work/robot_arm/src/install/moviet/share/moviet/package.bash'
[0.288s] INFO:colcon.colcon_core.shell:Creating package script '/home/open/work/robot_arm/src/install/moviet/share/moviet/package.zsh'
[0.288s] Level 1:colcon.colcon_core.environment:create_file_with_runtime_dependencies(/home/open/work/robot_arm/src/install/moviet/share/colcon-core/packages/moviet)
[0.288s] DEBUG:colcon.colcon_parallel_executor.executor.parallel:closing loop
[0.288s] DEBUG:colcon.colcon_parallel_executor.executor.parallel:loop closed
[0.288s] DEBUG:colcon.colcon_parallel_executor.executor.parallel:run_until_complete finished with '0'
[0.288s] DEBUG:colcon.colcon_core.event_reactor:joining thread
[0.292s] INFO:colcon.colcon_core.plugin_system:Skipping extension 'colcon_notification.desktop_notification.notify_send': Could not find 'notify-send'
[0.292s] INFO:colcon.colcon_core.plugin_system:Skipping extension 'colcon_notification.desktop_notification.terminal_notifier': Not used on non-Darwin systems
[0.292s] INFO:colcon.colcon_core.plugin_system:Skipping extension 'colcon_notification.desktop_notification.win32': Not used on non-Windows systems
[0.292s] INFO:colcon.colcon_notification.desktop_notification:Sending desktop notification using 'notify2'
[0.293s] DEBUG:colcon.colcon_notification.desktop_notification.notify2:Failed to initialize notify2: org.freedesktop.DBus.Error.Spawn.ExecFailed: /usr/bin/dbus-launch terminated abnormally without any error message
[0.293s] DEBUG:colcon.colcon_core.event_reactor:joined thread
[0.294s] INFO:colcon.colcon_core.shell:Creating prefix script '/home/open/work/robot_arm/src/install/local_setup.ps1'
[0.294s] INFO:colcon.colcon_core.shell:Creating prefix util module '/home/open/work/robot_arm/src/install/_local_setup_util_ps1.py'
[0.295s] INFO:colcon.colcon_core.shell:Creating prefix chain script '/home/open/work/robot_arm/src/install/setup.ps1'
[0.296s] INFO:colcon.colcon_core.shell:Creating prefix script '/home/open/work/robot_arm/src/install/local_setup.sh'
[0.296s] INFO:colcon.colcon_core.shell:Creating prefix util module '/home/open/work/robot_arm/src/install/_local_setup_util_sh.py'
[0.297s] INFO:colcon.colcon_core.shell:Creating prefix chain script '/home/open/work/robot_arm/src/install/setup.sh'
[0.297s] INFO:colcon.colcon_core.shell:Creating prefix script '/home/open/work/robot_arm/src/install/local_setup.bash'
[0.298s] INFO:colcon.colcon_core.shell:Creating prefix chain script '/home/open/work/robot_arm/src/install/setup.bash'
[0.298s] INFO:colcon.colcon_core.shell:Creating prefix script '/home/open/work/robot_arm/src/install/local_setup.zsh'
[0.298s] INFO:colcon.colcon_core.shell:Creating prefix chain script '/home/open/work/robot_arm/src/install/setup.zsh'
