[0.022s] Invoking command in '/home/open/work/build/arm_control': CMAKE_PREFIX_PATH=${CMAKE_PREFIX_PATH}:/home/open/work/install/realsense:/home/open/work/install/core:/opt/ros/humble /usr/bin/cmake --build /home/open/work/build/arm_control -- -j16 -l16
[0.516s] Invoked command in '/home/open/work/build/arm_control' returned '0': CMAKE_PREFIX_PATH=${CMAKE_PREFIX_PATH}:/home/open/work/install/realsense:/home/open/work/install/core:/opt/ros/humble /usr/bin/cmake --build /home/open/work/build/arm_control -- -j16 -l16
[0.526s] Invoking command in '/home/open/work/build/arm_control': CMAKE_PREFIX_PATH=${CMAKE_PREFIX_PATH}:/home/open/work/install/realsense:/home/open/work/install/core:/opt/ros/humble /usr/bin/cmake --install /home/open/work/build/arm_control
[0.538s] -- Install configuration: ""
[0.539s] -- Up-to-date: /home/open/work/install/arm_control/share/arm_control/meshes
[0.539s] -- Up-to-date: /home/open/work/install/arm_control/share/arm_control/meshes/link_5_1.stl
[0.540s] -- Up-to-date: /home/open/work/install/arm_control/share/arm_control/meshes/link_2_1.stl
[0.540s] -- Up-to-date: /home/open/work/install/arm_control/share/arm_control/meshes/link_3_1.stl
[0.540s] -- Up-to-date: /home/open/work/install/arm_control/share/arm_control/meshes/Claw_base_1.stl
[0.540s] -- Up-to-date: /home/open/work/install/arm_control/share/arm_control/meshes/Camera_1.stl
[0.540s] -- Up-to-date: /home/open/work/install/arm_control/share/arm_control/meshes/link_1_1.stl
[0.540s] -- Up-to-date: /home/open/work/install/arm_control/share/arm_control/meshes/link_4_1.stl
[0.540s] -- Up-to-date: /home/open/work/install/arm_control/share/arm_control/meshes/Claw_2_1.stl
[0.540s] -- Up-to-date: /home/open/work/install/arm_control/share/arm_control/meshes/Claw_1_1.stl
[0.540s] -- Up-to-date: /home/open/work/install/arm_control/share/arm_control/meshes/base_link.stl
[0.541s] -- Up-to-date: /home/open/work/install/arm_control/share/arm_control/urdf
[0.541s] -- Up-to-date: /home/open/work/install/arm_control/share/arm_control/urdf/smw_g02_camera_urdf.xacro
[0.541s] -- Up-to-date: /home/open/work/install/arm_control/share/arm_control/urdf/smw_g02_camera_urdf.trans.trans
[0.541s] -- Up-to-date: /home/open/work/install/arm_control/share/arm_control/urdf/materials.xacro
[0.541s] -- Up-to-date: /home/open/work/install/arm_control/share/arm_control/urdf/smw_g02_camera_urdf.gazebo
[0.541s] -- Up-to-date: /home/open/work/install/arm_control/share/arm_control/urdf/myarm_urdf.xacro
[0.541s] -- Up-to-date: /home/open/work/install/arm_control/share/ament_index/resource_index/package_run_dependencies/arm_control
[0.541s] -- Up-to-date: /home/open/work/install/arm_control/share/ament_index/resource_index/parent_prefix_path/arm_control
[0.541s] -- Up-to-date: /home/open/work/install/arm_control/share/arm_control/environment/ament_prefix_path.sh
[0.542s] -- Up-to-date: /home/open/work/install/arm_control/share/arm_control/environment/ament_prefix_path.dsv
[0.542s] -- Up-to-date: /home/open/work/install/arm_control/share/arm_control/environment/path.sh
[0.542s] -- Up-to-date: /home/open/work/install/arm_control/share/arm_control/environment/path.dsv
[0.542s] -- Up-to-date: /home/open/work/install/arm_control/share/arm_control/local_setup.bash
[0.542s] -- Up-to-date: /home/open/work/install/arm_control/share/arm_control/local_setup.sh
[0.542s] -- Up-to-date: /home/open/work/install/arm_control/share/arm_control/local_setup.zsh
[0.542s] -- Up-to-date: /home/open/work/install/arm_control/share/arm_control/local_setup.dsv
[0.542s] -- Installing: /home/open/work/install/arm_control/share/arm_control/package.dsv
[0.542s] -- Up-to-date: /home/open/work/install/arm_control/share/ament_index/resource_index/packages/arm_control
[0.543s] -- Up-to-date: /home/open/work/install/arm_control/share/arm_control/cmake/arm_controlConfig.cmake
[0.543s] -- Up-to-date: /home/open/work/install/arm_control/share/arm_control/cmake/arm_controlConfig-version.cmake
[0.543s] -- Up-to-date: /home/open/work/install/arm_control/share/arm_control/package.xml
[0.579s] Invoked command in '/home/open/work/build/arm_control' returned '0': CMAKE_PREFIX_PATH=${CMAKE_PREFIX_PATH}:/home/open/work/install/realsense:/home/open/work/install/core:/opt/ros/humble /usr/bin/cmake --install /home/open/work/build/arm_control
