[0.347s] Invoking command in '/home/open/work/build/small_arm_moveit_cpp': CMAKE_PREFIX_PATH=${CMAKE_PREFIX_PATH}:/home/open/work/install/realsense:/home/open/work/install/python_moveit2:/home/open/work/install/core:/opt/ros/humble /usr/bin/cmake --build /home/open/work/build/small_arm_moveit_cpp -- -j16 -l16
[0.376s] [35m[1mConsolidate compiler generated dependencies of target auto_pose_goal[0m
[0.376s] [35m[1mConsolidate compiler generated dependencies of target eye_hand_pose[0m
[0.376s] [35m[1mConsolidate compiler generated dependencies of target named_goal[0m
[0.376s] [35m[1mConsolidate compiler generated dependencies of target gripper_joint_value[0m
[0.377s] [35m[1mConsolidate compiler generated dependencies of target ee_pose_in_base[0m
[0.393s] [ 20%] Built target ee_pose_in_base
[0.393s] [ 50%] Built target named_goal
[0.393s] [ 60%] Built target auto_pose_goal
[0.393s] [ 80%] Built target eye_hand_pose
[0.396s] [100%] Built target gripper_joint_value
[0.402s] Invoked command in '/home/open/work/build/small_arm_moveit_cpp' returned '0': CMAKE_PREFIX_PATH=${CMAKE_PREFIX_PATH}:/home/open/work/install/realsense:/home/open/work/install/python_moveit2:/home/open/work/install/core:/opt/ros/humble /usr/bin/cmake --build /home/open/work/build/small_arm_moveit_cpp -- -j16 -l16
[0.403s] Invoking command in '/home/open/work/build/small_arm_moveit_cpp': CMAKE_PREFIX_PATH=${CMAKE_PREFIX_PATH}:/home/open/work/install/realsense:/home/open/work/install/python_moveit2:/home/open/work/install/core:/opt/ros/humble /usr/bin/cmake --install /home/open/work/build/small_arm_moveit_cpp
[0.409s] -- Install configuration: ""
[0.409s] -- Up-to-date: /home/open/work/install/small_arm_moveit_cpp/lib/small_arm_moveit_cpp/named_goal
[0.409s] -- Up-to-date: /home/open/work/install/small_arm_moveit_cpp/lib/small_arm_moveit_cpp/ee_pose_in_base
[0.409s] -- Up-to-date: /home/open/work/install/small_arm_moveit_cpp/lib/small_arm_moveit_cpp/eye_hand_pose
[0.409s] -- Up-to-date: /home/open/work/install/small_arm_moveit_cpp/lib/small_arm_moveit_cpp/auto_pose_goal
[0.409s] -- Up-to-date: /home/open/work/install/small_arm_moveit_cpp/lib/small_arm_moveit_cpp/gripper_joint_value
[0.409s] -- Up-to-date: /home/open/work/install/small_arm_moveit_cpp/share/small_arm_moveit_cpp/launch
[0.410s] -- Up-to-date: /home/open/work/install/small_arm_moveit_cpp/share/small_arm_moveit_cpp/launch/motion_planning.launch.py
[0.410s] -- Up-to-date: /home/open/work/install/small_arm_moveit_cpp/share/small_arm_moveit_cpp/config
[0.410s] -- Up-to-date: /home/open/work/install/small_arm_moveit_cpp/share/small_arm_moveit_cpp/config/moveit_cpp.yaml
[0.410s] -- Up-to-date: /home/open/work/install/small_arm_moveit_cpp/share/ament_index/resource_index/package_run_dependencies/small_arm_moveit_cpp
[0.410s] -- Up-to-date: /home/open/work/install/small_arm_moveit_cpp/share/ament_index/resource_index/parent_prefix_path/small_arm_moveit_cpp
[0.410s] -- Up-to-date: /home/open/work/install/small_arm_moveit_cpp/share/small_arm_moveit_cpp/environment/ament_prefix_path.sh
[0.410s] -- Up-to-date: /home/open/work/install/small_arm_moveit_cpp/share/small_arm_moveit_cpp/environment/ament_prefix_path.dsv
[0.410s] -- Up-to-date: /home/open/work/install/small_arm_moveit_cpp/share/small_arm_moveit_cpp/environment/path.sh
[0.410s] -- Up-to-date: /home/open/work/install/small_arm_moveit_cpp/share/small_arm_moveit_cpp/environment/path.dsv
[0.410s] -- Up-to-date: /home/open/work/install/small_arm_moveit_cpp/share/small_arm_moveit_cpp/local_setup.bash
[0.410s] -- Up-to-date: /home/open/work/install/small_arm_moveit_cpp/share/small_arm_moveit_cpp/local_setup.sh
[0.410s] -- Up-to-date: /home/open/work/install/small_arm_moveit_cpp/share/small_arm_moveit_cpp/local_setup.zsh
[0.411s] -- Up-to-date: /home/open/work/install/small_arm_moveit_cpp/share/small_arm_moveit_cpp/local_setup.dsv
[0.411s] -- Installing: /home/open/work/install/small_arm_moveit_cpp/share/small_arm_moveit_cpp/package.dsv
[0.411s] -- Up-to-date: /home/open/work/install/small_arm_moveit_cpp/share/ament_index/resource_index/packages/small_arm_moveit_cpp
[0.411s] -- Up-to-date: /home/open/work/install/small_arm_moveit_cpp/share/small_arm_moveit_cpp/cmake/small_arm_moveit_cppConfig.cmake
[0.411s] -- Up-to-date: /home/open/work/install/small_arm_moveit_cpp/share/small_arm_moveit_cpp/cmake/small_arm_moveit_cppConfig-version.cmake
[0.411s] -- Up-to-date: /home/open/work/install/small_arm_moveit_cpp/share/small_arm_moveit_cpp/package.xml
[0.413s] Invoked command in '/home/open/work/build/small_arm_moveit_cpp' returned '0': CMAKE_PREFIX_PATH=${CMAKE_PREFIX_PATH}:/home/open/work/install/realsense:/home/open/work/install/python_moveit2:/home/open/work/install/core:/opt/ros/humble /usr/bin/cmake --install /home/open/work/build/small_arm_moveit_cpp
