/home/open/work/install/realsense/lib/python3.10/site-packages/realsense/box_edge_detect.py
/home/open/work/install/realsense/lib/python3.10/site-packages/realsense/color_range.py
/home/open/work/install/realsense/lib/python3.10/site-packages/realsense/paddleorc.py
/home/open/work/install/realsense/lib/python3.10/site-packages/realsense/color_detect.py
/home/open/work/install/realsense/lib/python3.10/site-packages/realsense/interface.py
/home/open/work/install/realsense/lib/python3.10/site-packages/realsense/__init__.py
/home/open/work/install/realsense/lib/python3.10/site-packages/realsense/2d_plane.py
/home/open/work/install/realsense/lib/python3.10/site-packages/realsense/depth_calculate.py
/home/open/work/install/realsense/lib/python3.10/site-packages/realsense/visiual.py
/home/open/work/install/realsense/lib/python3.10/site-packages/realsense/interface_robot.py
/home/open/work/install/realsense/lib/python3.10/site-packages/realsense/realsense_read.py
/home/open/work/install/realsense/lib/python3.10/site-packages/realsense/__pycache__/box_edge_detect.cpython-310.pyc
/home/open/work/install/realsense/lib/python3.10/site-packages/realsense/__pycache__/color_range.cpython-310.pyc
/home/open/work/install/realsense/lib/python3.10/site-packages/realsense/__pycache__/paddleorc.cpython-310.pyc
/home/open/work/install/realsense/lib/python3.10/site-packages/realsense/__pycache__/color_detect.cpython-310.pyc
/home/open/work/install/realsense/lib/python3.10/site-packages/realsense/__pycache__/interface.cpython-310.pyc
/home/open/work/install/realsense/lib/python3.10/site-packages/realsense/__pycache__/__init__.cpython-310.pyc
/home/open/work/install/realsense/lib/python3.10/site-packages/realsense/__pycache__/2d_plane.cpython-310.pyc
/home/open/work/install/realsense/lib/python3.10/site-packages/realsense/__pycache__/depth_calculate.cpython-310.pyc
/home/open/work/install/realsense/lib/python3.10/site-packages/realsense/__pycache__/visiual.cpython-310.pyc
/home/open/work/install/realsense/lib/python3.10/site-packages/realsense/__pycache__/interface_robot.cpython-310.pyc
/home/open/work/install/realsense/lib/python3.10/site-packages/realsense/__pycache__/realsense_read.cpython-310.pyc
/home/open/work/install/realsense/share/ament_index/resource_index/packages/realsense
/home/open/work/install/realsense/share/realsense/package.xml
/home/open/work/install/realsense/share/realsense/launch/visual_launch.py
/home/open/work/install/realsense/lib/python3.10/site-packages/realsense-0.0.1-py3.10.egg-info/requires.txt
/home/open/work/install/realsense/lib/python3.10/site-packages/realsense-0.0.1-py3.10.egg-info/zip-safe
/home/open/work/install/realsense/lib/python3.10/site-packages/realsense-0.0.1-py3.10.egg-info/PKG-INFO
/home/open/work/install/realsense/lib/python3.10/site-packages/realsense-0.0.1-py3.10.egg-info/entry_points.txt
/home/open/work/install/realsense/lib/python3.10/site-packages/realsense-0.0.1-py3.10.egg-info/top_level.txt
/home/open/work/install/realsense/lib/python3.10/site-packages/realsense-0.0.1-py3.10.egg-info/dependency_links.txt
/home/open/work/install/realsense/lib/python3.10/site-packages/realsense-0.0.1-py3.10.egg-info/SOURCES.txt
/home/open/work/install/realsense/lib/realsense/2d_plane
/home/open/work/install/realsense/lib/realsense/box_edge_detect
/home/open/work/install/realsense/lib/realsense/color_detect
/home/open/work/install/realsense/lib/realsense/color_range
/home/open/work/install/realsense/lib/realsense/depth_calculate
/home/open/work/install/realsense/lib/realsense/paddleorc
/home/open/work/install/realsense/lib/realsense/realsense_read
/home/open/work/install/realsense/lib/realsense/visual
/home/open/work/install/realsense/lib/realsense/yolo_number_detect
