[0.007s] Invoking command in '/home/open/work/robot_arm/src/build/arm_control': CMAKE_PREFIX_PATH=${CMAKE_PREFIX_PATH}:/opt/ros/humble /usr/bin/cmake --build /home/open/work/robot_arm/src/build/arm_control -- -j16 -l16
[0.030s] Invoked command in '/home/open/work/robot_arm/src/build/arm_control' returned '0': CMAKE_PREFIX_PATH=${CMAKE_PREFIX_PATH}:/opt/ros/humble /usr/bin/cmake --build /home/open/work/robot_arm/src/build/arm_control -- -j16 -l16
[0.038s] Invoking command in '/home/open/work/robot_arm/src/build/arm_control': CMAKE_PREFIX_PATH=${CMAKE_PREFIX_PATH}:/opt/ros/humble /usr/bin/cmake --install /home/open/work/robot_arm/src/build/arm_control
[0.044s] -- Install configuration: ""
[0.044s] -- Up-to-date: /home/open/work/robot_arm/src/install/arm_control/share/arm_control/meshes
[0.044s] -- Up-to-date: /home/open/work/robot_arm/src/install/arm_control/share/arm_control/meshes/link_5_1.stl
[0.044s] -- Up-to-date: /home/open/work/robot_arm/src/install/arm_control/share/arm_control/meshes/link_2_1.stl
[0.044s] -- Up-to-date: /home/open/work/robot_arm/src/install/arm_control/share/arm_control/meshes/link_3_1.stl
[0.044s] -- Up-to-date: /home/open/work/robot_arm/src/install/arm_control/share/arm_control/meshes/Claw_base_1.stl
[0.044s] -- Up-to-date: /home/open/work/robot_arm/src/install/arm_control/share/arm_control/meshes/Camera_1.stl
[0.044s] -- Up-to-date: /home/open/work/robot_arm/src/install/arm_control/share/arm_control/meshes/link_1_1.stl
[0.044s] -- Up-to-date: /home/open/work/robot_arm/src/install/arm_control/share/arm_control/meshes/link_4_1.stl
[0.044s] -- Up-to-date: /home/open/work/robot_arm/src/install/arm_control/share/arm_control/meshes/Claw_2_1.stl
[0.044s] -- Up-to-date: /home/open/work/robot_arm/src/install/arm_control/share/arm_control/meshes/Claw_1_1.stl
[0.044s] -- Up-to-date: /home/open/work/robot_arm/src/install/arm_control/share/arm_control/meshes/base_link.stl
[0.044s] -- Up-to-date: /home/open/work/robot_arm/src/install/arm_control/share/arm_control/urdf
[0.044s] -- Up-to-date: /home/open/work/robot_arm/src/install/arm_control/share/arm_control/urdf/smw_g02_camera_urdf.xacro
[0.045s] -- Up-to-date: /home/open/work/robot_arm/src/install/arm_control/share/arm_control/urdf/smw_g02_camera_urdf.trans.trans
[0.045s] -- Up-to-date: /home/open/work/robot_arm/src/install/arm_control/share/arm_control/urdf/materials.xacro
[0.045s] -- Up-to-date: /home/open/work/robot_arm/src/install/arm_control/share/arm_control/urdf/smw_g02_camera_urdf.gazebo
[0.045s] -- Up-to-date: /home/open/work/robot_arm/src/install/arm_control/share/arm_control/urdf/myarm_urdf.xacro
[0.045s] -- Up-to-date: /home/open/work/robot_arm/src/install/arm_control/share/ament_index/resource_index/package_run_dependencies/arm_control
[0.045s] -- Up-to-date: /home/open/work/robot_arm/src/install/arm_control/share/ament_index/resource_index/parent_prefix_path/arm_control
[0.045s] -- Up-to-date: /home/open/work/robot_arm/src/install/arm_control/share/arm_control/environment/ament_prefix_path.sh
[0.045s] -- Up-to-date: /home/open/work/robot_arm/src/install/arm_control/share/arm_control/environment/ament_prefix_path.dsv
[0.045s] -- Up-to-date: /home/open/work/robot_arm/src/install/arm_control/share/arm_control/environment/path.sh
[0.045s] -- Up-to-date: /home/open/work/robot_arm/src/install/arm_control/share/arm_control/environment/path.dsv
[0.045s] -- Up-to-date: /home/open/work/robot_arm/src/install/arm_control/share/arm_control/local_setup.bash
[0.045s] -- Up-to-date: /home/open/work/robot_arm/src/install/arm_control/share/arm_control/local_setup.sh
[0.045s] -- Up-to-date: /home/open/work/robot_arm/src/install/arm_control/share/arm_control/local_setup.zsh
[0.045s] -- Up-to-date: /home/open/work/robot_arm/src/install/arm_control/share/arm_control/local_setup.dsv
[0.046s] -- Installing: /home/open/work/robot_arm/src/install/arm_control/share/arm_control/package.dsv
[0.046s] -- Up-to-date: /home/open/work/robot_arm/src/install/arm_control/share/ament_index/resource_index/packages/arm_control
[0.046s] -- Up-to-date: /home/open/work/robot_arm/src/install/arm_control/share/arm_control/cmake/arm_controlConfig.cmake
[0.046s] -- Up-to-date: /home/open/work/robot_arm/src/install/arm_control/share/arm_control/cmake/arm_controlConfig-version.cmake
[0.046s] -- Up-to-date: /home/open/work/robot_arm/src/install/arm_control/share/arm_control/package.xml
[0.046s] Invoked command in '/home/open/work/robot_arm/src/build/arm_control' returned '0': CMAKE_PREFIX_PATH=${CMAKE_PREFIX_PATH}:/opt/ros/humble /usr/bin/cmake --install /home/open/work/robot_arm/src/build/arm_control
