[0.014s] Invoking command in '/home/open/work/build/small_arm_moveit_config': CMAKE_PREFIX_PATH=/home/open/work/install/small_arm_description:/home/open/work/install/dynamixel_hardware:/home/open/work/install/dynamixel_workbench_toolbox:/home/open/work/install/small_arm_moveit_cpp:/home/open/work/install/small_arm_moveit_config:/home/open/work/install/moviet:/home/open/work/install/dynamixel_workbench:/home/open/work/install/dynamixel_workbench_msgs:/home/open/work/install/arm_control:/home/open/work/install/realsense:/home/open/work/install/python_moveit2:/home/open/work/install/core:/opt/ros/humble /usr/bin/cmake /home/open/work/motor_control/src/tb4_arm_ros2/small_arm_moveit_config -DCMAKE_INSTALL_PREFIX=/home/open/work/install/small_arm_moveit_config
[0.074s] -- The C compiler identification is GNU 11.4.0
[0.134s] -- The CXX compiler identification is GNU 11.4.0
[0.142s] -- Detecting C compiler ABI info
[0.221s] -- Detecting C compiler ABI info - done
[0.235s] -- Check for working C compiler: /usr/bin/cc - skipped
[0.236s] -- Detecting C compile features
[0.236s] -- Detecting C compile features - done
[0.242s] -- Detecting CXX compiler ABI info
[0.337s] -- Detecting CXX compiler ABI info - done
[0.345s] -- Check for working CXX compiler: /usr/bin/c++ - skipped
[0.345s] -- Detecting CXX compile features
[0.346s] -- Detecting CXX compile features - done
[0.350s] -- Found ament_cmake: 1.3.11 (/opt/ros/humble/share/ament_cmake/cmake)
[0.527s] -- Found Python3: /usr/bin/python3 (found version "3.10.12") found components: Interpreter 
[0.730s] -- Configuring done
[0.733s] -- Generating done
[0.735s] -- Build files have been written to: /home/open/work/build/small_arm_moveit_config
[0.741s] Invoked command in '/home/open/work/build/small_arm_moveit_config' returned '0': CMAKE_PREFIX_PATH=/home/open/work/install/small_arm_description:/home/open/work/install/dynamixel_hardware:/home/open/work/install/dynamixel_workbench_toolbox:/home/open/work/install/small_arm_moveit_cpp:/home/open/work/install/small_arm_moveit_config:/home/open/work/install/moviet:/home/open/work/install/dynamixel_workbench:/home/open/work/install/dynamixel_workbench_msgs:/home/open/work/install/arm_control:/home/open/work/install/realsense:/home/open/work/install/python_moveit2:/home/open/work/install/core:/opt/ros/humble /usr/bin/cmake /home/open/work/motor_control/src/tb4_arm_ros2/small_arm_moveit_config -DCMAKE_INSTALL_PREFIX=/home/open/work/install/small_arm_moveit_config
[0.743s] Invoking command in '/home/open/work/build/small_arm_moveit_config': CMAKE_PREFIX_PATH=/home/open/work/install/small_arm_description:/home/open/work/install/dynamixel_hardware:/home/open/work/install/dynamixel_workbench_toolbox:/home/open/work/install/small_arm_moveit_cpp:/home/open/work/install/small_arm_moveit_config:/home/open/work/install/moviet:/home/open/work/install/dynamixel_workbench:/home/open/work/install/dynamixel_workbench_msgs:/home/open/work/install/arm_control:/home/open/work/install/realsense:/home/open/work/install/python_moveit2:/home/open/work/install/core:/opt/ros/humble /usr/bin/cmake --build /home/open/work/build/small_arm_moveit_config -- -j16 -l16
[0.785s] Invoked command in '/home/open/work/build/small_arm_moveit_config' returned '0': CMAKE_PREFIX_PATH=/home/open/work/install/small_arm_description:/home/open/work/install/dynamixel_hardware:/home/open/work/install/dynamixel_workbench_toolbox:/home/open/work/install/small_arm_moveit_cpp:/home/open/work/install/small_arm_moveit_config:/home/open/work/install/moviet:/home/open/work/install/dynamixel_workbench:/home/open/work/install/dynamixel_workbench_msgs:/home/open/work/install/arm_control:/home/open/work/install/realsense:/home/open/work/install/python_moveit2:/home/open/work/install/core:/opt/ros/humble /usr/bin/cmake --build /home/open/work/build/small_arm_moveit_config -- -j16 -l16
[0.787s] Invoking command in '/home/open/work/build/small_arm_moveit_config': CMAKE_PREFIX_PATH=/home/open/work/install/small_arm_description:/home/open/work/install/dynamixel_hardware:/home/open/work/install/dynamixel_workbench_toolbox:/home/open/work/install/small_arm_moveit_cpp:/home/open/work/install/small_arm_moveit_config:/home/open/work/install/moviet:/home/open/work/install/dynamixel_workbench:/home/open/work/install/dynamixel_workbench_msgs:/home/open/work/install/arm_control:/home/open/work/install/realsense:/home/open/work/install/python_moveit2:/home/open/work/install/core:/opt/ros/humble /usr/bin/cmake --install /home/open/work/build/small_arm_moveit_config
[0.795s] -- Install configuration: ""
[0.796s] -- Installing: /home/open/work/install/small_arm_moveit_config/share/ament_index/resource_index/package_run_dependencies/small_arm_moveit_config
[0.796s] -- Installing: /home/open/work/install/small_arm_moveit_config/share/ament_index/resource_index/parent_prefix_path/small_arm_moveit_config
[0.796s] -- Installing: /home/open/work/install/small_arm_moveit_config/share/small_arm_moveit_config/environment/ament_prefix_path.sh
[0.796s] -- Installing: /home/open/work/install/small_arm_moveit_config/share/small_arm_moveit_config/environment/ament_prefix_path.dsv
[0.796s] -- Installing: /home/open/work/install/small_arm_moveit_config/share/small_arm_moveit_config/environment/path.sh
[0.796s] -- Installing: /home/open/work/install/small_arm_moveit_config/share/small_arm_moveit_config/environment/path.dsv
[0.796s] -- Installing: /home/open/work/install/small_arm_moveit_config/share/small_arm_moveit_config/local_setup.bash
[0.796s] -- Installing: /home/open/work/install/small_arm_moveit_config/share/small_arm_moveit_config/local_setup.sh
[0.797s] -- Installing: /home/open/work/install/small_arm_moveit_config/share/small_arm_moveit_config/local_setup.zsh
[0.797s] -- Installing: /home/open/work/install/small_arm_moveit_config/share/small_arm_moveit_config/local_setup.dsv
[0.797s] -- Installing: /home/open/work/install/small_arm_moveit_config/share/small_arm_moveit_config/package.dsv
[0.797s] -- Installing: /home/open/work/install/small_arm_moveit_config/share/ament_index/resource_index/packages/small_arm_moveit_config
[0.797s] -- Installing: /home/open/work/install/small_arm_moveit_config/share/small_arm_moveit_config/cmake/small_arm_moveit_configConfig.cmake
[0.797s] -- Installing: /home/open/work/install/small_arm_moveit_config/share/small_arm_moveit_config/cmake/small_arm_moveit_configConfig-version.cmake
[0.797s] -- Installing: /home/open/work/install/small_arm_moveit_config/share/small_arm_moveit_config/package.xml
[0.797s] -- Installing: /home/open/work/install/small_arm_moveit_config/share/small_arm_moveit_config/launch
[0.797s] -- Installing: /home/open/work/install/small_arm_moveit_config/share/small_arm_moveit_config/launch/moveit_rviz.launch.py
[0.798s] -- Installing: /home/open/work/install/small_arm_moveit_config/share/small_arm_moveit_config/launch/rsp.launch.py
[0.798s] -- Installing: /home/open/work/install/small_arm_moveit_config/share/small_arm_moveit_config/launch/spawn_controllers.launch.py
[0.798s] -- Installing: /home/open/work/install/small_arm_moveit_config/share/small_arm_moveit_config/launch/move_group.launch.py
[0.798s] -- Installing: /home/open/work/install/small_arm_moveit_config/share/small_arm_moveit_config/launch/warehouse_db.launch.py
[0.798s] -- Installing: /home/open/work/install/small_arm_moveit_config/share/small_arm_moveit_config/launch/demo.launch.py
[0.798s] -- Installing: /home/open/work/install/small_arm_moveit_config/share/small_arm_moveit_config/launch/setup_assistant.launch.py
[0.798s] -- Installing: /home/open/work/install/small_arm_moveit_config/share/small_arm_moveit_config/launch/real_demo.launch.py
[0.798s] -- Installing: /home/open/work/install/small_arm_moveit_config/share/small_arm_moveit_config/launch/static_virtual_joint_tfs.launch.py
[0.798s] -- Installing: /home/open/work/install/small_arm_moveit_config/share/small_arm_moveit_config/config
[0.799s] -- Installing: /home/open/work/install/small_arm_moveit_config/share/small_arm_moveit_config/config/moveit_controllers.yaml
[0.799s] -- Installing: /home/open/work/install/small_arm_moveit_config/share/small_arm_moveit_config/config/small_arm.srdf
[0.799s] -- Installing: /home/open/work/install/small_arm_moveit_config/share/small_arm_moveit_config/config/pilz_cartesian_limits.yaml
[0.799s] -- Installing: /home/open/work/install/small_arm_moveit_config/share/small_arm_moveit_config/config/initial_positions.yaml
[0.799s] -- Installing: /home/open/work/install/small_arm_moveit_config/share/small_arm_moveit_config/config/moveit.rviz
[0.799s] -- Installing: /home/open/work/install/small_arm_moveit_config/share/small_arm_moveit_config/config/sensors_3d.yaml
[0.799s] -- Installing: /home/open/work/install/small_arm_moveit_config/share/small_arm_moveit_config/config/small_arm.ros2_control.xacro
[0.799s] -- Installing: /home/open/work/install/small_arm_moveit_config/share/small_arm_moveit_config/config/ros2_controllers.yaml
[0.799s] -- Installing: /home/open/work/install/small_arm_moveit_config/share/small_arm_moveit_config/config/kinematics.yaml
[0.799s] -- Installing: /home/open/work/install/small_arm_moveit_config/share/small_arm_moveit_config/config/small_arm.urdf.xacro
[0.800s] -- Installing: /home/open/work/install/small_arm_moveit_config/share/small_arm_moveit_config/config/joint_limits.yaml
[0.800s] -- Installing: /home/open/work/install/small_arm_moveit_config/share/small_arm_moveit_config/.setup_assistant
[0.803s] Invoked command in '/home/open/work/build/small_arm_moveit_config' returned '0': CMAKE_PREFIX_PATH=/home/open/work/install/small_arm_description:/home/open/work/install/dynamixel_hardware:/home/open/work/install/dynamixel_workbench_toolbox:/home/open/work/install/small_arm_moveit_cpp:/home/open/work/install/small_arm_moveit_config:/home/open/work/install/moviet:/home/open/work/install/dynamixel_workbench:/home/open/work/install/dynamixel_workbench_msgs:/home/open/work/install/arm_control:/home/open/work/install/realsense:/home/open/work/install/python_moveit2:/home/open/work/install/core:/opt/ros/humble /usr/bin/cmake --install /home/open/work/build/small_arm_moveit_config
