[1.268s] Invoking command in '/home/open/work/motor_control/src/tb4_arm_ros2/python_moveit2': PYTHONPATH=/home/open/work/build/python_moveit2/prefix_override:/usr/lib/python3/dist-packages/colcon_core/task/python/colcon_distutils_commands:/home/open/work/install/python_moveit2/lib/python3.10/site-packages:${PYTHONPATH} /usr/bin/python3 -W ignore:setup.py install is deprecated -W ignore:easy_install command is deprecated setup.py egg_info --egg-base ../../../../build/python_moveit2 build --build-base /home/open/work/build/python_moveit2/build install --record /home/open/work/build/python_moveit2/install.log --single-version-externally-managed install_data
[1.543s] running egg_info
[1.544s] writing ../../../../build/python_moveit2/python_moveit2.egg-info/PKG-INFO
[1.544s] writing dependency_links to ../../../../build/python_moveit2/python_moveit2.egg-info/dependency_links.txt
[1.544s] writing entry points to ../../../../build/python_moveit2/python_moveit2.egg-info/entry_points.txt
[1.544s] writing requirements to ../../../../build/python_moveit2/python_moveit2.egg-info/requires.txt
[1.544s] writing top-level names to ../../../../build/python_moveit2/python_moveit2.egg-info/top_level.txt
[1.546s] reading manifest file '../../../../build/python_moveit2/python_moveit2.egg-info/SOURCES.txt'
[1.547s] writing manifest file '../../../../build/python_moveit2/python_moveit2.egg-info/SOURCES.txt'
[1.547s] running build
[1.547s] running build_py
[1.547s] running install
[1.548s] running install_lib
[1.549s] running install_data
[1.549s] running install_egg_info
[1.553s] removing '/home/open/work/install/python_moveit2/lib/python3.10/site-packages/python_moveit2-0.0.0-py3.10.egg-info' (and everything under it)
[1.553s] Copying ../../../../build/python_moveit2/python_moveit2.egg-info to /home/open/work/install/python_moveit2/lib/python3.10/site-packages/python_moveit2-0.0.0-py3.10.egg-info
[1.554s] running install_scripts
[1.575s] writing list of installed files to '/home/open/work/build/python_moveit2/install.log'
[1.603s] Invoked command in '/home/open/work/motor_control/src/tb4_arm_ros2/python_moveit2' returned '0': PYTHONPATH=/home/open/work/build/python_moveit2/prefix_override:/usr/lib/python3/dist-packages/colcon_core/task/python/colcon_distutils_commands:/home/open/work/install/python_moveit2/lib/python3.10/site-packages:${PYTHONPATH} /usr/bin/python3 -W ignore:setup.py install is deprecated -W ignore:easy_install command is deprecated setup.py egg_info --egg-base ../../../../build/python_moveit2 build --build-base /home/open/work/build/python_moveit2/build install --record /home/open/work/build/python_moveit2/install.log --single-version-externally-managed install_data
