running egg_info
creating ../../../build/realsense/realsense.egg-info
writing ../../../build/realsense/realsense.egg-info/PKG-INFO
writing dependency_links to ../../../build/realsense/realsense.egg-info/dependency_links.txt
writing entry points to ../../../build/realsense/realsense.egg-info/entry_points.txt
writing requirements to ../../../build/realsense/realsense.egg-info/requires.txt
writing top-level names to ../../../build/realsense/realsense.egg-info/top_level.txt
writing manifest file '../../../build/realsense/realsense.egg-info/SOURCES.txt'
reading manifest file '../../../build/realsense/realsense.egg-info/SOURCES.txt'
writing manifest file '../../../build/realsense/realsense.egg-info/SOURCES.txt'
running build
running build_py
creating /home/open/work/build/realsense/build
creating /home/open/work/build/realsense/build/lib
creating /home/open/work/build/realsense/build/lib/realsense
copying realsense/box_edge_detect.py -> /home/open/work/build/realsense/build/lib/realsense
copying realsense/color_range.py -> /home/open/work/build/realsense/build/lib/realsense
copying realsense/paddleorc.py -> /home/open/work/build/realsense/build/lib/realsense
copying realsense/color_detect.py -> /home/open/work/build/realsense/build/lib/realsense
copying realsense/interface.py -> /home/open/work/build/realsense/build/lib/realsense
copying realsense/__init__.py -> /home/open/work/build/realsense/build/lib/realsense
copying realsense/2d_plane.py -> /home/open/work/build/realsense/build/lib/realsense
copying realsense/depth_calculate.py -> /home/open/work/build/realsense/build/lib/realsense
copying realsense/visiual.py -> /home/open/work/build/realsense/build/lib/realsense
copying realsense/interface_robot.py -> /home/open/work/build/realsense/build/lib/realsense
copying realsense/realsense_read.py -> /home/open/work/build/realsense/build/lib/realsense
running install
running install_lib
creating /home/open/work/install/realsense/lib/python3.10/site-packages/realsense
copying /home/open/work/build/realsense/build/lib/realsense/box_edge_detect.py -> /home/open/work/install/realsense/lib/python3.10/site-packages/realsense
copying /home/open/work/build/realsense/build/lib/realsense/color_range.py -> /home/open/work/install/realsense/lib/python3.10/site-packages/realsense
copying /home/open/work/build/realsense/build/lib/realsense/paddleorc.py -> /home/open/work/install/realsense/lib/python3.10/site-packages/realsense
copying /home/open/work/build/realsense/build/lib/realsense/color_detect.py -> /home/open/work/install/realsense/lib/python3.10/site-packages/realsense
copying /home/open/work/build/realsense/build/lib/realsense/interface.py -> /home/open/work/install/realsense/lib/python3.10/site-packages/realsense
copying /home/open/work/build/realsense/build/lib/realsense/__init__.py -> /home/open/work/install/realsense/lib/python3.10/site-packages/realsense
copying /home/open/work/build/realsense/build/lib/realsense/2d_plane.py -> /home/open/work/install/realsense/lib/python3.10/site-packages/realsense
copying /home/open/work/build/realsense/build/lib/realsense/depth_calculate.py -> /home/open/work/install/realsense/lib/python3.10/site-packages/realsense
copying /home/open/work/build/realsense/build/lib/realsense/visiual.py -> /home/open/work/install/realsense/lib/python3.10/site-packages/realsense
copying /home/open/work/build/realsense/build/lib/realsense/interface_robot.py -> /home/open/work/install/realsense/lib/python3.10/site-packages/realsense
copying /home/open/work/build/realsense/build/lib/realsense/realsense_read.py -> /home/open/work/install/realsense/lib/python3.10/site-packages/realsense
byte-compiling /home/open/work/install/realsense/lib/python3.10/site-packages/realsense/box_edge_detect.py to box_edge_detect.cpython-310.pyc
byte-compiling /home/open/work/install/realsense/lib/python3.10/site-packages/realsense/color_range.py to color_range.cpython-310.pyc
byte-compiling /home/open/work/install/realsense/lib/python3.10/site-packages/realsense/paddleorc.py to paddleorc.cpython-310.pyc
byte-compiling /home/open/work/install/realsense/lib/python3.10/site-packages/realsense/color_detect.py to color_detect.cpython-310.pyc
byte-compiling /home/open/work/install/realsense/lib/python3.10/site-packages/realsense/interface.py to interface.cpython-310.pyc
byte-compiling /home/open/work/install/realsense/lib/python3.10/site-packages/realsense/__init__.py to __init__.cpython-310.pyc
byte-compiling /home/open/work/install/realsense/lib/python3.10/site-packages/realsense/2d_plane.py to 2d_plane.cpython-310.pyc
byte-compiling /home/open/work/install/realsense/lib/python3.10/site-packages/realsense/depth_calculate.py to depth_calculate.cpython-310.pyc
byte-compiling /home/open/work/install/realsense/lib/python3.10/site-packages/realsense/visiual.py to visiual.cpython-310.pyc
byte-compiling /home/open/work/install/realsense/lib/python3.10/site-packages/realsense/interface_robot.py to interface_robot.cpython-310.pyc
byte-compiling /home/open/work/install/realsense/lib/python3.10/site-packages/realsense/realsense_read.py to realsense_read.cpython-310.pyc
running install_data
creating /home/open/work/install/realsense/share/ament_index
creating /home/open/work/install/realsense/share/ament_index/resource_index
creating /home/open/work/install/realsense/share/ament_index/resource_index/packages
copying resource/realsense -> /home/open/work/install/realsense/share/ament_index/resource_index/packages
copying package.xml -> /home/open/work/install/realsense/share/realsense
creating /home/open/work/install/realsense/share/realsense/launch
copying launch/visual_launch.py -> /home/open/work/install/realsense/share/realsense/launch
running install_egg_info
Copying ../../../build/realsense/realsense.egg-info to /home/open/work/install/realsense/lib/python3.10/site-packages/realsense-0.0.1-py3.10.egg-info
running install_scripts
Installing 2d_plane script to /home/open/work/install/realsense/lib/realsense
Installing box_edge_detect script to /home/open/work/install/realsense/lib/realsense
Installing color_detect script to /home/open/work/install/realsense/lib/realsense
Installing color_range script to /home/open/work/install/realsense/lib/realsense
Installing depth_calculate script to /home/open/work/install/realsense/lib/realsense
Installing paddleorc script to /home/open/work/install/realsense/lib/realsense
Installing realsense_read script to /home/open/work/install/realsense/lib/realsense
Installing visual script to /home/open/work/install/realsense/lib/realsense
Installing yolo_number_detect script to /home/open/work/install/realsense/lib/realsense
writing list of installed files to '/home/open/work/build/realsense/install.log'
