[0.646s] Invoking command in '/home/open/work/motor_control/src/realsense': PYTHONPATH=/home/open/work/build/realsense/prefix_override:/usr/lib/python3/dist-packages/colcon_core/task/python/colcon_distutils_commands:/home/open/work/install/realsense/lib/python3.10/site-packages:${PYTHONPATH} /usr/bin/python3 -W ignore:setup.py install is deprecated -W ignore:easy_install command is deprecated setup.py egg_info --egg-base ../../../build/realsense build --build-base /home/open/work/build/realsense/build install --record /home/open/work/build/realsense/install.log --single-version-externally-managed install_data
[0.810s] running egg_info
[0.810s] creating ../../../build/realsense/realsense.egg-info
[0.810s] writing ../../../build/realsense/realsense.egg-info/PKG-INFO
[0.810s] writing dependency_links to ../../../build/realsense/realsense.egg-info/dependency_links.txt
[0.811s] writing entry points to ../../../build/realsense/realsense.egg-info/entry_points.txt
[0.811s] writing requirements to ../../../build/realsense/realsense.egg-info/requires.txt
[0.811s] writing top-level names to ../../../build/realsense/realsense.egg-info/top_level.txt
[0.811s] writing manifest file '../../../build/realsense/realsense.egg-info/SOURCES.txt'
[0.812s] reading manifest file '../../../build/realsense/realsense.egg-info/SOURCES.txt'
[0.812s] writing manifest file '../../../build/realsense/realsense.egg-info/SOURCES.txt'
[0.813s] running build
[0.813s] running build_py
[0.813s] creating /home/open/work/build/realsense/build
[0.813s] creating /home/open/work/build/realsense/build/lib
[0.813s] creating /home/open/work/build/realsense/build/lib/realsense
[0.813s] copying realsense/box_edge_detect.py -> /home/open/work/build/realsense/build/lib/realsense
[0.814s] copying realsense/color_range.py -> /home/open/work/build/realsense/build/lib/realsense
[0.814s] copying realsense/paddleorc.py -> /home/open/work/build/realsense/build/lib/realsense
[0.814s] copying realsense/color_detect.py -> /home/open/work/build/realsense/build/lib/realsense
[0.814s] copying realsense/interface.py -> /home/open/work/build/realsense/build/lib/realsense
[0.814s] copying realsense/__init__.py -> /home/open/work/build/realsense/build/lib/realsense
[0.814s] copying realsense/2d_plane.py -> /home/open/work/build/realsense/build/lib/realsense
[0.814s] copying realsense/depth_calculate.py -> /home/open/work/build/realsense/build/lib/realsense
[0.815s] copying realsense/visiual.py -> /home/open/work/build/realsense/build/lib/realsense
[0.815s] copying realsense/interface_robot.py -> /home/open/work/build/realsense/build/lib/realsense
[0.815s] copying realsense/realsense_read.py -> /home/open/work/build/realsense/build/lib/realsense
[0.815s] running install
[0.815s] running install_lib
[0.815s] creating /home/open/work/install/realsense/lib/python3.10/site-packages/realsense
[0.815s] copying /home/open/work/build/realsense/build/lib/realsense/box_edge_detect.py -> /home/open/work/install/realsense/lib/python3.10/site-packages/realsense
[0.815s] copying /home/open/work/build/realsense/build/lib/realsense/color_range.py -> /home/open/work/install/realsense/lib/python3.10/site-packages/realsense
[0.815s] copying /home/open/work/build/realsense/build/lib/realsense/paddleorc.py -> /home/open/work/install/realsense/lib/python3.10/site-packages/realsense
[0.815s] copying /home/open/work/build/realsense/build/lib/realsense/color_detect.py -> /home/open/work/install/realsense/lib/python3.10/site-packages/realsense
[0.815s] copying /home/open/work/build/realsense/build/lib/realsense/interface.py -> /home/open/work/install/realsense/lib/python3.10/site-packages/realsense
[0.815s] copying /home/open/work/build/realsense/build/lib/realsense/__init__.py -> /home/open/work/install/realsense/lib/python3.10/site-packages/realsense
[0.816s] copying /home/open/work/build/realsense/build/lib/realsense/2d_plane.py -> /home/open/work/install/realsense/lib/python3.10/site-packages/realsense
[0.816s] copying /home/open/work/build/realsense/build/lib/realsense/depth_calculate.py -> /home/open/work/install/realsense/lib/python3.10/site-packages/realsense
[0.816s] copying /home/open/work/build/realsense/build/lib/realsense/visiual.py -> /home/open/work/install/realsense/lib/python3.10/site-packages/realsense
[0.816s] copying /home/open/work/build/realsense/build/lib/realsense/interface_robot.py -> /home/open/work/install/realsense/lib/python3.10/site-packages/realsense
[0.816s] copying /home/open/work/build/realsense/build/lib/realsense/realsense_read.py -> /home/open/work/install/realsense/lib/python3.10/site-packages/realsense
[0.816s] byte-compiling /home/open/work/install/realsense/lib/python3.10/site-packages/realsense/box_edge_detect.py to box_edge_detect.cpython-310.pyc
[0.817s] byte-compiling /home/open/work/install/realsense/lib/python3.10/site-packages/realsense/color_range.py to color_range.cpython-310.pyc
[0.817s] byte-compiling /home/open/work/install/realsense/lib/python3.10/site-packages/realsense/paddleorc.py to paddleorc.cpython-310.pyc
[0.818s] byte-compiling /home/open/work/install/realsense/lib/python3.10/site-packages/realsense/color_detect.py to color_detect.cpython-310.pyc
[0.819s] byte-compiling /home/open/work/install/realsense/lib/python3.10/site-packages/realsense/interface.py to interface.cpython-310.pyc
[0.820s] byte-compiling /home/open/work/install/realsense/lib/python3.10/site-packages/realsense/__init__.py to __init__.cpython-310.pyc
[0.820s] byte-compiling /home/open/work/install/realsense/lib/python3.10/site-packages/realsense/2d_plane.py to 2d_plane.cpython-310.pyc
[0.820s] byte-compiling /home/open/work/install/realsense/lib/python3.10/site-packages/realsense/depth_calculate.py to depth_calculate.cpython-310.pyc
[0.822s] byte-compiling /home/open/work/install/realsense/lib/python3.10/site-packages/realsense/visiual.py to visiual.cpython-310.pyc
[0.823s] byte-compiling /home/open/work/install/realsense/lib/python3.10/site-packages/realsense/interface_robot.py to interface_robot.cpython-310.pyc
[0.824s] byte-compiling /home/open/work/install/realsense/lib/python3.10/site-packages/realsense/realsense_read.py to realsense_read.cpython-310.pyc
[0.825s] running install_data
[0.825s] creating /home/open/work/install/realsense/share/ament_index
[0.825s] creating /home/open/work/install/realsense/share/ament_index/resource_index
[0.825s] creating /home/open/work/install/realsense/share/ament_index/resource_index/packages
[0.825s] copying resource/realsense -> /home/open/work/install/realsense/share/ament_index/resource_index/packages
[0.826s] copying package.xml -> /home/open/work/install/realsense/share/realsense
[0.826s] creating /home/open/work/install/realsense/share/realsense/launch
[0.826s] copying launch/visual_launch.py -> /home/open/work/install/realsense/share/realsense/launch
[0.826s] running install_egg_info
[0.827s] Copying ../../../build/realsense/realsense.egg-info to /home/open/work/install/realsense/lib/python3.10/site-packages/realsense-0.0.1-py3.10.egg-info
[0.827s] running install_scripts
[0.843s] Installing 2d_plane script to /home/open/work/install/realsense/lib/realsense
[0.843s] Installing box_edge_detect script to /home/open/work/install/realsense/lib/realsense
[0.843s] Installing color_detect script to /home/open/work/install/realsense/lib/realsense
[0.843s] Installing color_range script to /home/open/work/install/realsense/lib/realsense
[0.843s] Installing depth_calculate script to /home/open/work/install/realsense/lib/realsense
[0.843s] Installing paddleorc script to /home/open/work/install/realsense/lib/realsense
[0.843s] Installing realsense_read script to /home/open/work/install/realsense/lib/realsense
[0.843s] Installing visual script to /home/open/work/install/realsense/lib/realsense
[0.843s] Installing yolo_number_detect script to /home/open/work/install/realsense/lib/realsense
[0.843s] writing list of installed files to '/home/open/work/build/realsense/install.log'
[0.863s] Invoked command in '/home/open/work/motor_control/src/realsense' returned '0': PYTHONPATH=/home/open/work/build/realsense/prefix_override:/usr/lib/python3/dist-packages/colcon_core/task/python/colcon_distutils_commands:/home/open/work/install/realsense/lib/python3.10/site-packages:${PYTHONPATH} /usr/bin/python3 -W ignore:setup.py install is deprecated -W ignore:easy_install command is deprecated setup.py egg_info --egg-base ../../../build/realsense build --build-base /home/open/work/build/realsense/build install --record /home/open/work/build/realsense/install.log --single-version-externally-managed install_data
