[0.004s] Invoking command in '/home/open/work/robot_arm/src/build/moviet': AMENT_PREFIX_PATH=/home/open/work/robot_arm/src/install/arm_control:${AMENT_PREFIX_PATH} CMAKE_PREFIX_PATH=/home/open/work/robot_arm/src/install/arm_control:/opt/ros/humble /usr/bin/cmake /home/open/work/robot_arm/src/moviet -DCMAKE_INSTALL_PREFIX=/home/open/work/robot_arm/src/install/moviet
[0.037s] -- The C compiler identification is GNU 11.4.0
[0.072s] -- The CXX compiler identification is GNU 11.4.0
[0.077s] -- Detecting C compiler ABI info
[0.118s] -- Detecting C compiler ABI info - done
[0.122s] -- Check for working C compiler: /usr/bin/cc - skipped
[0.122s] -- Detecting C compile features
[0.122s] -- Detecting C compile features - done
[0.124s] -- Detecting CXX compiler ABI info
[0.184s] -- Detecting CXX compiler ABI info - done
[0.189s] -- Check for working CXX compiler: /usr/bin/c++ - skipped
[0.189s] -- Detecting CXX compile features
[0.189s] -- Detecting CXX compile features - done
[0.192s] -- Found ament_cmake: 1.3.11 (/opt/ros/humble/share/ament_cmake/cmake)
[0.299s] -- Found Python3: /usr/bin/python3 (found version "3.10.12") found components: Interpreter 
[0.398s] -- Configuring done
[0.400s] -- Generating done
[0.401s] -- Build files have been written to: /home/open/work/robot_arm/src/build/moviet
[0.404s] Invoked command in '/home/open/work/robot_arm/src/build/moviet' returned '0': AMENT_PREFIX_PATH=/home/open/work/robot_arm/src/install/arm_control:${AMENT_PREFIX_PATH} CMAKE_PREFIX_PATH=/home/open/work/robot_arm/src/install/arm_control:/opt/ros/humble /usr/bin/cmake /home/open/work/robot_arm/src/moviet -DCMAKE_INSTALL_PREFIX=/home/open/work/robot_arm/src/install/moviet
[0.405s] Invoking command in '/home/open/work/robot_arm/src/build/moviet': AMENT_PREFIX_PATH=/home/open/work/robot_arm/src/install/arm_control:${AMENT_PREFIX_PATH} CMAKE_PREFIX_PATH=/home/open/work/robot_arm/src/install/arm_control:/opt/ros/humble /usr/bin/cmake --build /home/open/work/robot_arm/src/build/moviet -- -j16 -l16
[0.428s] Invoked command in '/home/open/work/robot_arm/src/build/moviet' returned '0': AMENT_PREFIX_PATH=/home/open/work/robot_arm/src/install/arm_control:${AMENT_PREFIX_PATH} CMAKE_PREFIX_PATH=/home/open/work/robot_arm/src/install/arm_control:/opt/ros/humble /usr/bin/cmake --build /home/open/work/robot_arm/src/build/moviet -- -j16 -l16
[0.429s] Invoking command in '/home/open/work/robot_arm/src/build/moviet': AMENT_PREFIX_PATH=/home/open/work/robot_arm/src/install/arm_control:${AMENT_PREFIX_PATH} CMAKE_PREFIX_PATH=/home/open/work/robot_arm/src/install/arm_control:/opt/ros/humble /usr/bin/cmake --install /home/open/work/robot_arm/src/build/moviet
[0.436s] -- Install configuration: ""
[0.436s] -- Installing: /home/open/work/robot_arm/src/install/moviet/share/ament_index/resource_index/package_run_dependencies/moviet
[0.436s] -- Installing: /home/open/work/robot_arm/src/install/moviet/share/ament_index/resource_index/parent_prefix_path/moviet
[0.436s] -- Installing: /home/open/work/robot_arm/src/install/moviet/share/moviet/environment/ament_prefix_path.sh
[0.436s] -- Installing: /home/open/work/robot_arm/src/install/moviet/share/moviet/environment/ament_prefix_path.dsv
[0.436s] -- Installing: /home/open/work/robot_arm/src/install/moviet/share/moviet/environment/path.sh
[0.436s] -- Installing: /home/open/work/robot_arm/src/install/moviet/share/moviet/environment/path.dsv
[0.436s] -- Installing: /home/open/work/robot_arm/src/install/moviet/share/moviet/local_setup.bash
[0.436s] -- Installing: /home/open/work/robot_arm/src/install/moviet/share/moviet/local_setup.sh
[0.436s] -- Installing: /home/open/work/robot_arm/src/install/moviet/share/moviet/local_setup.zsh
[0.436s] -- Installing: /home/open/work/robot_arm/src/install/moviet/share/moviet/local_setup.dsv
[0.436s] -- Installing: /home/open/work/robot_arm/src/install/moviet/share/moviet/package.dsv
[0.437s] -- Installing: /home/open/work/robot_arm/src/install/moviet/share/ament_index/resource_index/packages/moviet
[0.437s] -- Installing: /home/open/work/robot_arm/src/install/moviet/share/moviet/cmake/movietConfig.cmake
[0.437s] -- Installing: /home/open/work/robot_arm/src/install/moviet/share/moviet/cmake/movietConfig-version.cmake
[0.437s] -- Installing: /home/open/work/robot_arm/src/install/moviet/share/moviet/package.xml
[0.437s] -- Installing: /home/open/work/robot_arm/src/install/moviet/share/moviet/launch
[0.437s] -- Installing: /home/open/work/robot_arm/src/install/moviet/share/moviet/launch/moveit_rviz.launch.py
[0.437s] -- Installing: /home/open/work/robot_arm/src/install/moviet/share/moviet/launch/rsp.launch.py
[0.437s] -- Installing: /home/open/work/robot_arm/src/install/moviet/share/moviet/launch/spawn_controllers.launch.py
[0.437s] -- Installing: /home/open/work/robot_arm/src/install/moviet/share/moviet/launch/move_group.launch.py
[0.437s] -- Installing: /home/open/work/robot_arm/src/install/moviet/share/moviet/launch/warehouse_db.launch.py
[0.437s] -- Installing: /home/open/work/robot_arm/src/install/moviet/share/moviet/launch/demo.launch.py
[0.437s] -- Installing: /home/open/work/robot_arm/src/install/moviet/share/moviet/launch/setup_assistant.launch.py
[0.437s] -- Installing: /home/open/work/robot_arm/src/install/moviet/share/moviet/launch/static_virtual_joint_tfs.launch.py
[0.437s] -- Installing: /home/open/work/robot_arm/src/install/moviet/share/moviet/config
[0.437s] -- Installing: /home/open/work/robot_arm/src/install/moviet/share/moviet/config/pilz_cartesian_limits.yaml
[0.437s] -- Installing: /home/open/work/robot_arm/src/install/moviet/share/moviet/config/SMW-G02(2.0)_camera_urdf.urdf.xacro
[0.437s] -- Installing: /home/open/work/robot_arm/src/install/moviet/share/moviet/config/SMW-G02(2.0)_camera_urdf.srdf
[0.437s] -- Installing: /home/open/work/robot_arm/src/install/moviet/share/moviet/config/initial_positions.yaml
[0.437s] -- Installing: /home/open/work/robot_arm/src/install/moviet/share/moviet/config/moveit.rviz
[0.438s] -- Installing: /home/open/work/robot_arm/src/install/moviet/share/moviet/config/kinematics.yaml
[0.438s] -- Installing: /home/open/work/robot_arm/src/install/moviet/share/moviet/config/SMW-G02(2.0)_camera_urdf.ros2_control.xacro
[0.438s] -- Installing: /home/open/work/robot_arm/src/install/moviet/share/moviet/config/joint_limits.yaml
[0.438s] -- Installing: /home/open/work/robot_arm/src/install/moviet/share/moviet/.setup_assistant
[0.439s] Invoked command in '/home/open/work/robot_arm/src/build/moviet' returned '0': AMENT_PREFIX_PATH=/home/open/work/robot_arm/src/install/arm_control:${AMENT_PREFIX_PATH} CMAKE_PREFIX_PATH=/home/open/work/robot_arm/src/install/arm_control:/opt/ros/humble /usr/bin/cmake --install /home/open/work/robot_arm/src/build/moviet
