-- Install configuration: ""
-- Up-to-date: /home/open/work/robot_arm/src/install/arm_control/share/arm_control/meshes
-- Up-to-date: /home/open/work/robot_arm/src/install/arm_control/share/arm_control/meshes/link_5_1.stl
-- Up-to-date: /home/open/work/robot_arm/src/install/arm_control/share/arm_control/meshes/link_2_1.stl
-- Up-to-date: /home/open/work/robot_arm/src/install/arm_control/share/arm_control/meshes/link_3_1.stl
-- Up-to-date: /home/open/work/robot_arm/src/install/arm_control/share/arm_control/meshes/Claw_base_1.stl
-- Up-to-date: /home/open/work/robot_arm/src/install/arm_control/share/arm_control/meshes/Camera_1.stl
-- Up-to-date: /home/open/work/robot_arm/src/install/arm_control/share/arm_control/meshes/link_1_1.stl
-- Up-to-date: /home/open/work/robot_arm/src/install/arm_control/share/arm_control/meshes/link_4_1.stl
-- Up-to-date: /home/open/work/robot_arm/src/install/arm_control/share/arm_control/meshes/Claw_2_1.stl
-- Up-to-date: /home/open/work/robot_arm/src/install/arm_control/share/arm_control/meshes/Claw_1_1.stl
-- Up-to-date: /home/open/work/robot_arm/src/install/arm_control/share/arm_control/meshes/base_link.stl
-- Up-to-date: /home/open/work/robot_arm/src/install/arm_control/share/arm_control/urdf
-- Installing: /home/open/work/robot_arm/src/install/arm_control/share/arm_control/urdf/smw_g02_camera_urdf.xacro
-- Up-to-date: /home/open/work/robot_arm/src/install/arm_control/share/arm_control/urdf/SMW-G02(2.0)_camera_urdf.trans
-- Up-to-date: /home/open/work/robot_arm/src/install/arm_control/share/arm_control/urdf/materials.xacro
-- Installing: /home/open/work/robot_arm/src/install/arm_control/share/arm_control/urdf/smw_g02_camera_urdf.gazebo
-- Up-to-date: /home/open/work/robot_arm/src/install/arm_control/share/ament_index/resource_index/package_run_dependencies/arm_control
-- Up-to-date: /home/open/work/robot_arm/src/install/arm_control/share/ament_index/resource_index/parent_prefix_path/arm_control
-- Up-to-date: /home/open/work/robot_arm/src/install/arm_control/share/arm_control/environment/ament_prefix_path.sh
-- Up-to-date: /home/open/work/robot_arm/src/install/arm_control/share/arm_control/environment/ament_prefix_path.dsv
-- Up-to-date: /home/open/work/robot_arm/src/install/arm_control/share/arm_control/environment/path.sh
-- Up-to-date: /home/open/work/robot_arm/src/install/arm_control/share/arm_control/environment/path.dsv
-- Up-to-date: /home/open/work/robot_arm/src/install/arm_control/share/arm_control/local_setup.bash
-- Up-to-date: /home/open/work/robot_arm/src/install/arm_control/share/arm_control/local_setup.sh
-- Up-to-date: /home/open/work/robot_arm/src/install/arm_control/share/arm_control/local_setup.zsh
-- Up-to-date: /home/open/work/robot_arm/src/install/arm_control/share/arm_control/local_setup.dsv
-- Installing: /home/open/work/robot_arm/src/install/arm_control/share/arm_control/package.dsv
-- Up-to-date: /home/open/work/robot_arm/src/install/arm_control/share/ament_index/resource_index/packages/arm_control
-- Up-to-date: /home/open/work/robot_arm/src/install/arm_control/share/arm_control/cmake/arm_controlConfig.cmake
-- Up-to-date: /home/open/work/robot_arm/src/install/arm_control/share/arm_control/cmake/arm_controlConfig-version.cmake
-- Up-to-date: /home/open/work/robot_arm/src/install/arm_control/share/arm_control/package.xml
