[0.651s] Invoking command in '/home/open/work/motor_control/src/realsense': PYTHONPATH=/home/open/work/build/realsense/prefix_override:/usr/lib/python3/dist-packages/colcon_core/task/python/colcon_distutils_commands:/home/open/work/install/realsense/lib/python3.10/site-packages:${PYTHONPATH} /usr/bin/python3 -W ignore:setup.py install is deprecated -W ignore:easy_install command is deprecated setup.py egg_info --egg-base ../../../build/realsense build --build-base /home/open/work/build/realsense/build install --record /home/open/work/build/realsense/install.log --single-version-externally-managed install_data
[0.805s] running egg_info
[0.806s] writing ../../../build/realsense/realsense.egg-info/PKG-INFO
[0.806s] writing dependency_links to ../../../build/realsense/realsense.egg-info/dependency_links.txt
[0.806s] writing entry points to ../../../build/realsense/realsense.egg-info/entry_points.txt
[0.806s] writing requirements to ../../../build/realsense/realsense.egg-info/requires.txt
[0.806s] writing top-level names to ../../../build/realsense/realsense.egg-info/top_level.txt
[0.807s] reading manifest file '../../../build/realsense/realsense.egg-info/SOURCES.txt'
[0.808s] writing manifest file '../../../build/realsense/realsense.egg-info/SOURCES.txt'
[0.808s] running build
[0.808s] running build_py
[0.808s] copying realsense/color_detect.py -> /home/open/work/build/realsense/build/lib/realsense
[0.808s] running install
[0.809s] running install_lib
[0.809s] copying /home/open/work/build/realsense/build/lib/realsense/color_detect.py -> /home/open/work/install/realsense/lib/python3.10/site-packages/realsense
[0.810s] byte-compiling /home/open/work/install/realsense/lib/python3.10/site-packages/realsense/color_detect.py to color_detect.cpython-310.pyc
[0.810s] running install_data
[0.810s] running install_egg_info
[0.811s] removing '/home/open/work/install/realsense/lib/python3.10/site-packages/realsense-0.0.1-py3.10.egg-info' (and everything under it)
[0.812s] Copying ../../../build/realsense/realsense.egg-info to /home/open/work/install/realsense/lib/python3.10/site-packages/realsense-0.0.1-py3.10.egg-info
[0.812s] running install_scripts
[0.826s] Installing 2d_plane script to /home/open/work/install/realsense/lib/realsense
[0.826s] Installing box_edge_detect script to /home/open/work/install/realsense/lib/realsense
[0.826s] Installing color_detect script to /home/open/work/install/realsense/lib/realsense
[0.826s] Installing color_range script to /home/open/work/install/realsense/lib/realsense
[0.826s] Installing depth_calculate script to /home/open/work/install/realsense/lib/realsense
[0.826s] Installing paddleorc script to /home/open/work/install/realsense/lib/realsense
[0.826s] Installing realsense_read script to /home/open/work/install/realsense/lib/realsense
[0.827s] Installing visual script to /home/open/work/install/realsense/lib/realsense
[0.827s] Installing yolo_number_detect script to /home/open/work/install/realsense/lib/realsense
[0.827s] writing list of installed files to '/home/open/work/build/realsense/install.log'
[0.844s] Invoked command in '/home/open/work/motor_control/src/realsense' returned '0': PYTHONPATH=/home/open/work/build/realsense/prefix_override:/usr/lib/python3/dist-packages/colcon_core/task/python/colcon_distutils_commands:/home/open/work/install/realsense/lib/python3.10/site-packages:${PYTHONPATH} /usr/bin/python3 -W ignore:setup.py install is deprecated -W ignore:easy_install command is deprecated setup.py egg_info --egg-base ../../../build/realsense build --build-base /home/open/work/build/realsense/build install --record /home/open/work/build/realsense/install.log --single-version-externally-managed install_data
