[1.064s] Invoking command in '/home/open/work/motor_control/src/realsense': PYTHONPATH=/home/open/work/build/realsense/prefix_override:/usr/lib/python3/dist-packages/colcon_core/task/python/colcon_distutils_commands:/home/open/work/install/realsense/lib/python3.10/site-packages:${PYTHONPATH} /usr/bin/python3 -W ignore:setup.py install is deprecated -W ignore:easy_install command is deprecated setup.py egg_info --egg-base ../../../build/realsense build --build-base /home/open/work/build/realsense/build install --record /home/open/work/build/realsense/install.log --single-version-externally-managed install_data
[1.300s] running egg_info
[1.300s] creating ../../../build/realsense/realsense.egg-info
[1.300s] writing ../../../build/realsense/realsense.egg-info/PKG-INFO
[1.301s] writing dependency_links to ../../../build/realsense/realsense.egg-info/dependency_links.txt
[1.301s] writing entry points to ../../../build/realsense/realsense.egg-info/entry_points.txt
[1.301s] writing requirements to ../../../build/realsense/realsense.egg-info/requires.txt
[1.301s] writing top-level names to ../../../build/realsense/realsense.egg-info/top_level.txt
[1.301s] writing manifest file '../../../build/realsense/realsense.egg-info/SOURCES.txt'
[1.303s] reading manifest file '../../../build/realsense/realsense.egg-info/SOURCES.txt'
[1.304s] writing manifest file '../../../build/realsense/realsense.egg-info/SOURCES.txt'
[1.305s] running build
[1.305s] running build_py
[1.305s] creating /home/open/work/build/realsense/build
[1.305s] creating /home/open/work/build/realsense/build/lib
[1.305s] creating /home/open/work/build/realsense/build/lib/realsense
[1.305s] copying realsense/box_edge_detect.py -> /home/open/work/build/realsense/build/lib/realsense
[1.305s] copying realsense/color_range.py -> /home/open/work/build/realsense/build/lib/realsense
[1.305s] copying realsense/paddleorc.py -> /home/open/work/build/realsense/build/lib/realsense
[1.305s] copying realsense/color_detect.py -> /home/open/work/build/realsense/build/lib/realsense
[1.306s] copying realsense/interface.py -> /home/open/work/build/realsense/build/lib/realsense
[1.306s] copying realsense/__init__.py -> /home/open/work/build/realsense/build/lib/realsense
[1.306s] copying realsense/2d_plane.py -> /home/open/work/build/realsense/build/lib/realsense
[1.306s] copying realsense/depth_calculate.py -> /home/open/work/build/realsense/build/lib/realsense
[1.306s] copying realsense/visiual.py -> /home/open/work/build/realsense/build/lib/realsense
[1.306s] copying realsense/interface_robot.py -> /home/open/work/build/realsense/build/lib/realsense
[1.306s] copying realsense/realsense_read.py -> /home/open/work/build/realsense/build/lib/realsense
[1.307s] running install
[1.307s] running install_lib
[1.308s] creating /home/open/work/install/realsense/lib/python3.10/site-packages/realsense
[1.308s] copying /home/open/work/build/realsense/build/lib/realsense/box_edge_detect.py -> /home/open/work/install/realsense/lib/python3.10/site-packages/realsense
[1.309s] copying /home/open/work/build/realsense/build/lib/realsense/color_range.py -> /home/open/work/install/realsense/lib/python3.10/site-packages/realsense
[1.309s] copying /home/open/work/build/realsense/build/lib/realsense/paddleorc.py -> /home/open/work/install/realsense/lib/python3.10/site-packages/realsense
[1.309s] copying /home/open/work/build/realsense/build/lib/realsense/color_detect.py -> /home/open/work/install/realsense/lib/python3.10/site-packages/realsense
[1.309s] copying /home/open/work/build/realsense/build/lib/realsense/interface.py -> /home/open/work/install/realsense/lib/python3.10/site-packages/realsense
[1.309s] copying /home/open/work/build/realsense/build/lib/realsense/__init__.py -> /home/open/work/install/realsense/lib/python3.10/site-packages/realsense
[1.309s] copying /home/open/work/build/realsense/build/lib/realsense/2d_plane.py -> /home/open/work/install/realsense/lib/python3.10/site-packages/realsense
[1.309s] copying /home/open/work/build/realsense/build/lib/realsense/depth_calculate.py -> /home/open/work/install/realsense/lib/python3.10/site-packages/realsense
[1.309s] copying /home/open/work/build/realsense/build/lib/realsense/visiual.py -> /home/open/work/install/realsense/lib/python3.10/site-packages/realsense
[1.309s] copying /home/open/work/build/realsense/build/lib/realsense/interface_robot.py -> /home/open/work/install/realsense/lib/python3.10/site-packages/realsense
[1.310s] copying /home/open/work/build/realsense/build/lib/realsense/realsense_read.py -> /home/open/work/install/realsense/lib/python3.10/site-packages/realsense
[1.310s] byte-compiling /home/open/work/install/realsense/lib/python3.10/site-packages/realsense/box_edge_detect.py to box_edge_detect.cpython-310.pyc
[1.312s] byte-compiling /home/open/work/install/realsense/lib/python3.10/site-packages/realsense/color_range.py to color_range.cpython-310.pyc
[1.314s] byte-compiling /home/open/work/install/realsense/lib/python3.10/site-packages/realsense/paddleorc.py to paddleorc.cpython-310.pyc
[1.316s] byte-compiling /home/open/work/install/realsense/lib/python3.10/site-packages/realsense/color_detect.py to color_detect.cpython-310.pyc
[1.317s] byte-compiling /home/open/work/install/realsense/lib/python3.10/site-packages/realsense/interface.py to interface.cpython-310.pyc
[1.319s] byte-compiling /home/open/work/install/realsense/lib/python3.10/site-packages/realsense/__init__.py to __init__.cpython-310.pyc
[1.319s] byte-compiling /home/open/work/install/realsense/lib/python3.10/site-packages/realsense/2d_plane.py to 2d_plane.cpython-310.pyc
[1.320s] byte-compiling /home/open/work/install/realsense/lib/python3.10/site-packages/realsense/depth_calculate.py to depth_calculate.cpython-310.pyc
[1.322s] byte-compiling /home/open/work/install/realsense/lib/python3.10/site-packages/realsense/visiual.py to visiual.cpython-310.pyc
[1.325s] byte-compiling /home/open/work/install/realsense/lib/python3.10/site-packages/realsense/interface_robot.py to interface_robot.cpython-310.pyc
[1.327s] byte-compiling /home/open/work/install/realsense/lib/python3.10/site-packages/realsense/realsense_read.py to realsense_read.cpython-310.pyc
[1.328s] running install_data
[1.328s] creating /home/open/work/install/realsense/share/ament_index
[1.328s] creating /home/open/work/install/realsense/share/ament_index/resource_index
[1.328s] creating /home/open/work/install/realsense/share/ament_index/resource_index/packages
[1.328s] copying resource/realsense -> /home/open/work/install/realsense/share/ament_index/resource_index/packages
[1.328s] copying package.xml -> /home/open/work/install/realsense/share/realsense
[1.328s] creating /home/open/work/install/realsense/share/realsense/launch
[1.329s] copying launch/visual_launch.py -> /home/open/work/install/realsense/share/realsense/launch
[1.329s] running install_egg_info
[1.332s] Copying ../../../build/realsense/realsense.egg-info to /home/open/work/install/realsense/lib/python3.10/site-packages/realsense-0.0.1-py3.10.egg-info
[1.333s] running install_scripts
[1.350s] Installing 2d_plane script to /home/open/work/install/realsense/lib/realsense
[1.350s] Installing box_edge_detect script to /home/open/work/install/realsense/lib/realsense
[1.350s] Installing color_detect script to /home/open/work/install/realsense/lib/realsense
[1.350s] Installing color_range script to /home/open/work/install/realsense/lib/realsense
[1.350s] Installing depth_calculate script to /home/open/work/install/realsense/lib/realsense
[1.351s] Installing paddleorc script to /home/open/work/install/realsense/lib/realsense
[1.351s] Installing realsense_read script to /home/open/work/install/realsense/lib/realsense
[1.351s] Installing visual script to /home/open/work/install/realsense/lib/realsense
[1.351s] Installing yolo_number_detect script to /home/open/work/install/realsense/lib/realsense
[1.351s] writing list of installed files to '/home/open/work/build/realsense/install.log'
[1.376s] Invoked command in '/home/open/work/motor_control/src/realsense' returned '0': PYTHONPATH=/home/open/work/build/realsense/prefix_override:/usr/lib/python3/dist-packages/colcon_core/task/python/colcon_distutils_commands:/home/open/work/install/realsense/lib/python3.10/site-packages:${PYTHONPATH} /usr/bin/python3 -W ignore:setup.py install is deprecated -W ignore:easy_install command is deprecated setup.py egg_info --egg-base ../../../build/realsense build --build-base /home/open/work/build/realsense/build install --record /home/open/work/build/realsense/install.log --single-version-externally-managed install_data
