[0.033s] Invoking command in '/home/open/work/build/arm_control': CMAKE_PREFIX_PATH=${CMAKE_PREFIX_PATH}:/home/open/work/install/realsense:/home/open/work/install/core:/opt/ros/humble /usr/bin/cmake --build /home/open/work/build/arm_control -- -j16 -l16
[1.016s] Invoked command in '/home/open/work/build/arm_control' returned '0': CMAKE_PREFIX_PATH=${CMAKE_PREFIX_PATH}:/home/open/work/install/realsense:/home/open/work/install/core:/opt/ros/humble /usr/bin/cmake --build /home/open/work/build/arm_control -- -j16 -l16
[1.042s] Invoking command in '/home/open/work/build/arm_control': CMAKE_PREFIX_PATH=${CMAKE_PREFIX_PATH}:/home/open/work/install/realsense:/home/open/work/install/core:/opt/ros/humble /usr/bin/cmake --install /home/open/work/build/arm_control
[1.063s] -- Install configuration: ""
[1.064s] -- Up-to-date: /home/open/work/install/arm_control/share/arm_control/meshes
[1.064s] -- Up-to-date: /home/open/work/install/arm_control/share/arm_control/meshes/link_5_1.stl
[1.064s] -- Up-to-date: /home/open/work/install/arm_control/share/arm_control/meshes/link_2_1.stl
[1.065s] -- Up-to-date: /home/open/work/install/arm_control/share/arm_control/meshes/link_3_1.stl
[1.065s] -- Up-to-date: /home/open/work/install/arm_control/share/arm_control/meshes/Claw_base_1.stl
[1.065s] -- Up-to-date: /home/open/work/install/arm_control/share/arm_control/meshes/Camera_1.stl
[1.065s] -- Up-to-date: /home/open/work/install/arm_control/share/arm_control/meshes/link_1_1.stl
[1.065s] -- Up-to-date: /home/open/work/install/arm_control/share/arm_control/meshes/link_4_1.stl
[1.065s] -- Up-to-date: /home/open/work/install/arm_control/share/arm_control/meshes/Claw_2_1.stl
[1.066s] -- Up-to-date: /home/open/work/install/arm_control/share/arm_control/meshes/Claw_1_1.stl
[1.066s] -- Up-to-date: /home/open/work/install/arm_control/share/arm_control/meshes/base_link.stl
[1.066s] -- Up-to-date: /home/open/work/install/arm_control/share/arm_control/urdf
[1.066s] -- Up-to-date: /home/open/work/install/arm_control/share/arm_control/urdf/smw_g02_camera_urdf.xacro
[1.066s] -- Up-to-date: /home/open/work/install/arm_control/share/arm_control/urdf/smw_g02_camera_urdf.trans.trans
[1.066s] -- Up-to-date: /home/open/work/install/arm_control/share/arm_control/urdf/materials.xacro
[1.066s] -- Up-to-date: /home/open/work/install/arm_control/share/arm_control/urdf/smw_g02_camera_urdf.gazebo
[1.066s] -- Up-to-date: /home/open/work/install/arm_control/share/arm_control/urdf/myarm_urdf.xacro
[1.066s] -- Up-to-date: /home/open/work/install/arm_control/share/ament_index/resource_index/package_run_dependencies/arm_control
[1.066s] -- Up-to-date: /home/open/work/install/arm_control/share/ament_index/resource_index/parent_prefix_path/arm_control
[1.066s] -- Up-to-date: /home/open/work/install/arm_control/share/arm_control/environment/ament_prefix_path.sh
[1.066s] -- Up-to-date: /home/open/work/install/arm_control/share/arm_control/environment/ament_prefix_path.dsv
[1.066s] -- Up-to-date: /home/open/work/install/arm_control/share/arm_control/environment/path.sh
[1.067s] -- Up-to-date: /home/open/work/install/arm_control/share/arm_control/environment/path.dsv
[1.070s] -- Up-to-date: /home/open/work/install/arm_control/share/arm_control/local_setup.bash
[1.070s] -- Up-to-date: /home/open/work/install/arm_control/share/arm_control/local_setup.sh
[1.070s] -- Up-to-date: /home/open/work/install/arm_control/share/arm_control/local_setup.zsh
[1.070s] -- Up-to-date: /home/open/work/install/arm_control/share/arm_control/local_setup.dsv
[1.070s] -- Installing: /home/open/work/install/arm_control/share/arm_control/package.dsv
[1.070s] -- Up-to-date: /home/open/work/install/arm_control/share/ament_index/resource_index/packages/arm_control
[1.070s] -- Up-to-date: /home/open/work/install/arm_control/share/arm_control/cmake/arm_controlConfig.cmake
[1.070s] -- Up-to-date: /home/open/work/install/arm_control/share/arm_control/cmake/arm_controlConfig-version.cmake
[1.070s] -- Up-to-date: /home/open/work/install/arm_control/share/arm_control/package.xml
[1.082s] Invoked command in '/home/open/work/build/arm_control' returned '0': CMAKE_PREFIX_PATH=${CMAKE_PREFIX_PATH}:/home/open/work/install/realsense:/home/open/work/install/core:/opt/ros/humble /usr/bin/cmake --install /home/open/work/build/arm_control
