[0.010s] Invoking command in '/home/open/work/robot_arm/src/build/arm_control': CMAKE_PREFIX_PATH=/opt/ros/humble /usr/bin/cmake /home/open/work/robot_arm/src/arm_control -DCMAKE_INSTALL_PREFIX=/home/open/work/robot_arm/src/install/arm_control
[0.101s] -- The C compiler identification is GNU 11.4.0
[0.164s] -- The CXX compiler identification is GNU 11.4.0
[0.171s] -- Detecting C compiler ABI info
[0.217s] -- Detecting C compiler ABI info - done
[0.222s] -- Check for working C compiler: /usr/bin/cc - skipped
[0.222s] -- Detecting C compile features
[0.222s] -- Detecting C compile features - done
[0.225s] -- Detecting CXX compiler ABI info
[0.275s] -- Detecting CXX compiler ABI info - done
[0.279s] -- Check for working CXX compiler: /usr/bin/c++ - skipped
[0.279s] -- Detecting CXX compile features
[0.280s] -- Detecting CXX compile features - done
[0.285s] -- Found ament_cmake: 1.3.11 (/opt/ros/humble/share/ament_cmake/cmake)
[0.378s] -- Found Python3: /usr/bin/python3 (found version "3.10.12") found components: Interpreter 
[0.449s] -- Found ament_lint_auto: 0.12.12 (/opt/ros/humble/share/ament_lint_auto/cmake)
[0.502s] -- Added test 'lint_cmake' to check CMake code style
[0.503s] -- Added test 'xmllint' to check XML markup files
[0.504s] -- Configuring done
[0.506s] -- Generating done
[0.506s] -- Build files have been written to: /home/open/work/robot_arm/src/build/arm_control
[0.510s] Invoked command in '/home/open/work/robot_arm/src/build/arm_control' returned '0': CMAKE_PREFIX_PATH=/opt/ros/humble /usr/bin/cmake /home/open/work/robot_arm/src/arm_control -DCMAKE_INSTALL_PREFIX=/home/open/work/robot_arm/src/install/arm_control
[0.510s] Invoking command in '/home/open/work/robot_arm/src/build/arm_control': CMAKE_PREFIX_PATH=/opt/ros/humble /usr/bin/cmake --build /home/open/work/robot_arm/src/build/arm_control -- -j16 -l16
[0.532s] Invoked command in '/home/open/work/robot_arm/src/build/arm_control' returned '0': CMAKE_PREFIX_PATH=/opt/ros/humble /usr/bin/cmake --build /home/open/work/robot_arm/src/build/arm_control -- -j16 -l16
[0.538s] Invoking command in '/home/open/work/robot_arm/src/build/arm_control': CMAKE_PREFIX_PATH=/opt/ros/humble /usr/bin/cmake --install /home/open/work/robot_arm/src/build/arm_control
[0.541s] -- Install configuration: ""
[0.541s] -- Installing: /home/open/work/robot_arm/src/install/arm_control/share/arm_control/meshes
[0.541s] -- Installing: /home/open/work/robot_arm/src/install/arm_control/share/arm_control/meshes/link_5_1.stl
[0.542s] -- Installing: /home/open/work/robot_arm/src/install/arm_control/share/arm_control/meshes/link_2_1.stl
[0.542s] -- Installing: /home/open/work/robot_arm/src/install/arm_control/share/arm_control/meshes/link_3_1.stl
[0.543s] -- Installing: /home/open/work/robot_arm/src/install/arm_control/share/arm_control/meshes/Claw_base_1.stl
[0.543s] -- Installing: /home/open/work/robot_arm/src/install/arm_control/share/arm_control/meshes/Camera_1.stl
[0.543s] -- Installing: /home/open/work/robot_arm/src/install/arm_control/share/arm_control/meshes/link_1_1.stl
[0.544s] -- Installing: /home/open/work/robot_arm/src/install/arm_control/share/arm_control/meshes/link_4_1.stl
[0.544s] -- Installing: /home/open/work/robot_arm/src/install/arm_control/share/arm_control/meshes/Claw_2_1.stl
[0.544s] -- Installing: /home/open/work/robot_arm/src/install/arm_control/share/arm_control/meshes/Claw_1_1.stl
[0.544s] -- Installing: /home/open/work/robot_arm/src/install/arm_control/share/arm_control/meshes/base_link.stl
[0.545s] -- Installing: /home/open/work/robot_arm/src/install/arm_control/share/arm_control/urdf
[0.545s] -- Installing: /home/open/work/robot_arm/src/install/arm_control/share/arm_control/urdf/SMW-G02(2.0)_camera_urdf.trans
[0.545s] -- Installing: /home/open/work/robot_arm/src/install/arm_control/share/arm_control/urdf/materials.xacro
[0.545s] -- Installing: /home/open/work/robot_arm/src/install/arm_control/share/arm_control/urdf/SMW-G02(2.0)_camera_urdf.xacro
[0.545s] -- Installing: /home/open/work/robot_arm/src/install/arm_control/share/arm_control/urdf/SMW-G02(2.0)_camera_urdf.gazebo
[0.545s] -- Installing: /home/open/work/robot_arm/src/install/arm_control/share/ament_index/resource_index/package_run_dependencies/arm_control
[0.545s] -- Installing: /home/open/work/robot_arm/src/install/arm_control/share/ament_index/resource_index/parent_prefix_path/arm_control
[0.545s] -- Installing: /home/open/work/robot_arm/src/install/arm_control/share/arm_control/environment/ament_prefix_path.sh
[0.545s] -- Installing: /home/open/work/robot_arm/src/install/arm_control/share/arm_control/environment/ament_prefix_path.dsv
[0.545s] -- Installing: /home/open/work/robot_arm/src/install/arm_control/share/arm_control/environment/path.sh
[0.545s] -- Installing: /home/open/work/robot_arm/src/install/arm_control/share/arm_control/environment/path.dsv
[0.545s] -- Installing: /home/open/work/robot_arm/src/install/arm_control/share/arm_control/local_setup.bash
[0.545s] -- Installing: /home/open/work/robot_arm/src/install/arm_control/share/arm_control/local_setup.sh
[0.546s] -- Installing: /home/open/work/robot_arm/src/install/arm_control/share/arm_control/local_setup.zsh
[0.546s] -- Installing: /home/open/work/robot_arm/src/install/arm_control/share/arm_control/local_setup.dsv
[0.546s] -- Installing: /home/open/work/robot_arm/src/install/arm_control/share/arm_control/package.dsv
[0.546s] -- Installing: /home/open/work/robot_arm/src/install/arm_control/share/ament_index/resource_index/packages/arm_control
[0.546s] -- Installing: /home/open/work/robot_arm/src/install/arm_control/share/arm_control/cmake/arm_controlConfig.cmake
[0.546s] -- Installing: /home/open/work/robot_arm/src/install/arm_control/share/arm_control/cmake/arm_controlConfig-version.cmake
[0.546s] -- Installing: /home/open/work/robot_arm/src/install/arm_control/share/arm_control/package.xml
[0.547s] Invoked command in '/home/open/work/robot_arm/src/build/arm_control' returned '0': CMAKE_PREFIX_PATH=/opt/ros/humble /usr/bin/cmake --install /home/open/work/robot_arm/src/build/arm_control
