[1.929s] Invoking command in '/home/open/work/motor_control/src/core': PYTHONPATH=/home/open/work/build/core/prefix_override:/usr/lib/python3/dist-packages/colcon_core/task/python/colcon_distutils_commands:/home/open/work/install/core/lib/python3.10/site-packages:${PYTHONPATH} /usr/bin/python3 -W ignore:setup.py install is deprecated -W ignore:easy_install command is deprecated setup.py egg_info --egg-base ../../../build/core build --build-base /home/open/work/build/core/build install --record /home/open/work/build/core/install.log --single-version-externally-managed install_data
[2.334s] running egg_info
[2.335s] writing ../../../build/core/core.egg-info/PKG-INFO
[2.335s] writing dependency_links to ../../../build/core/core.egg-info/dependency_links.txt
[2.335s] writing entry points to ../../../build/core/core.egg-info/entry_points.txt
[2.335s] writing requirements to ../../../build/core/core.egg-info/requires.txt
[2.336s] writing top-level names to ../../../build/core/core.egg-info/top_level.txt
[2.337s] reading manifest file '../../../build/core/core.egg-info/SOURCES.txt'
[2.338s] writing manifest file '../../../build/core/core.egg-info/SOURCES.txt'
[2.339s] running build
[2.339s] running build_py
[2.339s] running install
[2.339s] running install_lib
[2.341s] running install_data
[2.341s] running install_egg_info
[2.342s] removing '/home/open/work/install/core/lib/python3.10/site-packages/core-0.0.0-py3.10.egg-info' (and everything under it)
[2.343s] Copying ../../../build/core/core.egg-info to /home/open/work/install/core/lib/python3.10/site-packages/core-0.0.0-py3.10.egg-info
[2.343s] running install_scripts
[2.376s] Installing task_master script to /home/open/work/install/core/lib/core
[2.376s] writing list of installed files to '/home/open/work/build/core/install.log'
[2.410s] Invoked command in '/home/open/work/motor_control/src/core' returned '0': PYTHONPATH=/home/open/work/build/core/prefix_override:/usr/lib/python3/dist-packages/colcon_core/task/python/colcon_distutils_commands:/home/open/work/install/core/lib/python3.10/site-packages:${PYTHONPATH} /usr/bin/python3 -W ignore:setup.py install is deprecated -W ignore:easy_install command is deprecated setup.py egg_info --egg-base ../../../build/core build --build-base /home/open/work/build/core/build install --record /home/open/work/build/core/install.log --single-version-externally-managed install_data
