[0.017s] Invoking command in '/home/open/work/build/arm_control': CMAKE_PREFIX_PATH=${CMAKE_PREFIX_PATH}:/home/open/work/install/realsense:/home/open/work/install/core:/opt/ros/humble /usr/bin/cmake /home/open/work/robot_arm/src/arm_control -DCMAKE_INSTALL_PREFIX=/home/open/work/install/arm_control
[0.357s] -- The C compiler identification is GNU 11.4.0
[0.357s] -- The CXX compiler identification is GNU 11.4.0
[0.357s] -- Detecting C compiler ABI info
[0.357s] -- Detecting C compiler ABI info - done
[0.357s] -- Check for working C compiler: /usr/bin/cc - skipped
[0.357s] -- Detecting C compile features
[0.357s] -- Detecting C compile features - done
[0.357s] -- Detecting CXX compiler ABI info
[0.357s] -- Detecting CXX compiler ABI info - done
[0.358s] -- Check for working CXX compiler: /usr/bin/c++ - skipped
[0.358s] -- Detecting CXX compile features
[0.358s] -- Detecting CXX compile features - done
[0.358s] -- Found ament_cmake: 1.3.11 (/opt/ros/humble/share/ament_cmake/cmake)
[0.359s] -- Found Python3: /usr/bin/python3 (found version "3.10.12") found components: Interpreter 
[0.442s] -- Found ament_lint_auto: 0.12.12 (/opt/ros/humble/share/ament_lint_auto/cmake)
[0.524s] -- Added test 'lint_cmake' to check CMake code style
[0.526s] -- Added test 'xmllint' to check XML markup files
[0.528s] -- Configuring done
[0.531s] -- Generating done
[0.532s] -- Build files have been written to: /home/open/work/build/arm_control
[0.537s] Invoked command in '/home/open/work/build/arm_control' returned '0': CMAKE_PREFIX_PATH=${CMAKE_PREFIX_PATH}:/home/open/work/install/realsense:/home/open/work/install/core:/opt/ros/humble /usr/bin/cmake /home/open/work/robot_arm/src/arm_control -DCMAKE_INSTALL_PREFIX=/home/open/work/install/arm_control
[0.538s] Invoking command in '/home/open/work/build/arm_control': CMAKE_PREFIX_PATH=${CMAKE_PREFIX_PATH}:/home/open/work/install/realsense:/home/open/work/install/core:/opt/ros/humble /usr/bin/cmake --build /home/open/work/build/arm_control -- -j16 -l16
[0.564s] Invoked command in '/home/open/work/build/arm_control' returned '0': CMAKE_PREFIX_PATH=${CMAKE_PREFIX_PATH}:/home/open/work/install/realsense:/home/open/work/install/core:/opt/ros/humble /usr/bin/cmake --build /home/open/work/build/arm_control -- -j16 -l16
[0.571s] Invoking command in '/home/open/work/build/arm_control': CMAKE_PREFIX_PATH=${CMAKE_PREFIX_PATH}:/home/open/work/install/realsense:/home/open/work/install/core:/opt/ros/humble /usr/bin/cmake --install /home/open/work/build/arm_control
[0.576s] -- Install configuration: ""
[0.576s] -- Installing: /home/open/work/install/arm_control/share/arm_control/meshes
[0.576s] -- Installing: /home/open/work/install/arm_control/share/arm_control/meshes/link_5_1.stl
[0.577s] -- Installing: /home/open/work/install/arm_control/share/arm_control/meshes/link_2_1.stl
[0.578s] -- Installing: /home/open/work/install/arm_control/share/arm_control/meshes/link_3_1.stl
[0.580s] -- Installing: /home/open/work/install/arm_control/share/arm_control/meshes/Claw_base_1.stl
[0.580s] -- Installing: /home/open/work/install/arm_control/share/arm_control/meshes/Camera_1.stl
[0.582s] -- Installing: /home/open/work/install/arm_control/share/arm_control/meshes/link_1_1.stl
[0.583s] -- Installing: /home/open/work/install/arm_control/share/arm_control/meshes/link_4_1.stl
[0.584s] -- Installing: /home/open/work/install/arm_control/share/arm_control/meshes/Claw_2_1.stl
[0.584s] -- Installing: /home/open/work/install/arm_control/share/arm_control/meshes/Claw_1_1.stl
[0.585s] -- Installing: /home/open/work/install/arm_control/share/arm_control/meshes/base_link.stl
[0.586s] -- Installing: /home/open/work/install/arm_control/share/arm_control/urdf
[0.586s] -- Installing: /home/open/work/install/arm_control/share/arm_control/urdf/smw_g02_camera_urdf.xacro
[0.587s] -- Installing: /home/open/work/install/arm_control/share/arm_control/urdf/smw_g02_camera_urdf.trans.trans
[0.587s] -- Installing: /home/open/work/install/arm_control/share/arm_control/urdf/materials.xacro
[0.587s] -- Installing: /home/open/work/install/arm_control/share/arm_control/urdf/smw_g02_camera_urdf.gazebo
[0.587s] -- Installing: /home/open/work/install/arm_control/share/arm_control/urdf/myarm_urdf.xacro
[0.587s] -- Installing: /home/open/work/install/arm_control/share/ament_index/resource_index/package_run_dependencies/arm_control
[0.587s] -- Installing: /home/open/work/install/arm_control/share/ament_index/resource_index/parent_prefix_path/arm_control
[0.587s] -- Installing: /home/open/work/install/arm_control/share/arm_control/environment/ament_prefix_path.sh
[0.587s] -- Installing: /home/open/work/install/arm_control/share/arm_control/environment/ament_prefix_path.dsv
[0.588s] -- Installing: /home/open/work/install/arm_control/share/arm_control/environment/path.sh
[0.588s] -- Installing: /home/open/work/install/arm_control/share/arm_control/environment/path.dsv
[0.588s] -- Installing: /home/open/work/install/arm_control/share/arm_control/local_setup.bash
[0.588s] -- Installing: /home/open/work/install/arm_control/share/arm_control/local_setup.sh
[0.588s] -- Installing: /home/open/work/install/arm_control/share/arm_control/local_setup.zsh
[0.588s] -- Installing: /home/open/work/install/arm_control/share/arm_control/local_setup.dsv
[0.588s] -- Installing: /home/open/work/install/arm_control/share/arm_control/package.dsv
[0.588s] -- Installing: /home/open/work/install/arm_control/share/ament_index/resource_index/packages/arm_control
[0.588s] -- Installing: /home/open/work/install/arm_control/share/arm_control/cmake/arm_controlConfig.cmake
[0.588s] -- Installing: /home/open/work/install/arm_control/share/arm_control/cmake/arm_controlConfig-version.cmake
[0.588s] -- Installing: /home/open/work/install/arm_control/share/arm_control/package.xml
[0.590s] Invoked command in '/home/open/work/build/arm_control' returned '0': CMAKE_PREFIX_PATH=${CMAKE_PREFIX_PATH}:/home/open/work/install/realsense:/home/open/work/install/core:/opt/ros/humble /usr/bin/cmake --install /home/open/work/build/arm_control
