[0.037s] Invoking command in '/home/open/work/build/small_arm_description': CMAKE_PREFIX_PATH=/home/open/work/install/dynamixel_hardware:/home/open/work/install/dynamixel_workbench_toolbox:/home/open/work/install/small_arm_moveit_cpp:/home/open/work/install/small_arm_moveit_config:/home/open/work/install/small_arm_description:/home/open/work/install/moviet:/home/open/work/install/dynamixel_workbench:/home/open/work/install/dynamixel_workbench_msgs:/home/open/work/install/arm_control:/home/open/work/install/realsense:/home/open/work/install/python_moveit2:/home/open/work/install/core:/opt/ros/humble /usr/bin/cmake /home/open/work/motor_control/src/tb4_arm_ros2/small_arm_description -DCMAKE_INSTALL_PREFIX=/home/open/work/install/small_arm_description
[0.284s] -- The C compiler identification is GNU 11.4.0
[0.499s] -- The CXX compiler identification is GNU 11.4.0
[0.534s] -- Detecting C compiler ABI info
[0.765s] -- Detecting C compiler ABI info - done
[0.815s] -- Check for working C compiler: /usr/bin/cc - skipped
[0.815s] -- Detecting C compile features
[0.826s] -- Detecting C compile features - done
[0.841s] -- Detecting CXX compiler ABI info
[1.136s] -- Detecting CXX compiler ABI info - done
[1.149s] -- Check for working CXX compiler: /usr/bin/c++ - skipped
[1.150s] -- Detecting CXX compile features
[1.151s] -- Detecting CXX compile features - done
[1.159s] -- Found ament_cmake: 1.3.11 (/opt/ros/humble/share/ament_cmake/cmake)
[1.785s] -- Found Python3: /usr/bin/python3 (found version "3.10.12") found components: Interpreter 
[2.153s] -- Found robot_state_publisher: 3.0.3 (/opt/ros/humble/share/robot_state_publisher/cmake)
[2.277s] -- Found rosidl_generator_c: 3.1.6 (/opt/ros/humble/share/rosidl_generator_c/cmake)
[2.301s] -- Found rosidl_adapter: 3.1.6 (/opt/ros/humble/share/rosidl_adapter/cmake)
[2.344s] -- Found rosidl_generator_cpp: 3.1.6 (/opt/ros/humble/share/rosidl_generator_cpp/cmake)
[2.397s] -- Using all available rosidl_typesupport_c: rosidl_typesupport_fastrtps_c;rosidl_typesupport_introspection_c
[2.440s] -- Using all available rosidl_typesupport_cpp: rosidl_typesupport_fastrtps_cpp;rosidl_typesupport_introspection_cpp
[2.627s] -- Found eigen3_cmake_module: 0.1.1 (/opt/ros/humble/share/eigen3_cmake_module/cmake)
[2.631s] -- Found Eigen3: TRUE (found version "3.4.0") 
[2.632s] -- Ensuring Eigen3 include directory is part of orocos-kdl CMake target
[2.799s] -- Found rmw_implementation_cmake: 6.1.2 (/opt/ros/humble/share/rmw_implementation_cmake/cmake)
[2.805s] -- Found rmw_cyclonedds_cpp: 1.3.4 (/opt/ros/humble/share/rmw_cyclonedds_cpp/cmake)
[2.879s] -- Using RMW implementation 'rmw_cyclonedds_cpp' as default
[2.934s] -- Looking for pthread.h
[3.128s] -- Looking for pthread.h - found
[3.129s] -- Performing Test CMAKE_HAVE_LIBC_PTHREAD
[3.437s] -- Performing Test CMAKE_HAVE_LIBC_PTHREAD - Success
[3.440s] -- Found Threads: TRUE  
[4.190s] -- Found xacro: 2.0.13 (/opt/ros/humble/share/xacro/cmake)
[4.195s] -- Found rviz2: 11.2.16 (/opt/ros/humble/share/rviz2/cmake)
[4.199s] -- Found ros2_control: 2.50.0 (/opt/ros/humble/share/ros2_control/cmake)
[4.203s] -- Found ros2_controllers: 2.44.0 (/opt/ros/humble/share/ros2_controllers/cmake)
[4.203s] -- Found dynamixel_hardware: 0.0.0 (/home/open/work/install/dynamixel_hardware/share/dynamixel_hardware/cmake)
[4.323s] -- Found ament_lint_auto: 0.12.12 (/opt/ros/humble/share/ament_lint_auto/cmake)
[4.445s] -- Added test 'copyright' to check source files copyright and LICENSE
[4.450s] -- Added test 'flake8' to check Python code syntax and style conventions
[4.451s] -- Added test 'lint_cmake' to check CMake code style
[4.452s] -- Added test 'pep257' to check Python code against some of the docstring style conventions in PEP 257
[4.454s] -- Added test 'xmllint' to check XML markup files
[4.455s] -- Configuring done
[4.462s] -- Generating done
[4.467s] -- Build files have been written to: /home/open/work/build/small_arm_description
[4.479s] Invoked command in '/home/open/work/build/small_arm_description' returned '0': CMAKE_PREFIX_PATH=/home/open/work/install/dynamixel_hardware:/home/open/work/install/dynamixel_workbench_toolbox:/home/open/work/install/small_arm_moveit_cpp:/home/open/work/install/small_arm_moveit_config:/home/open/work/install/small_arm_description:/home/open/work/install/moviet:/home/open/work/install/dynamixel_workbench:/home/open/work/install/dynamixel_workbench_msgs:/home/open/work/install/arm_control:/home/open/work/install/realsense:/home/open/work/install/python_moveit2:/home/open/work/install/core:/opt/ros/humble /usr/bin/cmake /home/open/work/motor_control/src/tb4_arm_ros2/small_arm_description -DCMAKE_INSTALL_PREFIX=/home/open/work/install/small_arm_description
[4.481s] Invoking command in '/home/open/work/build/small_arm_description': CMAKE_PREFIX_PATH=/home/open/work/install/dynamixel_hardware:/home/open/work/install/dynamixel_workbench_toolbox:/home/open/work/install/small_arm_moveit_cpp:/home/open/work/install/small_arm_moveit_config:/home/open/work/install/small_arm_description:/home/open/work/install/moviet:/home/open/work/install/dynamixel_workbench:/home/open/work/install/dynamixel_workbench_msgs:/home/open/work/install/arm_control:/home/open/work/install/realsense:/home/open/work/install/python_moveit2:/home/open/work/install/core:/opt/ros/humble /usr/bin/cmake --build /home/open/work/build/small_arm_description -- -j16 -l16
[4.530s] Invoked command in '/home/open/work/build/small_arm_description' returned '0': CMAKE_PREFIX_PATH=/home/open/work/install/dynamixel_hardware:/home/open/work/install/dynamixel_workbench_toolbox:/home/open/work/install/small_arm_moveit_cpp:/home/open/work/install/small_arm_moveit_config:/home/open/work/install/small_arm_description:/home/open/work/install/moviet:/home/open/work/install/dynamixel_workbench:/home/open/work/install/dynamixel_workbench_msgs:/home/open/work/install/arm_control:/home/open/work/install/realsense:/home/open/work/install/python_moveit2:/home/open/work/install/core:/opt/ros/humble /usr/bin/cmake --build /home/open/work/build/small_arm_description -- -j16 -l16
[4.532s] Invoking command in '/home/open/work/build/small_arm_description': CMAKE_PREFIX_PATH=/home/open/work/install/dynamixel_hardware:/home/open/work/install/dynamixel_workbench_toolbox:/home/open/work/install/small_arm_moveit_cpp:/home/open/work/install/small_arm_moveit_config:/home/open/work/install/small_arm_description:/home/open/work/install/moviet:/home/open/work/install/dynamixel_workbench:/home/open/work/install/dynamixel_workbench_msgs:/home/open/work/install/arm_control:/home/open/work/install/realsense:/home/open/work/install/python_moveit2:/home/open/work/install/core:/opt/ros/humble /usr/bin/cmake --install /home/open/work/build/small_arm_description
[4.540s] -- Install configuration: ""
[4.540s] -- Installing: /home/open/work/install/small_arm_description/share/small_arm_description/meshes
[4.540s] -- Installing: /home/open/work/install/small_arm_description/share/small_arm_description/meshes/link_5_1.stl
[4.541s] -- Installing: /home/open/work/install/small_arm_description/share/small_arm_description/meshes/link_2_1.stl
[4.541s] -- Installing: /home/open/work/install/small_arm_description/share/small_arm_description/meshes/link_3_1.stl
[4.542s] -- Installing: /home/open/work/install/small_arm_description/share/small_arm_description/meshes/link_6_1.stl
[4.542s] -- Installing: /home/open/work/install/small_arm_description/share/small_arm_description/meshes/RealSence_1.stl
[4.543s] -- Installing: /home/open/work/install/small_arm_description/share/small_arm_description/meshes/link_1_1.stl
[4.544s] -- Installing: /home/open/work/install/small_arm_description/share/small_arm_description/meshes/link_4_1.stl
[4.544s] -- Installing: /home/open/work/install/small_arm_description/share/small_arm_description/meshes/Craw_1_1.stl
[4.544s] -- Installing: /home/open/work/install/small_arm_description/share/small_arm_description/meshes/base_link.stl
[4.545s] -- Installing: /home/open/work/install/small_arm_description/share/small_arm_description/meshes/Craw_2_1.stl
[4.545s] -- Installing: /home/open/work/install/small_arm_description/share/small_arm_description/urdf
[4.545s] -- Installing: /home/open/work/install/small_arm_description/share/small_arm_description/urdf/materials.xacro
[4.545s] -- Installing: /home/open/work/install/small_arm_description/share/small_arm_description/urdf/small_arm.ros2_control.xacro
[4.546s] -- Installing: /home/open/work/install/small_arm_description/share/small_arm_description/urdf/small_arm.urdf.xacro
[4.546s] -- Installing: /home/open/work/install/small_arm_description/share/small_arm_description/urdf/small_arm.xacro
[4.546s] -- Installing: /home/open/work/install/small_arm_description/share/small_arm_description/controllers
[4.546s] -- Installing: /home/open/work/install/small_arm_description/share/small_arm_description/controllers/controllers.yaml
[4.546s] -- Installing: /home/open/work/install/small_arm_description/share/small_arm_description/launch
[4.546s] -- Installing: /home/open/work/install/small_arm_description/share/small_arm_description/launch/small_arm.rviz
[4.546s] -- Installing: /home/open/work/install/small_arm_description/share/small_arm_description/launch/display.launch.py
[4.546s] -- Installing: /home/open/work/install/small_arm_description/share/small_arm_description/launch/pantilt_bot_gazebo.launch.py
[4.546s] -- Installing: /home/open/work/install/small_arm_description/share/small_arm_description/launch/small_arm.launch.py
[4.546s] -- Installing: /home/open/work/install/small_arm_description/share/ament_index/resource_index/package_run_dependencies/small_arm_description
[4.547s] -- Installing: /home/open/work/install/small_arm_description/share/ament_index/resource_index/parent_prefix_path/small_arm_description
[4.547s] -- Installing: /home/open/work/install/small_arm_description/share/small_arm_description/environment/ament_prefix_path.sh
[4.547s] -- Installing: /home/open/work/install/small_arm_description/share/small_arm_description/environment/ament_prefix_path.dsv
[4.547s] -- Installing: /home/open/work/install/small_arm_description/share/small_arm_description/environment/path.sh
[4.547s] -- Installing: /home/open/work/install/small_arm_description/share/small_arm_description/environment/path.dsv
[4.547s] -- Installing: /home/open/work/install/small_arm_description/share/small_arm_description/local_setup.bash
[4.547s] -- Installing: /home/open/work/install/small_arm_description/share/small_arm_description/local_setup.sh
[4.547s] -- Installing: /home/open/work/install/small_arm_description/share/small_arm_description/local_setup.zsh
[4.547s] -- Installing: /home/open/work/install/small_arm_description/share/small_arm_description/local_setup.dsv
[4.548s] -- Installing: /home/open/work/install/small_arm_description/share/small_arm_description/package.dsv
[4.548s] -- Installing: /home/open/work/install/small_arm_description/share/ament_index/resource_index/packages/small_arm_description
[4.548s] -- Installing: /home/open/work/install/small_arm_description/share/small_arm_description/cmake/small_arm_descriptionConfig.cmake
[4.548s] -- Installing: /home/open/work/install/small_arm_description/share/small_arm_description/cmake/small_arm_descriptionConfig-version.cmake
[4.548s] -- Installing: /home/open/work/install/small_arm_description/share/small_arm_description/package.xml
[4.550s] Invoked command in '/home/open/work/build/small_arm_description' returned '0': CMAKE_PREFIX_PATH=/home/open/work/install/dynamixel_hardware:/home/open/work/install/dynamixel_workbench_toolbox:/home/open/work/install/small_arm_moveit_cpp:/home/open/work/install/small_arm_moveit_config:/home/open/work/install/small_arm_description:/home/open/work/install/moviet:/home/open/work/install/dynamixel_workbench:/home/open/work/install/dynamixel_workbench_msgs:/home/open/work/install/arm_control:/home/open/work/install/realsense:/home/open/work/install/python_moveit2:/home/open/work/install/core:/opt/ros/humble /usr/bin/cmake --install /home/open/work/build/small_arm_description
