[0.408s] Invoking command in '/home/open/work/build/small_arm_moveit_cpp': CMAKE_PREFIX_PATH=${CMAKE_PREFIX_PATH}:/home/open/work/install/realsense:/home/open/work/install/core:/opt/ros/humble /usr/bin/cmake --build /home/open/work/build/small_arm_moveit_cpp -- -j16 -l16
[0.462s] [ 20%] Built target named_goal
[0.462s] [ 40%] Built target ee_pose_in_base
[0.465s] [ 60%] Built target eye_hand_pose
[0.468s] [ 80%] Built target auto_pose_goal
[0.468s] [ 90%] [32mBuilding CXX object CMakeFiles/gripper_joint_value.dir/src/gripper_joint_value.cpp.o[0m
[9.743s] [100%] [32m[1mLinking CXX executable gripper_joint_value[0m
[10.244s] [100%] Built target gripper_joint_value
[10.252s] Invoked command in '/home/open/work/build/small_arm_moveit_cpp' returned '0': CMAKE_PREFIX_PATH=${CMAKE_PREFIX_PATH}:/home/open/work/install/realsense:/home/open/work/install/core:/opt/ros/humble /usr/bin/cmake --build /home/open/work/build/small_arm_moveit_cpp -- -j16 -l16
[10.253s] Invoking command in '/home/open/work/build/small_arm_moveit_cpp': CMAKE_PREFIX_PATH=${CMAKE_PREFIX_PATH}:/home/open/work/install/realsense:/home/open/work/install/core:/opt/ros/humble /usr/bin/cmake --install /home/open/work/build/small_arm_moveit_cpp
[10.258s] -- Install configuration: ""
[10.258s] -- Up-to-date: /home/open/work/install/small_arm_moveit_cpp/lib/small_arm_moveit_cpp/named_goal
[10.258s] -- Up-to-date: /home/open/work/install/small_arm_moveit_cpp/lib/small_arm_moveit_cpp/ee_pose_in_base
[10.258s] -- Up-to-date: /home/open/work/install/small_arm_moveit_cpp/lib/small_arm_moveit_cpp/eye_hand_pose
[10.258s] -- Up-to-date: /home/open/work/install/small_arm_moveit_cpp/lib/small_arm_moveit_cpp/auto_pose_goal
[10.259s] -- Installing: /home/open/work/install/small_arm_moveit_cpp/lib/small_arm_moveit_cpp/gripper_joint_value
[10.260s] -- Set runtime path of "/home/open/work/install/small_arm_moveit_cpp/lib/small_arm_moveit_cpp/gripper_joint_value" to ""
[10.261s] -- Up-to-date: /home/open/work/install/small_arm_moveit_cpp/share/small_arm_moveit_cpp/launch
[10.261s] -- Up-to-date: /home/open/work/install/small_arm_moveit_cpp/share/small_arm_moveit_cpp/launch/motion_planning.launch.py
[10.261s] -- Up-to-date: /home/open/work/install/small_arm_moveit_cpp/share/small_arm_moveit_cpp/config
[10.261s] -- Up-to-date: /home/open/work/install/small_arm_moveit_cpp/share/small_arm_moveit_cpp/config/moveit_cpp.yaml
[10.261s] -- Up-to-date: /home/open/work/install/small_arm_moveit_cpp/share/ament_index/resource_index/package_run_dependencies/small_arm_moveit_cpp
[10.261s] -- Up-to-date: /home/open/work/install/small_arm_moveit_cpp/share/ament_index/resource_index/parent_prefix_path/small_arm_moveit_cpp
[10.261s] -- Up-to-date: /home/open/work/install/small_arm_moveit_cpp/share/small_arm_moveit_cpp/environment/ament_prefix_path.sh
[10.261s] -- Up-to-date: /home/open/work/install/small_arm_moveit_cpp/share/small_arm_moveit_cpp/environment/ament_prefix_path.dsv
[10.261s] -- Up-to-date: /home/open/work/install/small_arm_moveit_cpp/share/small_arm_moveit_cpp/environment/path.sh
[10.261s] -- Up-to-date: /home/open/work/install/small_arm_moveit_cpp/share/small_arm_moveit_cpp/environment/path.dsv
[10.261s] -- Up-to-date: /home/open/work/install/small_arm_moveit_cpp/share/small_arm_moveit_cpp/local_setup.bash
[10.261s] -- Up-to-date: /home/open/work/install/small_arm_moveit_cpp/share/small_arm_moveit_cpp/local_setup.sh
[10.261s] -- Up-to-date: /home/open/work/install/small_arm_moveit_cpp/share/small_arm_moveit_cpp/local_setup.zsh
[10.261s] -- Up-to-date: /home/open/work/install/small_arm_moveit_cpp/share/small_arm_moveit_cpp/local_setup.dsv
[10.261s] -- Installing: /home/open/work/install/small_arm_moveit_cpp/share/small_arm_moveit_cpp/package.dsv
[10.261s] -- Up-to-date: /home/open/work/install/small_arm_moveit_cpp/share/ament_index/resource_index/packages/small_arm_moveit_cpp
[10.261s] -- Up-to-date: /home/open/work/install/small_arm_moveit_cpp/share/small_arm_moveit_cpp/cmake/small_arm_moveit_cppConfig.cmake
[10.261s] -- Up-to-date: /home/open/work/install/small_arm_moveit_cpp/share/small_arm_moveit_cpp/cmake/small_arm_moveit_cppConfig-version.cmake
[10.261s] -- Up-to-date: /home/open/work/install/small_arm_moveit_cpp/share/small_arm_moveit_cpp/package.xml
[10.262s] Invoked command in '/home/open/work/build/small_arm_moveit_cpp' returned '0': CMAKE_PREFIX_PATH=${CMAKE_PREFIX_PATH}:/home/open/work/install/realsense:/home/open/work/install/core:/opt/ros/humble /usr/bin/cmake --install /home/open/work/build/small_arm_moveit_cpp
