-- Install configuration: ""
-- Up-to-date: /home/open/work/install/moviet/share/ament_index/resource_index/package_run_dependencies/moviet
-- Up-to-date: /home/open/work/install/moviet/share/ament_index/resource_index/parent_prefix_path/moviet
-- Up-to-date: /home/open/work/install/moviet/share/moviet/environment/ament_prefix_path.sh
-- Up-to-date: /home/open/work/install/moviet/share/moviet/environment/ament_prefix_path.dsv
-- Up-to-date: /home/open/work/install/moviet/share/moviet/environment/path.sh
-- Up-to-date: /home/open/work/install/moviet/share/moviet/environment/path.dsv
-- Up-to-date: /home/open/work/install/moviet/share/moviet/local_setup.bash
-- Up-to-date: /home/open/work/install/moviet/share/moviet/local_setup.sh
-- Up-to-date: /home/open/work/install/moviet/share/moviet/local_setup.zsh
-- Up-to-date: /home/open/work/install/moviet/share/moviet/local_setup.dsv
-- Up-to-date: /home/open/work/install/moviet/share/moviet/package.dsv
-- Up-to-date: /home/open/work/install/moviet/share/ament_index/resource_index/packages/moviet
-- Up-to-date: /home/open/work/install/moviet/share/moviet/cmake/movietConfig.cmake
-- Up-to-date: /home/open/work/install/moviet/share/moviet/cmake/movietConfig-version.cmake
-- Up-to-date: /home/open/work/install/moviet/share/moviet/package.xml
-- Up-to-date: /home/open/work/install/moviet/share/moviet/launch
-- Up-to-date: /home/open/work/install/moviet/share/moviet/launch/moveit_rviz.launch.py
-- Up-to-date: /home/open/work/install/moviet/share/moviet/launch/rsp.launch.py
-- Up-to-date: /home/open/work/install/moviet/share/moviet/launch/spawn_controllers.launch.py
-- Up-to-date: /home/open/work/install/moviet/share/moviet/launch/move_group.launch.py
-- Up-to-date: /home/open/work/install/moviet/share/moviet/launch/warehouse_db.launch.py
-- Up-to-date: /home/open/work/install/moviet/share/moviet/launch/demo.launch.py
-- Up-to-date: /home/open/work/install/moviet/share/moviet/launch/setup_assistant.launch.py
-- Up-to-date: /home/open/work/install/moviet/share/moviet/launch/static_virtual_joint_tfs.launch.py
-- Up-to-date: /home/open/work/install/moviet/share/moviet/config
-- Up-to-date: /home/open/work/install/moviet/share/moviet/config/pilz_cartesian_limits.yaml
-- Up-to-date: /home/open/work/install/moviet/share/moviet/config/smw_g02_camera_urdf.urdf.xacro
-- Up-to-date: /home/open/work/install/moviet/share/moviet/config/initial_positions.yaml
-- Up-to-date: /home/open/work/install/moviet/share/moviet/config/moveit.rviz
-- Up-to-date: /home/open/work/install/moviet/share/moviet/config/smw_g02_camera_urdf.ros2_control.xacro
-- Up-to-date: /home/open/work/install/moviet/share/moviet/config/kinematics.yaml
-- Up-to-date: /home/open/work/install/moviet/share/moviet/config/joint_limits.yaml
-- Up-to-date: /home/open/work/install/moviet/share/moviet/config/smw_g02_camera_urdf.srdf
-- Up-to-date: /home/open/work/install/moviet/share/moviet/.setup_assistant
