[0.699s] Invoking command in '/home/open/work/motor_control/src/core': PYTHONPATH=/home/open/work/build/core/prefix_override:/usr/lib/python3/dist-packages/colcon_core/task/python/colcon_distutils_commands:/home/open/work/install/core/lib/python3.10/site-packages:${PYTHONPATH} /usr/bin/python3 -W ignore:setup.py install is deprecated -W ignore:easy_install command is deprecated setup.py egg_info --egg-base ../../../build/core build --build-base /home/open/work/build/core/build install --record /home/open/work/build/core/install.log --single-version-externally-managed install_data
[0.859s] running egg_info
[0.859s] writing ../../../build/core/core.egg-info/PKG-INFO
[0.859s] writing dependency_links to ../../../build/core/core.egg-info/dependency_links.txt
[0.859s] writing entry points to ../../../build/core/core.egg-info/entry_points.txt
[0.859s] writing requirements to ../../../build/core/core.egg-info/requires.txt
[0.859s] writing top-level names to ../../../build/core/core.egg-info/top_level.txt
[0.861s] reading manifest file '../../../build/core/core.egg-info/SOURCES.txt'
[0.861s] writing manifest file '../../../build/core/core.egg-info/SOURCES.txt'
[0.861s] running build
[0.861s] running build_py
[0.861s] copying core/task_master.py -> /home/open/work/build/core/build/lib/core
[0.861s] running install
[0.862s] running install_lib
[0.862s] copying /home/open/work/build/core/build/lib/core/task_master.py -> /home/open/work/install/core/lib/python3.10/site-packages/core
[0.863s] byte-compiling /home/open/work/install/core/lib/python3.10/site-packages/core/task_master.py to task_master.cpython-310.pyc
[0.864s] running install_data
[0.864s] running install_egg_info
[0.865s] removing '/home/open/work/install/core/lib/python3.10/site-packages/core-0.0.0-py3.10.egg-info' (and everything under it)
[0.865s] Copying ../../../build/core/core.egg-info to /home/open/work/install/core/lib/python3.10/site-packages/core-0.0.0-py3.10.egg-info
[0.865s] running install_scripts
[0.880s] Installing task_master script to /home/open/work/install/core/lib/core
[0.880s] writing list of installed files to '/home/open/work/build/core/install.log'
[0.897s] Invoked command in '/home/open/work/motor_control/src/core' returned '0': PYTHONPATH=/home/open/work/build/core/prefix_override:/usr/lib/python3/dist-packages/colcon_core/task/python/colcon_distutils_commands:/home/open/work/install/core/lib/python3.10/site-packages:${PYTHONPATH} /usr/bin/python3 -W ignore:setup.py install is deprecated -W ignore:easy_install command is deprecated setup.py egg_info --egg-base ../../../build/core build --build-base /home/open/work/build/core/build install --record /home/open/work/build/core/install.log --single-version-externally-managed install_data
