[0.007s] Invoking command in '/home/open/work/build/dynamixel_hardware': CMAKE_PREFIX_PATH=/home/open/work/install/dynamixel_workbench_toolbox:/home/open/work/install/small_arm_moveit_cpp:/home/open/work/install/small_arm_moveit_config:/home/open/work/install/small_arm_description:/home/open/work/install/moviet:/home/open/work/install/dynamixel_workbench:/home/open/work/install/dynamixel_hardware:/home/open/work/install/dynamixel_workbench_msgs:/home/open/work/install/arm_control:/home/open/work/install/realsense:/home/open/work/install/core:/opt/ros/humble LD_LIBRARY_PATH=/home/open/work/install/dynamixel_workbench_toolbox/lib:/home/open/work/install/dynamixel_hardware/lib:/home/open/work/install/dynamixel_workbench_msgs/lib:/opt/ros/humble/opt/rviz_ogre_vendor/lib:/opt/ros/humble/lib/x86_64-linux-gnu:/opt/ros/humble/lib:/usr/local/nvidia/lib:/usr/local/nvidia/lib64 /usr/bin/cmake /home/open/work/motor_control/src/tb4_arm_ros2/dynamixel_hardware -DCMAKE_INSTALL_PREFIX=/home/open/work/install/dynamixel_hardware
[0.042s] -- The C compiler identification is GNU 11.4.0
[0.080s] -- The CXX compiler identification is GNU 11.4.0
[0.087s] -- Detecting C compiler ABI info
[0.131s] -- Detecting C compiler ABI info - done
[0.136s] -- Check for working C compiler: /usr/bin/cc - skipped
[0.136s] -- Detecting C compile features
[0.136s] -- Detecting C compile features - done
[0.138s] -- Detecting CXX compiler ABI info
[0.190s] -- Detecting CXX compiler ABI info - done
[0.195s] -- Check for working CXX compiler: /usr/bin/c++ - skipped
[0.195s] -- Detecting CXX compile features
[0.195s] -- Detecting CXX compile features - done
[0.198s] -- Found ament_cmake: 1.3.11 (/opt/ros/humble/share/ament_cmake/cmake)
[0.312s] -- Found Python3: /usr/bin/python3 (found version "3.10.12") found components: Interpreter 
[0.456s] -- Found rclcpp: 16.0.12 (/opt/ros/humble/share/rclcpp/cmake)
[0.490s] -- Found rosidl_generator_c: 3.1.6 (/opt/ros/humble/share/rosidl_generator_c/cmake)
[0.495s] -- Found rosidl_adapter: 3.1.6 (/opt/ros/humble/share/rosidl_adapter/cmake)
[0.503s] -- Found rosidl_generator_cpp: 3.1.6 (/opt/ros/humble/share/rosidl_generator_cpp/cmake)
[0.513s] -- Using all available rosidl_typesupport_c: rosidl_typesupport_fastrtps_c;rosidl_typesupport_introspection_c
[0.526s] -- Using all available rosidl_typesupport_cpp: rosidl_typesupport_fastrtps_cpp;rosidl_typesupport_introspection_cpp
[0.562s] -- Found rmw_implementation_cmake: 6.1.2 (/opt/ros/humble/share/rmw_implementation_cmake/cmake)
[0.564s] -- Found rmw_cyclonedds_cpp: 1.3.4 (/opt/ros/humble/share/rmw_cyclonedds_cpp/cmake)
[0.583s] -- Using RMW implementation 'rmw_cyclonedds_cpp' as default
[0.592s] -- Looking for pthread.h
[0.645s] -- Looking for pthread.h - found
[0.645s] -- Performing Test CMAKE_HAVE_LIBC_PTHREAD
[0.699s] -- Performing Test CMAKE_HAVE_LIBC_PTHREAD - Success
[0.700s] -- Found Threads: TRUE  
[0.745s] -- Found rclcpp_lifecycle: 16.0.12 (/opt/ros/humble/share/rclcpp_lifecycle/cmake)
[0.764s] -- Found hardware_interface: 2.50.0 (/opt/ros/humble/share/hardware_interface/cmake)
[0.918s] -- Found dynamixel_workbench_toolbox: 2.2.3 (/home/open/work/install/dynamixel_workbench_toolbox/share/dynamixel_workbench_toolbox/cmake)
[0.931s] -- Found ament_lint_auto: 0.12.12 (/opt/ros/humble/share/ament_lint_auto/cmake)
[1.009s] -- Added test 'copyright' to check source files copyright and LICENSE
[1.010s] -- Added test 'cppcheck' to perform static code analysis on C / C++ code
[1.010s] -- Configured cppcheck include dirs: /home/open/work/motor_control/src/tb4_arm_ros2/dynamixel_hardware/include
[1.010s] -- Configured cppcheck exclude dirs and/or files: 
[1.011s] -- Added test 'cpplint' to check C / C++ code against the Google style
[1.011s] -- Configured cpplint exclude dirs and/or files: 
[1.012s] -- Added test 'lint_cmake' to check CMake code style
[1.013s] -- Added test 'uncrustify' to check C / C++ code style
[1.013s] -- Configured uncrustify additional arguments: 
[1.013s] -- Added test 'xmllint' to check XML markup files
[1.015s] -- Configuring done
[1.044s] -- Generating done
[1.048s] -- Build files have been written to: /home/open/work/build/dynamixel_hardware
[1.056s] Invoked command in '/home/open/work/build/dynamixel_hardware' returned '0': CMAKE_PREFIX_PATH=/home/open/work/install/dynamixel_workbench_toolbox:/home/open/work/install/small_arm_moveit_cpp:/home/open/work/install/small_arm_moveit_config:/home/open/work/install/small_arm_description:/home/open/work/install/moviet:/home/open/work/install/dynamixel_workbench:/home/open/work/install/dynamixel_hardware:/home/open/work/install/dynamixel_workbench_msgs:/home/open/work/install/arm_control:/home/open/work/install/realsense:/home/open/work/install/core:/opt/ros/humble LD_LIBRARY_PATH=/home/open/work/install/dynamixel_workbench_toolbox/lib:/home/open/work/install/dynamixel_hardware/lib:/home/open/work/install/dynamixel_workbench_msgs/lib:/opt/ros/humble/opt/rviz_ogre_vendor/lib:/opt/ros/humble/lib/x86_64-linux-gnu:/opt/ros/humble/lib:/usr/local/nvidia/lib:/usr/local/nvidia/lib64 /usr/bin/cmake /home/open/work/motor_control/src/tb4_arm_ros2/dynamixel_hardware -DCMAKE_INSTALL_PREFIX=/home/open/work/install/dynamixel_hardware
[1.058s] Invoking command in '/home/open/work/build/dynamixel_hardware': CMAKE_PREFIX_PATH=/home/open/work/install/dynamixel_workbench_toolbox:/home/open/work/install/small_arm_moveit_cpp:/home/open/work/install/small_arm_moveit_config:/home/open/work/install/small_arm_description:/home/open/work/install/moviet:/home/open/work/install/dynamixel_workbench:/home/open/work/install/dynamixel_hardware:/home/open/work/install/dynamixel_workbench_msgs:/home/open/work/install/arm_control:/home/open/work/install/realsense:/home/open/work/install/core:/opt/ros/humble LD_LIBRARY_PATH=/home/open/work/install/dynamixel_workbench_toolbox/lib:/home/open/work/install/dynamixel_hardware/lib:/home/open/work/install/dynamixel_workbench_msgs/lib:/opt/ros/humble/opt/rviz_ogre_vendor/lib:/opt/ros/humble/lib/x86_64-linux-gnu:/opt/ros/humble/lib:/usr/local/nvidia/lib:/usr/local/nvidia/lib64 /usr/bin/cmake --build /home/open/work/build/dynamixel_hardware -- -j16 -l16
[1.101s] [ 50%] [32mBuilding CXX object CMakeFiles/dynamixel_hardware.dir/src/dynamixel_hardware.cpp.o[0m
[6.114s] [100%] [32m[1mLinking CXX shared library libdynamixel_hardware.so[0m
[6.590s] [100%] Built target dynamixel_hardware
[6.621s] Invoked command in '/home/open/work/build/dynamixel_hardware' returned '0': CMAKE_PREFIX_PATH=/home/open/work/install/dynamixel_workbench_toolbox:/home/open/work/install/small_arm_moveit_cpp:/home/open/work/install/small_arm_moveit_config:/home/open/work/install/small_arm_description:/home/open/work/install/moviet:/home/open/work/install/dynamixel_workbench:/home/open/work/install/dynamixel_hardware:/home/open/work/install/dynamixel_workbench_msgs:/home/open/work/install/arm_control:/home/open/work/install/realsense:/home/open/work/install/core:/opt/ros/humble LD_LIBRARY_PATH=/home/open/work/install/dynamixel_workbench_toolbox/lib:/home/open/work/install/dynamixel_hardware/lib:/home/open/work/install/dynamixel_workbench_msgs/lib:/opt/ros/humble/opt/rviz_ogre_vendor/lib:/opt/ros/humble/lib/x86_64-linux-gnu:/opt/ros/humble/lib:/usr/local/nvidia/lib:/usr/local/nvidia/lib64 /usr/bin/cmake --build /home/open/work/build/dynamixel_hardware -- -j16 -l16
[6.628s] Invoking command in '/home/open/work/build/dynamixel_hardware': CMAKE_PREFIX_PATH=/home/open/work/install/dynamixel_workbench_toolbox:/home/open/work/install/small_arm_moveit_cpp:/home/open/work/install/small_arm_moveit_config:/home/open/work/install/small_arm_description:/home/open/work/install/moviet:/home/open/work/install/dynamixel_workbench:/home/open/work/install/dynamixel_hardware:/home/open/work/install/dynamixel_workbench_msgs:/home/open/work/install/arm_control:/home/open/work/install/realsense:/home/open/work/install/core:/opt/ros/humble LD_LIBRARY_PATH=/home/open/work/install/dynamixel_workbench_toolbox/lib:/home/open/work/install/dynamixel_hardware/lib:/home/open/work/install/dynamixel_workbench_msgs/lib:/opt/ros/humble/opt/rviz_ogre_vendor/lib:/opt/ros/humble/lib/x86_64-linux-gnu:/opt/ros/humble/lib:/usr/local/nvidia/lib:/usr/local/nvidia/lib64 /usr/bin/cmake --install /home/open/work/build/dynamixel_hardware
[6.638s] -- Install configuration: ""
[6.638s] -- Installing: /home/open/work/install/dynamixel_hardware/share/dynamixel_hardware/dynamixel_hardware.xml
[6.638s] -- Installing: /home/open/work/install/dynamixel_hardware/lib/libdynamixel_hardware.so
[6.639s] -- Set runtime path of "/home/open/work/install/dynamixel_hardware/lib/libdynamixel_hardware.so" to ""
[6.640s] -- Installing: /home/open/work/install/dynamixel_hardware/include
[6.640s] -- Installing: /home/open/work/install/dynamixel_hardware/include/dynamixel_hardware
[6.640s] -- Installing: /home/open/work/install/dynamixel_hardware/include/dynamixel_hardware/visiblity_control.h
[6.640s] -- Installing: /home/open/work/install/dynamixel_hardware/include/dynamixel_hardware/dynamixel_hardware.hpp
[6.640s] -- Installing: /home/open/work/install/dynamixel_hardware/share/dynamixel_hardware/environment/library_path.sh
[6.640s] -- Installing: /home/open/work/install/dynamixel_hardware/share/dynamixel_hardware/environment/library_path.dsv
[6.640s] -- Installing: /home/open/work/install/dynamixel_hardware/share/ament_index/resource_index/package_run_dependencies/dynamixel_hardware
[6.640s] -- Installing: /home/open/work/install/dynamixel_hardware/share/ament_index/resource_index/parent_prefix_path/dynamixel_hardware
[6.640s] -- Installing: /home/open/work/install/dynamixel_hardware/share/dynamixel_hardware/environment/ament_prefix_path.sh
[6.642s] -- Installing: /home/open/work/install/dynamixel_hardware/share/dynamixel_hardware/environment/ament_prefix_path.dsv
[6.642s] -- Installing: /home/open/work/install/dynamixel_hardware/share/dynamixel_hardware/environment/path.sh
[6.642s] -- Installing: /home/open/work/install/dynamixel_hardware/share/dynamixel_hardware/environment/path.dsv
[6.642s] -- Installing: /home/open/work/install/dynamixel_hardware/share/dynamixel_hardware/local_setup.bash
[6.642s] -- Installing: /home/open/work/install/dynamixel_hardware/share/dynamixel_hardware/local_setup.sh
[6.642s] -- Installing: /home/open/work/install/dynamixel_hardware/share/dynamixel_hardware/local_setup.zsh
[6.642s] -- Installing: /home/open/work/install/dynamixel_hardware/share/dynamixel_hardware/local_setup.dsv
[6.642s] -- Installing: /home/open/work/install/dynamixel_hardware/share/dynamixel_hardware/package.dsv
[6.647s] -- Installing: /home/open/work/install/dynamixel_hardware/share/ament_index/resource_index/packages/dynamixel_hardware
[6.647s] -- Installing: /home/open/work/install/dynamixel_hardware/share/ament_index/resource_index/hardware_interface__pluginlib__plugin/dynamixel_hardware
[6.647s] -- Installing: /home/open/work/install/dynamixel_hardware/share/dynamixel_hardware/cmake/ament_cmake_export_include_directories-extras.cmake
[6.647s] -- Installing: /home/open/work/install/dynamixel_hardware/share/dynamixel_hardware/cmake/ament_cmake_export_libraries-extras.cmake
[6.647s] -- Installing: /home/open/work/install/dynamixel_hardware/share/dynamixel_hardware/cmake/ament_cmake_export_dependencies-extras.cmake
[6.647s] -- Installing: /home/open/work/install/dynamixel_hardware/share/dynamixel_hardware/cmake/dynamixel_hardwareConfig.cmake
[6.648s] -- Installing: /home/open/work/install/dynamixel_hardware/share/dynamixel_hardware/cmake/dynamixel_hardwareConfig-version.cmake
[6.649s] -- Installing: /home/open/work/install/dynamixel_hardware/share/dynamixel_hardware/package.xml
[6.649s] Invoked command in '/home/open/work/build/dynamixel_hardware' returned '0': CMAKE_PREFIX_PATH=/home/open/work/install/dynamixel_workbench_toolbox:/home/open/work/install/small_arm_moveit_cpp:/home/open/work/install/small_arm_moveit_config:/home/open/work/install/small_arm_description:/home/open/work/install/moviet:/home/open/work/install/dynamixel_workbench:/home/open/work/install/dynamixel_hardware:/home/open/work/install/dynamixel_workbench_msgs:/home/open/work/install/arm_control:/home/open/work/install/realsense:/home/open/work/install/core:/opt/ros/humble LD_LIBRARY_PATH=/home/open/work/install/dynamixel_workbench_toolbox/lib:/home/open/work/install/dynamixel_hardware/lib:/home/open/work/install/dynamixel_workbench_msgs/lib:/opt/ros/humble/opt/rviz_ogre_vendor/lib:/opt/ros/humble/lib/x86_64-linux-gnu:/opt/ros/humble/lib:/usr/local/nvidia/lib:/usr/local/nvidia/lib64 /usr/bin/cmake --install /home/open/work/build/dynamixel_hardware
