[1.072s] Invoking command in '/home/open/work/motor_control/src/core': PYTHONPATH=/home/open/work/build/core/prefix_override:/usr/lib/python3/dist-packages/colcon_core/task/python/colcon_distutils_commands:/home/open/work/install/core/lib/python3.10/site-packages:${PYTHONPATH} /usr/bin/python3 -W ignore:setup.py install is deprecated -W ignore:easy_install command is deprecated setup.py egg_info --egg-base ../../../build/core build --build-base /home/open/work/build/core/build install --record /home/open/work/build/core/install.log --single-version-externally-managed install_data
[1.274s] running egg_info
[1.274s] creating ../../../build/core/core.egg-info
[1.275s] writing ../../../build/core/core.egg-info/PKG-INFO
[1.275s] writing dependency_links to ../../../build/core/core.egg-info/dependency_links.txt
[1.275s] writing entry points to ../../../build/core/core.egg-info/entry_points.txt
[1.275s] writing requirements to ../../../build/core/core.egg-info/requires.txt
[1.275s] writing top-level names to ../../../build/core/core.egg-info/top_level.txt
[1.275s] writing manifest file '../../../build/core/core.egg-info/SOURCES.txt'
[1.276s] reading manifest file '../../../build/core/core.egg-info/SOURCES.txt'
[1.277s] writing manifest file '../../../build/core/core.egg-info/SOURCES.txt'
[1.277s] running build
[1.277s] running build_py
[1.277s] creating /home/open/work/build/core/build
[1.277s] creating /home/open/work/build/core/build/lib
[1.277s] creating /home/open/work/build/core/build/lib/core
[1.277s] copying core/__init__.py -> /home/open/work/build/core/build/lib/core
[1.277s] copying core/task_master.py -> /home/open/work/build/core/build/lib/core
[1.278s] running install
[1.278s] running install_lib
[1.278s] creating /home/open/work/install/core/lib/python3.10/site-packages/core
[1.278s] copying /home/open/work/build/core/build/lib/core/__init__.py -> /home/open/work/install/core/lib/python3.10/site-packages/core
[1.278s] copying /home/open/work/build/core/build/lib/core/task_master.py -> /home/open/work/install/core/lib/python3.10/site-packages/core
[1.279s] byte-compiling /home/open/work/install/core/lib/python3.10/site-packages/core/__init__.py to __init__.cpython-310.pyc
[1.279s] byte-compiling /home/open/work/install/core/lib/python3.10/site-packages/core/task_master.py to task_master.cpython-310.pyc
[1.280s] running install_data
[1.280s] creating /home/open/work/install/core/share/ament_index
[1.280s] creating /home/open/work/install/core/share/ament_index/resource_index
[1.280s] creating /home/open/work/install/core/share/ament_index/resource_index/packages
[1.280s] copying resource/core -> /home/open/work/install/core/share/ament_index/resource_index/packages
[1.280s] copying package.xml -> /home/open/work/install/core/share/core
[1.280s] running install_egg_info
[1.283s] Copying ../../../build/core/core.egg-info to /home/open/work/install/core/lib/python3.10/site-packages/core-0.0.0-py3.10.egg-info
[1.283s] running install_scripts
[1.301s] Installing task_master script to /home/open/work/install/core/lib/core
[1.302s] writing list of installed files to '/home/open/work/build/core/install.log'
[1.327s] Invoked command in '/home/open/work/motor_control/src/core' returned '0': PYTHONPATH=/home/open/work/build/core/prefix_override:/usr/lib/python3/dist-packages/colcon_core/task/python/colcon_distutils_commands:/home/open/work/install/core/lib/python3.10/site-packages:${PYTHONPATH} /usr/bin/python3 -W ignore:setup.py install is deprecated -W ignore:easy_install command is deprecated setup.py egg_info --egg-base ../../../build/core build --build-base /home/open/work/build/core/build install --record /home/open/work/build/core/install.log --single-version-externally-managed install_data
