[0.394s] Invoking command in '/home/open/work/build/small_arm_moveit_cpp': CMAKE_PREFIX_PATH=${CMAKE_PREFIX_PATH}:/home/open/work/install/realsense:/home/open/work/install/core:/opt/ros/humble /usr/bin/cmake --build /home/open/work/build/small_arm_moveit_cpp -- -j16 -l16
[0.434s] [35m[1mConsolidate compiler generated dependencies of target gripper_joint_value[0m
[0.447s] [ 20%] Built target ee_pose_in_base
[0.448s] [ 40%] Built target eye_hand_pose
[0.450s] [ 60%] Built target auto_pose_goal
[0.451s] [ 80%] Built target named_goal
[0.452s] [100%] Built target gripper_joint_value
[0.466s] Invoked command in '/home/open/work/build/small_arm_moveit_cpp' returned '0': CMAKE_PREFIX_PATH=${CMAKE_PREFIX_PATH}:/home/open/work/install/realsense:/home/open/work/install/core:/opt/ros/humble /usr/bin/cmake --build /home/open/work/build/small_arm_moveit_cpp -- -j16 -l16
[0.467s] Invoking command in '/home/open/work/build/small_arm_moveit_cpp': CMAKE_PREFIX_PATH=${CMAKE_PREFIX_PATH}:/home/open/work/install/realsense:/home/open/work/install/core:/opt/ros/humble /usr/bin/cmake --install /home/open/work/build/small_arm_moveit_cpp
[0.480s] -- Install configuration: ""
[0.480s] -- Up-to-date: /home/open/work/install/small_arm_moveit_cpp/lib/small_arm_moveit_cpp/named_goal
[0.480s] -- Up-to-date: /home/open/work/install/small_arm_moveit_cpp/lib/small_arm_moveit_cpp/ee_pose_in_base
[0.482s] -- Up-to-date: /home/open/work/install/small_arm_moveit_cpp/lib/small_arm_moveit_cpp/eye_hand_pose
[0.485s] -- Up-to-date: /home/open/work/install/small_arm_moveit_cpp/lib/small_arm_moveit_cpp/auto_pose_goal
[0.485s] -- Up-to-date: /home/open/work/install/small_arm_moveit_cpp/lib/small_arm_moveit_cpp/gripper_joint_value
[0.485s] -- Up-to-date: /home/open/work/install/small_arm_moveit_cpp/share/small_arm_moveit_cpp/launch
[0.485s] -- Up-to-date: /home/open/work/install/small_arm_moveit_cpp/share/small_arm_moveit_cpp/launch/motion_planning.launch.py
[0.486s] -- Up-to-date: /home/open/work/install/small_arm_moveit_cpp/share/small_arm_moveit_cpp/config
[0.486s] -- Up-to-date: /home/open/work/install/small_arm_moveit_cpp/share/small_arm_moveit_cpp/config/moveit_cpp.yaml
[0.486s] -- Up-to-date: /home/open/work/install/small_arm_moveit_cpp/share/ament_index/resource_index/package_run_dependencies/small_arm_moveit_cpp
[0.486s] -- Up-to-date: /home/open/work/install/small_arm_moveit_cpp/share/ament_index/resource_index/parent_prefix_path/small_arm_moveit_cpp
[0.486s] -- Up-to-date: /home/open/work/install/small_arm_moveit_cpp/share/small_arm_moveit_cpp/environment/ament_prefix_path.sh
[0.486s] -- Up-to-date: /home/open/work/install/small_arm_moveit_cpp/share/small_arm_moveit_cpp/environment/ament_prefix_path.dsv
[0.487s] -- Up-to-date: /home/open/work/install/small_arm_moveit_cpp/share/small_arm_moveit_cpp/environment/path.sh
[0.487s] -- Up-to-date: /home/open/work/install/small_arm_moveit_cpp/share/small_arm_moveit_cpp/environment/path.dsv
[0.487s] -- Up-to-date: /home/open/work/install/small_arm_moveit_cpp/share/small_arm_moveit_cpp/local_setup.bash
[0.487s] -- Up-to-date: /home/open/work/install/small_arm_moveit_cpp/share/small_arm_moveit_cpp/local_setup.sh
[0.487s] -- Up-to-date: /home/open/work/install/small_arm_moveit_cpp/share/small_arm_moveit_cpp/local_setup.zsh
[0.487s] -- Up-to-date: /home/open/work/install/small_arm_moveit_cpp/share/small_arm_moveit_cpp/local_setup.dsv
[0.487s] -- Installing: /home/open/work/install/small_arm_moveit_cpp/share/small_arm_moveit_cpp/package.dsv
[0.487s] -- Up-to-date: /home/open/work/install/small_arm_moveit_cpp/share/ament_index/resource_index/packages/small_arm_moveit_cpp
[0.487s] -- Up-to-date: /home/open/work/install/small_arm_moveit_cpp/share/small_arm_moveit_cpp/cmake/small_arm_moveit_cppConfig.cmake
[0.487s] -- Up-to-date: /home/open/work/install/small_arm_moveit_cpp/share/small_arm_moveit_cpp/cmake/small_arm_moveit_cppConfig-version.cmake
[0.487s] -- Up-to-date: /home/open/work/install/small_arm_moveit_cpp/share/small_arm_moveit_cpp/package.xml
[0.508s] Invoked command in '/home/open/work/build/small_arm_moveit_cpp' returned '0': CMAKE_PREFIX_PATH=${CMAKE_PREFIX_PATH}:/home/open/work/install/realsense:/home/open/work/install/core:/opt/ros/humble /usr/bin/cmake --install /home/open/work/build/small_arm_moveit_cpp
