[0.992s] Invoking command in '/home/open/work/motor_control/src/realsense': PYTHONPATH=/home/open/work/build/realsense/prefix_override:/usr/lib/python3/dist-packages/colcon_core/task/python/colcon_distutils_commands:/home/open/work/install/realsense/lib/python3.10/site-packages:${PYTHONPATH} /usr/bin/python3 -W ignore:setup.py install is deprecated -W ignore:easy_install command is deprecated setup.py egg_info --egg-base ../../../build/realsense build --build-base /home/open/work/build/realsense/build install --record /home/open/work/build/realsense/install.log --single-version-externally-managed install_data
[1.227s] running egg_info
[1.228s] writing ../../../build/realsense/realsense.egg-info/PKG-INFO
[1.228s] writing dependency_links to ../../../build/realsense/realsense.egg-info/dependency_links.txt
[1.228s] writing entry points to ../../../build/realsense/realsense.egg-info/entry_points.txt
[1.228s] writing requirements to ../../../build/realsense/realsense.egg-info/requires.txt
[1.228s] writing top-level names to ../../../build/realsense/realsense.egg-info/top_level.txt
[1.230s] reading manifest file '../../../build/realsense/realsense.egg-info/SOURCES.txt'
[1.231s] writing manifest file '../../../build/realsense/realsense.egg-info/SOURCES.txt'
[1.231s] running build
[1.231s] running build_py
[1.231s] copying realsense/depth_calculate.py -> /home/open/work/build/realsense/build/lib/realsense
[1.232s] running install
[1.232s] running install_lib
[1.233s] copying /home/open/work/build/realsense/build/lib/realsense/depth_calculate.py -> /home/open/work/install/realsense/lib/python3.10/site-packages/realsense
[1.234s] byte-compiling /home/open/work/install/realsense/lib/python3.10/site-packages/realsense/depth_calculate.py to depth_calculate.cpython-310.pyc
[1.236s] running install_data
[1.236s] running install_egg_info
[1.239s] removing '/home/open/work/install/realsense/lib/python3.10/site-packages/realsense-0.0.1-py3.10.egg-info' (and everything under it)
[1.239s] Copying ../../../build/realsense/realsense.egg-info to /home/open/work/install/realsense/lib/python3.10/site-packages/realsense-0.0.1-py3.10.egg-info
[1.240s] running install_scripts
[1.259s] Installing 2d_plane script to /home/open/work/install/realsense/lib/realsense
[1.259s] Installing box_edge_detect script to /home/open/work/install/realsense/lib/realsense
[1.259s] Installing color_detect script to /home/open/work/install/realsense/lib/realsense
[1.259s] Installing color_range script to /home/open/work/install/realsense/lib/realsense
[1.259s] Installing depth_calculate script to /home/open/work/install/realsense/lib/realsense
[1.259s] Installing paddleorc script to /home/open/work/install/realsense/lib/realsense
[1.260s] Installing realsense_read script to /home/open/work/install/realsense/lib/realsense
[1.260s] Installing visual script to /home/open/work/install/realsense/lib/realsense
[1.260s] Installing yolo_number_detect script to /home/open/work/install/realsense/lib/realsense
[1.260s] writing list of installed files to '/home/open/work/build/realsense/install.log'
[1.293s] Invoked command in '/home/open/work/motor_control/src/realsense' returned '0': PYTHONPATH=/home/open/work/build/realsense/prefix_override:/usr/lib/python3/dist-packages/colcon_core/task/python/colcon_distutils_commands:/home/open/work/install/realsense/lib/python3.10/site-packages:${PYTHONPATH} /usr/bin/python3 -W ignore:setup.py install is deprecated -W ignore:easy_install command is deprecated setup.py egg_info --egg-base ../../../build/realsense build --build-base /home/open/work/build/realsense/build install --record /home/open/work/build/realsense/install.log --single-version-externally-managed install_data
