[0.051s] Invoking command in '/home/open/work/build/small_arm_moveit_config': CMAKE_PREFIX_PATH=/home/open/work/install/small_arm_description:/home/open/work/install/dynamixel_hardware:/home/open/work/install/dynamixel_workbench_toolbox:/home/open/work/install/small_arm_moveit_cpp:/home/open/work/install/small_arm_moveit_config:/home/open/work/install/moviet:/home/open/work/install/dynamixel_workbench:/home/open/work/install/dynamixel_workbench_msgs:/home/open/work/install/arm_control:/home/open/work/install/realsense:/home/open/work/install/core:/opt/ros/humble /usr/bin/cmake /home/open/work/motor_control/src/tb4_arm_ros2/small_arm_moveit_config -DCMAKE_INSTALL_PREFIX=/home/open/work/install/small_arm_moveit_config
[0.186s] -- The C compiler identification is GNU 11.4.0
[0.346s] -- The CXX compiler identification is GNU 11.4.0
[0.359s] -- Detecting C compiler ABI info
[0.552s] -- Detecting C compiler ABI info - done
[0.572s] -- Check for working C compiler: /usr/bin/cc - skipped
[0.572s] -- Detecting C compile features
[0.578s] -- Detecting C compile features - done
[0.586s] -- Detecting CXX compiler ABI info
[0.819s] -- Detecting CXX compiler ABI info - done
[0.838s] -- Check for working CXX compiler: /usr/bin/c++ - skipped
[0.843s] -- Detecting CXX compile features
[0.843s] -- Detecting CXX compile features - done
[0.860s] -- Found ament_cmake: 1.3.11 (/opt/ros/humble/share/ament_cmake/cmake)
[1.130s] -- Found Python3: /usr/bin/python3 (found version "3.10.12") found components: Interpreter 
[1.550s] -- Configuring done
[1.555s] -- Generating done
[1.558s] -- Build files have been written to: /home/open/work/build/small_arm_moveit_config
[1.567s] Invoked command in '/home/open/work/build/small_arm_moveit_config' returned '0': CMAKE_PREFIX_PATH=/home/open/work/install/small_arm_description:/home/open/work/install/dynamixel_hardware:/home/open/work/install/dynamixel_workbench_toolbox:/home/open/work/install/small_arm_moveit_cpp:/home/open/work/install/small_arm_moveit_config:/home/open/work/install/moviet:/home/open/work/install/dynamixel_workbench:/home/open/work/install/dynamixel_workbench_msgs:/home/open/work/install/arm_control:/home/open/work/install/realsense:/home/open/work/install/core:/opt/ros/humble /usr/bin/cmake /home/open/work/motor_control/src/tb4_arm_ros2/small_arm_moveit_config -DCMAKE_INSTALL_PREFIX=/home/open/work/install/small_arm_moveit_config
[1.574s] Invoking command in '/home/open/work/build/small_arm_moveit_config': CMAKE_PREFIX_PATH=/home/open/work/install/small_arm_description:/home/open/work/install/dynamixel_hardware:/home/open/work/install/dynamixel_workbench_toolbox:/home/open/work/install/small_arm_moveit_cpp:/home/open/work/install/small_arm_moveit_config:/home/open/work/install/moviet:/home/open/work/install/dynamixel_workbench:/home/open/work/install/dynamixel_workbench_msgs:/home/open/work/install/arm_control:/home/open/work/install/realsense:/home/open/work/install/core:/opt/ros/humble /usr/bin/cmake --build /home/open/work/build/small_arm_moveit_config -- -j16 -l16
[1.632s] Invoked command in '/home/open/work/build/small_arm_moveit_config' returned '0': CMAKE_PREFIX_PATH=/home/open/work/install/small_arm_description:/home/open/work/install/dynamixel_hardware:/home/open/work/install/dynamixel_workbench_toolbox:/home/open/work/install/small_arm_moveit_cpp:/home/open/work/install/small_arm_moveit_config:/home/open/work/install/moviet:/home/open/work/install/dynamixel_workbench:/home/open/work/install/dynamixel_workbench_msgs:/home/open/work/install/arm_control:/home/open/work/install/realsense:/home/open/work/install/core:/opt/ros/humble /usr/bin/cmake --build /home/open/work/build/small_arm_moveit_config -- -j16 -l16
[1.634s] Invoking command in '/home/open/work/build/small_arm_moveit_config': CMAKE_PREFIX_PATH=/home/open/work/install/small_arm_description:/home/open/work/install/dynamixel_hardware:/home/open/work/install/dynamixel_workbench_toolbox:/home/open/work/install/small_arm_moveit_cpp:/home/open/work/install/small_arm_moveit_config:/home/open/work/install/moviet:/home/open/work/install/dynamixel_workbench:/home/open/work/install/dynamixel_workbench_msgs:/home/open/work/install/arm_control:/home/open/work/install/realsense:/home/open/work/install/core:/opt/ros/humble /usr/bin/cmake --install /home/open/work/build/small_arm_moveit_config
[1.643s] -- Install configuration: ""
[1.643s] -- Installing: /home/open/work/install/small_arm_moveit_config/share/ament_index/resource_index/package_run_dependencies/small_arm_moveit_config
[1.643s] -- Installing: /home/open/work/install/small_arm_moveit_config/share/ament_index/resource_index/parent_prefix_path/small_arm_moveit_config
[1.643s] -- Installing: /home/open/work/install/small_arm_moveit_config/share/small_arm_moveit_config/environment/ament_prefix_path.sh
[1.644s] -- Installing: /home/open/work/install/small_arm_moveit_config/share/small_arm_moveit_config/environment/ament_prefix_path.dsv
[1.644s] -- Installing: /home/open/work/install/small_arm_moveit_config/share/small_arm_moveit_config/environment/path.sh
[1.644s] -- Installing: /home/open/work/install/small_arm_moveit_config/share/small_arm_moveit_config/environment/path.dsv
[1.644s] -- Installing: /home/open/work/install/small_arm_moveit_config/share/small_arm_moveit_config/local_setup.bash
[1.644s] -- Installing: /home/open/work/install/small_arm_moveit_config/share/small_arm_moveit_config/local_setup.sh
[1.644s] -- Installing: /home/open/work/install/small_arm_moveit_config/share/small_arm_moveit_config/local_setup.zsh
[1.644s] -- Installing: /home/open/work/install/small_arm_moveit_config/share/small_arm_moveit_config/local_setup.dsv
[1.644s] -- Installing: /home/open/work/install/small_arm_moveit_config/share/small_arm_moveit_config/package.dsv
[1.645s] -- Installing: /home/open/work/install/small_arm_moveit_config/share/ament_index/resource_index/packages/small_arm_moveit_config
[1.645s] -- Installing: /home/open/work/install/small_arm_moveit_config/share/small_arm_moveit_config/cmake/small_arm_moveit_configConfig.cmake
[1.645s] -- Installing: /home/open/work/install/small_arm_moveit_config/share/small_arm_moveit_config/cmake/small_arm_moveit_configConfig-version.cmake
[1.645s] -- Installing: /home/open/work/install/small_arm_moveit_config/share/small_arm_moveit_config/package.xml
[1.645s] -- Installing: /home/open/work/install/small_arm_moveit_config/share/small_arm_moveit_config/launch
[1.645s] -- Installing: /home/open/work/install/small_arm_moveit_config/share/small_arm_moveit_config/launch/moveit_rviz.launch.py
[1.645s] -- Installing: /home/open/work/install/small_arm_moveit_config/share/small_arm_moveit_config/launch/rsp.launch.py
[1.645s] -- Installing: /home/open/work/install/small_arm_moveit_config/share/small_arm_moveit_config/launch/spawn_controllers.launch.py
[1.646s] -- Installing: /home/open/work/install/small_arm_moveit_config/share/small_arm_moveit_config/launch/move_group.launch.py
[1.646s] -- Installing: /home/open/work/install/small_arm_moveit_config/share/small_arm_moveit_config/launch/warehouse_db.launch.py
[1.646s] -- Installing: /home/open/work/install/small_arm_moveit_config/share/small_arm_moveit_config/launch/demo.launch.py
[1.646s] -- Installing: /home/open/work/install/small_arm_moveit_config/share/small_arm_moveit_config/launch/setup_assistant.launch.py
[1.646s] -- Installing: /home/open/work/install/small_arm_moveit_config/share/small_arm_moveit_config/launch/real_demo.launch.py
[1.646s] -- Installing: /home/open/work/install/small_arm_moveit_config/share/small_arm_moveit_config/launch/static_virtual_joint_tfs.launch.py
[1.646s] -- Installing: /home/open/work/install/small_arm_moveit_config/share/small_arm_moveit_config/config
[1.646s] -- Installing: /home/open/work/install/small_arm_moveit_config/share/small_arm_moveit_config/config/moveit_controllers.yaml
[1.646s] -- Installing: /home/open/work/install/small_arm_moveit_config/share/small_arm_moveit_config/config/small_arm.srdf
[1.646s] -- Installing: /home/open/work/install/small_arm_moveit_config/share/small_arm_moveit_config/config/pilz_cartesian_limits.yaml
[1.646s] -- Installing: /home/open/work/install/small_arm_moveit_config/share/small_arm_moveit_config/config/initial_positions.yaml
[1.647s] -- Installing: /home/open/work/install/small_arm_moveit_config/share/small_arm_moveit_config/config/moveit.rviz
[1.647s] -- Installing: /home/open/work/install/small_arm_moveit_config/share/small_arm_moveit_config/config/sensors_3d.yaml
[1.647s] -- Installing: /home/open/work/install/small_arm_moveit_config/share/small_arm_moveit_config/config/small_arm.ros2_control.xacro
[1.647s] -- Installing: /home/open/work/install/small_arm_moveit_config/share/small_arm_moveit_config/config/ros2_controllers.yaml
[1.647s] -- Installing: /home/open/work/install/small_arm_moveit_config/share/small_arm_moveit_config/config/kinematics.yaml
[1.647s] -- Installing: /home/open/work/install/small_arm_moveit_config/share/small_arm_moveit_config/config/small_arm.urdf.xacro
[1.647s] -- Installing: /home/open/work/install/small_arm_moveit_config/share/small_arm_moveit_config/config/joint_limits.yaml
[1.647s] -- Installing: /home/open/work/install/small_arm_moveit_config/share/small_arm_moveit_config/.setup_assistant
[1.651s] Invoked command in '/home/open/work/build/small_arm_moveit_config' returned '0': CMAKE_PREFIX_PATH=/home/open/work/install/small_arm_description:/home/open/work/install/dynamixel_hardware:/home/open/work/install/dynamixel_workbench_toolbox:/home/open/work/install/small_arm_moveit_cpp:/home/open/work/install/small_arm_moveit_config:/home/open/work/install/moviet:/home/open/work/install/dynamixel_workbench:/home/open/work/install/dynamixel_workbench_msgs:/home/open/work/install/arm_control:/home/open/work/install/realsense:/home/open/work/install/core:/opt/ros/humble /usr/bin/cmake --install /home/open/work/build/small_arm_moveit_config
