[0.015s] Invoking command in '/home/open/work/build/moviet': CMAKE_PREFIX_PATH=/home/open/work/install/arm_control:/home/open/work/install/small_arm_moveit_cpp:/home/open/work/install/small_arm_moveit_config:/home/open/work/install/small_arm_description:/home/open/work/install/moviet:/home/open/work/install/dynamixel_workbench:/home/open/work/install/dynamixel_hardware:/home/open/work/install/dynamixel_workbench_toolbox:/home/open/work/install/dynamixel_workbench_msgs:/home/open/work/install/realsense:/home/open/work/install/core:/opt/ros/humble /usr/bin/cmake --build /home/open/work/build/moviet -- -j16 -l16
[0.071s] Invoked command in '/home/open/work/build/moviet' returned '0': CMAKE_PREFIX_PATH=/home/open/work/install/arm_control:/home/open/work/install/small_arm_moveit_cpp:/home/open/work/install/small_arm_moveit_config:/home/open/work/install/small_arm_description:/home/open/work/install/moviet:/home/open/work/install/dynamixel_workbench:/home/open/work/install/dynamixel_hardware:/home/open/work/install/dynamixel_workbench_toolbox:/home/open/work/install/dynamixel_workbench_msgs:/home/open/work/install/realsense:/home/open/work/install/core:/opt/ros/humble /usr/bin/cmake --build /home/open/work/build/moviet -- -j16 -l16
[0.073s] Invoking command in '/home/open/work/build/moviet': CMAKE_PREFIX_PATH=/home/open/work/install/arm_control:/home/open/work/install/small_arm_moveit_cpp:/home/open/work/install/small_arm_moveit_config:/home/open/work/install/small_arm_description:/home/open/work/install/moviet:/home/open/work/install/dynamixel_workbench:/home/open/work/install/dynamixel_hardware:/home/open/work/install/dynamixel_workbench_toolbox:/home/open/work/install/dynamixel_workbench_msgs:/home/open/work/install/realsense:/home/open/work/install/core:/opt/ros/humble /usr/bin/cmake --install /home/open/work/build/moviet
[0.073s] -- Install configuration: ""
[0.074s] -- Up-to-date: /home/open/work/install/moviet/share/ament_index/resource_index/package_run_dependencies/moviet
[0.074s] -- Up-to-date: /home/open/work/install/moviet/share/ament_index/resource_index/parent_prefix_path/moviet
[0.074s] -- Up-to-date: /home/open/work/install/moviet/share/moviet/environment/ament_prefix_path.sh
[0.074s] -- Up-to-date: /home/open/work/install/moviet/share/moviet/environment/ament_prefix_path.dsv
[0.074s] -- Up-to-date: /home/open/work/install/moviet/share/moviet/environment/path.sh
[0.075s] -- Up-to-date: /home/open/work/install/moviet/share/moviet/environment/path.dsv
[0.075s] -- Up-to-date: /home/open/work/install/moviet/share/moviet/local_setup.bash
[0.075s] -- Up-to-date: /home/open/work/install/moviet/share/moviet/local_setup.sh
[0.075s] -- Up-to-date: /home/open/work/install/moviet/share/moviet/local_setup.zsh
[0.075s] -- Up-to-date: /home/open/work/install/moviet/share/moviet/local_setup.dsv
[0.075s] -- Installing: /home/open/work/install/moviet/share/moviet/package.dsv
[0.075s] -- Up-to-date: /home/open/work/install/moviet/share/ament_index/resource_index/packages/moviet
[0.075s] -- Up-to-date: /home/open/work/install/moviet/share/moviet/cmake/movietConfig.cmake
[0.075s] -- Up-to-date: /home/open/work/install/moviet/share/moviet/cmake/movietConfig-version.cmake
[0.075s] -- Up-to-date: /home/open/work/install/moviet/share/moviet/package.xml
[0.075s] -- Up-to-date: /home/open/work/install/moviet/share/moviet/launch
[0.075s] -- Up-to-date: /home/open/work/install/moviet/share/moviet/launch/moveit_rviz.launch.py
[0.076s] -- Up-to-date: /home/open/work/install/moviet/share/moviet/launch/rsp.launch.py
[0.076s] -- Up-to-date: /home/open/work/install/moviet/share/moviet/launch/spawn_controllers.launch.py
[0.076s] -- Up-to-date: /home/open/work/install/moviet/share/moviet/launch/move_group.launch.py
[0.076s] -- Up-to-date: /home/open/work/install/moviet/share/moviet/launch/warehouse_db.launch.py
[0.076s] -- Up-to-date: /home/open/work/install/moviet/share/moviet/launch/demo.launch.py
[0.076s] -- Up-to-date: /home/open/work/install/moviet/share/moviet/launch/setup_assistant.launch.py
[0.076s] -- Up-to-date: /home/open/work/install/moviet/share/moviet/launch/static_virtual_joint_tfs.launch.py
[0.076s] -- Up-to-date: /home/open/work/install/moviet/share/moviet/config
[0.076s] -- Up-to-date: /home/open/work/install/moviet/share/moviet/config/pilz_cartesian_limits.yaml
[0.076s] -- Up-to-date: /home/open/work/install/moviet/share/moviet/config/smw_g02_camera_urdf.urdf.xacro
[0.076s] -- Up-to-date: /home/open/work/install/moviet/share/moviet/config/initial_positions.yaml
[0.076s] -- Up-to-date: /home/open/work/install/moviet/share/moviet/config/moveit.rviz
[0.076s] -- Up-to-date: /home/open/work/install/moviet/share/moviet/config/smw_g02_camera_urdf.ros2_control.xacro
[0.076s] -- Up-to-date: /home/open/work/install/moviet/share/moviet/config/kinematics.yaml
[0.076s] -- Up-to-date: /home/open/work/install/moviet/share/moviet/config/joint_limits.yaml
[0.077s] -- Up-to-date: /home/open/work/install/moviet/share/moviet/config/smw_g02_camera_urdf.srdf
[0.077s] -- Up-to-date: /home/open/work/install/moviet/share/moviet/.setup_assistant
[0.090s] Invoked command in '/home/open/work/build/moviet' returned '0': CMAKE_PREFIX_PATH=/home/open/work/install/arm_control:/home/open/work/install/small_arm_moveit_cpp:/home/open/work/install/small_arm_moveit_config:/home/open/work/install/small_arm_description:/home/open/work/install/moviet:/home/open/work/install/dynamixel_workbench:/home/open/work/install/dynamixel_hardware:/home/open/work/install/dynamixel_workbench_toolbox:/home/open/work/install/dynamixel_workbench_msgs:/home/open/work/install/realsense:/home/open/work/install/core:/opt/ros/humble /usr/bin/cmake --install /home/open/work/build/moviet
