[0.025s] Invoking command in '/home/open/work/build/dynamixel_hardware': CMAKE_PREFIX_PATH=/home/open/work/install/dynamixel_workbench_toolbox:/home/open/work/install/small_arm_moveit_cpp:/home/open/work/install/small_arm_moveit_config:/home/open/work/install/small_arm_description:/home/open/work/install/moviet:/home/open/work/install/dynamixel_workbench:/home/open/work/install/dynamixel_hardware:/home/open/work/install/dynamixel_workbench_msgs:/home/open/work/install/arm_control:/home/open/work/install/realsense:/home/open/work/install/core:/opt/ros/humble LD_LIBRARY_PATH=/home/open/work/install/dynamixel_workbench_toolbox/lib:/home/open/work/install/dynamixel_hardware/lib:/home/open/work/install/dynamixel_workbench_msgs/lib:/opt/ros/humble/opt/rviz_ogre_vendor/lib:/opt/ros/humble/lib/x86_64-linux-gnu:/opt/ros/humble/lib:/usr/local/nvidia/lib:/usr/local/nvidia/lib64 /usr/bin/cmake --build /home/open/work/build/dynamixel_hardware -- -j16 -l16
[0.091s] [100%] Built target dynamixel_hardware
[0.104s] Invoked command in '/home/open/work/build/dynamixel_hardware' returned '0': CMAKE_PREFIX_PATH=/home/open/work/install/dynamixel_workbench_toolbox:/home/open/work/install/small_arm_moveit_cpp:/home/open/work/install/small_arm_moveit_config:/home/open/work/install/small_arm_description:/home/open/work/install/moviet:/home/open/work/install/dynamixel_workbench:/home/open/work/install/dynamixel_hardware:/home/open/work/install/dynamixel_workbench_msgs:/home/open/work/install/arm_control:/home/open/work/install/realsense:/home/open/work/install/core:/opt/ros/humble LD_LIBRARY_PATH=/home/open/work/install/dynamixel_workbench_toolbox/lib:/home/open/work/install/dynamixel_hardware/lib:/home/open/work/install/dynamixel_workbench_msgs/lib:/opt/ros/humble/opt/rviz_ogre_vendor/lib:/opt/ros/humble/lib/x86_64-linux-gnu:/opt/ros/humble/lib:/usr/local/nvidia/lib:/usr/local/nvidia/lib64 /usr/bin/cmake --build /home/open/work/build/dynamixel_hardware -- -j16 -l16
[0.106s] Invoking command in '/home/open/work/build/dynamixel_hardware': CMAKE_PREFIX_PATH=/home/open/work/install/dynamixel_workbench_toolbox:/home/open/work/install/small_arm_moveit_cpp:/home/open/work/install/small_arm_moveit_config:/home/open/work/install/small_arm_description:/home/open/work/install/moviet:/home/open/work/install/dynamixel_workbench:/home/open/work/install/dynamixel_hardware:/home/open/work/install/dynamixel_workbench_msgs:/home/open/work/install/arm_control:/home/open/work/install/realsense:/home/open/work/install/core:/opt/ros/humble LD_LIBRARY_PATH=/home/open/work/install/dynamixel_workbench_toolbox/lib:/home/open/work/install/dynamixel_hardware/lib:/home/open/work/install/dynamixel_workbench_msgs/lib:/opt/ros/humble/opt/rviz_ogre_vendor/lib:/opt/ros/humble/lib/x86_64-linux-gnu:/opt/ros/humble/lib:/usr/local/nvidia/lib:/usr/local/nvidia/lib64 /usr/bin/cmake --install /home/open/work/build/dynamixel_hardware
[0.119s] -- Install configuration: ""
[0.120s] -- Up-to-date: /home/open/work/install/dynamixel_hardware/share/dynamixel_hardware/dynamixel_hardware.xml
[0.120s] -- Up-to-date: /home/open/work/install/dynamixel_hardware/lib/libdynamixel_hardware.so
[0.120s] -- Up-to-date: /home/open/work/install/dynamixel_hardware/include
[0.120s] -- Up-to-date: /home/open/work/install/dynamixel_hardware/include/dynamixel_hardware
[0.120s] -- Up-to-date: /home/open/work/install/dynamixel_hardware/include/dynamixel_hardware/visiblity_control.h
[0.120s] -- Up-to-date: /home/open/work/install/dynamixel_hardware/include/dynamixel_hardware/dynamixel_hardware.hpp
[0.120s] -- Up-to-date: /home/open/work/install/dynamixel_hardware/share/dynamixel_hardware/environment/library_path.sh
[0.120s] -- Up-to-date: /home/open/work/install/dynamixel_hardware/share/dynamixel_hardware/environment/library_path.dsv
[0.120s] -- Up-to-date: /home/open/work/install/dynamixel_hardware/share/ament_index/resource_index/package_run_dependencies/dynamixel_hardware
[0.120s] -- Up-to-date: /home/open/work/install/dynamixel_hardware/share/ament_index/resource_index/parent_prefix_path/dynamixel_hardware
[0.120s] -- Up-to-date: /home/open/work/install/dynamixel_hardware/share/dynamixel_hardware/environment/ament_prefix_path.sh
[0.120s] -- Up-to-date: /home/open/work/install/dynamixel_hardware/share/dynamixel_hardware/environment/ament_prefix_path.dsv
[0.120s] -- Up-to-date: /home/open/work/install/dynamixel_hardware/share/dynamixel_hardware/environment/path.sh
[0.120s] -- Up-to-date: /home/open/work/install/dynamixel_hardware/share/dynamixel_hardware/environment/path.dsv
[0.120s] -- Up-to-date: /home/open/work/install/dynamixel_hardware/share/dynamixel_hardware/local_setup.bash
[0.120s] -- Up-to-date: /home/open/work/install/dynamixel_hardware/share/dynamixel_hardware/local_setup.sh
[0.121s] -- Up-to-date: /home/open/work/install/dynamixel_hardware/share/dynamixel_hardware/local_setup.zsh
[0.121s] -- Up-to-date: /home/open/work/install/dynamixel_hardware/share/dynamixel_hardware/local_setup.dsv
[0.121s] -- Installing: /home/open/work/install/dynamixel_hardware/share/dynamixel_hardware/package.dsv
[0.121s] -- Up-to-date: /home/open/work/install/dynamixel_hardware/share/ament_index/resource_index/packages/dynamixel_hardware
[0.121s] -- Up-to-date: /home/open/work/install/dynamixel_hardware/share/ament_index/resource_index/hardware_interface__pluginlib__plugin/dynamixel_hardware
[0.121s] -- Up-to-date: /home/open/work/install/dynamixel_hardware/share/dynamixel_hardware/cmake/ament_cmake_export_include_directories-extras.cmake
[0.121s] -- Up-to-date: /home/open/work/install/dynamixel_hardware/share/dynamixel_hardware/cmake/ament_cmake_export_libraries-extras.cmake
[0.121s] -- Up-to-date: /home/open/work/install/dynamixel_hardware/share/dynamixel_hardware/cmake/ament_cmake_export_dependencies-extras.cmake
[0.121s] -- Up-to-date: /home/open/work/install/dynamixel_hardware/share/dynamixel_hardware/cmake/dynamixel_hardwareConfig.cmake
[0.121s] -- Up-to-date: /home/open/work/install/dynamixel_hardware/share/dynamixel_hardware/cmake/dynamixel_hardwareConfig-version.cmake
[0.121s] -- Up-to-date: /home/open/work/install/dynamixel_hardware/share/dynamixel_hardware/package.xml
[0.122s] Invoked command in '/home/open/work/build/dynamixel_hardware' returned '0': CMAKE_PREFIX_PATH=/home/open/work/install/dynamixel_workbench_toolbox:/home/open/work/install/small_arm_moveit_cpp:/home/open/work/install/small_arm_moveit_config:/home/open/work/install/small_arm_description:/home/open/work/install/moviet:/home/open/work/install/dynamixel_workbench:/home/open/work/install/dynamixel_hardware:/home/open/work/install/dynamixel_workbench_msgs:/home/open/work/install/arm_control:/home/open/work/install/realsense:/home/open/work/install/core:/opt/ros/humble LD_LIBRARY_PATH=/home/open/work/install/dynamixel_workbench_toolbox/lib:/home/open/work/install/dynamixel_hardware/lib:/home/open/work/install/dynamixel_workbench_msgs/lib:/opt/ros/humble/opt/rviz_ogre_vendor/lib:/opt/ros/humble/lib/x86_64-linux-gnu:/opt/ros/humble/lib:/usr/local/nvidia/lib:/usr/local/nvidia/lib64 /usr/bin/cmake --install /home/open/work/build/dynamixel_hardware
