[0.005s] Invoking command in '/home/open/work/build/moviet': CMAKE_PREFIX_PATH=/home/open/work/install/arm_control:/home/open/work/install/small_arm_moveit_cpp:/home/open/work/install/small_arm_moveit_config:/home/open/work/install/small_arm_description:/home/open/work/install/moviet:/home/open/work/install/dynamixel_workbench:/home/open/work/install/dynamixel_hardware:/home/open/work/install/dynamixel_workbench_toolbox:/home/open/work/install/dynamixel_workbench_msgs:/home/open/work/install/realsense:/home/open/work/install/core:/opt/ros/humble /usr/bin/cmake /home/open/work/robot_arm/src/moviet -DCMAKE_INSTALL_PREFIX=/home/open/work/install/moviet
[0.045s] -- The C compiler identification is GNU 11.4.0
[0.085s] -- The CXX compiler identification is GNU 11.4.0
[0.090s] -- Detecting C compiler ABI info
[0.144s] -- Detecting C compiler ABI info - done
[0.154s] -- Check for working C compiler: /usr/bin/cc - skipped
[0.155s] -- Detecting C compile features
[0.155s] -- Detecting C compile features - done
[0.159s] -- Detecting CXX compiler ABI info
[0.221s] -- Detecting CXX compiler ABI info - done
[0.227s] -- Check for working CXX compiler: /usr/bin/c++ - skipped
[0.227s] -- Detecting CXX compile features
[0.228s] -- Detecting CXX compile features - done
[0.230s] -- Found ament_cmake: 1.3.11 (/opt/ros/humble/share/ament_cmake/cmake)
[0.355s] -- Found Python3: /usr/bin/python3 (found version "3.10.12") found components: Interpreter 
[0.468s] -- Configuring done
[0.469s] -- Generating done
[0.470s] -- Build files have been written to: /home/open/work/build/moviet
[0.474s] Invoked command in '/home/open/work/build/moviet' returned '0': CMAKE_PREFIX_PATH=/home/open/work/install/arm_control:/home/open/work/install/small_arm_moveit_cpp:/home/open/work/install/small_arm_moveit_config:/home/open/work/install/small_arm_description:/home/open/work/install/moviet:/home/open/work/install/dynamixel_workbench:/home/open/work/install/dynamixel_hardware:/home/open/work/install/dynamixel_workbench_toolbox:/home/open/work/install/dynamixel_workbench_msgs:/home/open/work/install/realsense:/home/open/work/install/core:/opt/ros/humble /usr/bin/cmake /home/open/work/robot_arm/src/moviet -DCMAKE_INSTALL_PREFIX=/home/open/work/install/moviet
[0.475s] Invoking command in '/home/open/work/build/moviet': CMAKE_PREFIX_PATH=/home/open/work/install/arm_control:/home/open/work/install/small_arm_moveit_cpp:/home/open/work/install/small_arm_moveit_config:/home/open/work/install/small_arm_description:/home/open/work/install/moviet:/home/open/work/install/dynamixel_workbench:/home/open/work/install/dynamixel_hardware:/home/open/work/install/dynamixel_workbench_toolbox:/home/open/work/install/dynamixel_workbench_msgs:/home/open/work/install/realsense:/home/open/work/install/core:/opt/ros/humble /usr/bin/cmake --build /home/open/work/build/moviet -- -j16 -l16
[0.499s] Invoked command in '/home/open/work/build/moviet' returned '0': CMAKE_PREFIX_PATH=/home/open/work/install/arm_control:/home/open/work/install/small_arm_moveit_cpp:/home/open/work/install/small_arm_moveit_config:/home/open/work/install/small_arm_description:/home/open/work/install/moviet:/home/open/work/install/dynamixel_workbench:/home/open/work/install/dynamixel_hardware:/home/open/work/install/dynamixel_workbench_toolbox:/home/open/work/install/dynamixel_workbench_msgs:/home/open/work/install/realsense:/home/open/work/install/core:/opt/ros/humble /usr/bin/cmake --build /home/open/work/build/moviet -- -j16 -l16
[0.500s] Invoking command in '/home/open/work/build/moviet': CMAKE_PREFIX_PATH=/home/open/work/install/arm_control:/home/open/work/install/small_arm_moveit_cpp:/home/open/work/install/small_arm_moveit_config:/home/open/work/install/small_arm_description:/home/open/work/install/moviet:/home/open/work/install/dynamixel_workbench:/home/open/work/install/dynamixel_hardware:/home/open/work/install/dynamixel_workbench_toolbox:/home/open/work/install/dynamixel_workbench_msgs:/home/open/work/install/realsense:/home/open/work/install/core:/opt/ros/humble /usr/bin/cmake --install /home/open/work/build/moviet
[0.505s] -- Install configuration: ""
[0.505s] -- Installing: /home/open/work/install/moviet/share/ament_index/resource_index/package_run_dependencies/moviet
[0.505s] -- Installing: /home/open/work/install/moviet/share/ament_index/resource_index/parent_prefix_path/moviet
[0.505s] -- Installing: /home/open/work/install/moviet/share/moviet/environment/ament_prefix_path.sh
[0.505s] -- Installing: /home/open/work/install/moviet/share/moviet/environment/ament_prefix_path.dsv
[0.505s] -- Installing: /home/open/work/install/moviet/share/moviet/environment/path.sh
[0.505s] -- Installing: /home/open/work/install/moviet/share/moviet/environment/path.dsv
[0.505s] -- Installing: /home/open/work/install/moviet/share/moviet/local_setup.bash
[0.505s] -- Installing: /home/open/work/install/moviet/share/moviet/local_setup.sh
[0.505s] -- Installing: /home/open/work/install/moviet/share/moviet/local_setup.zsh
[0.505s] -- Installing: /home/open/work/install/moviet/share/moviet/local_setup.dsv
[0.506s] -- Installing: /home/open/work/install/moviet/share/moviet/package.dsv
[0.506s] -- Installing: /home/open/work/install/moviet/share/ament_index/resource_index/packages/moviet
[0.506s] -- Installing: /home/open/work/install/moviet/share/moviet/cmake/movietConfig.cmake
[0.506s] -- Installing: /home/open/work/install/moviet/share/moviet/cmake/movietConfig-version.cmake
[0.506s] -- Installing: /home/open/work/install/moviet/share/moviet/package.xml
[0.506s] -- Installing: /home/open/work/install/moviet/share/moviet/launch
[0.506s] -- Installing: /home/open/work/install/moviet/share/moviet/launch/moveit_rviz.launch.py
[0.506s] -- Installing: /home/open/work/install/moviet/share/moviet/launch/rsp.launch.py
[0.506s] -- Installing: /home/open/work/install/moviet/share/moviet/launch/spawn_controllers.launch.py
[0.506s] -- Installing: /home/open/work/install/moviet/share/moviet/launch/move_group.launch.py
[0.506s] -- Installing: /home/open/work/install/moviet/share/moviet/launch/warehouse_db.launch.py
[0.506s] -- Installing: /home/open/work/install/moviet/share/moviet/launch/demo.launch.py
[0.507s] -- Installing: /home/open/work/install/moviet/share/moviet/launch/setup_assistant.launch.py
[0.507s] -- Installing: /home/open/work/install/moviet/share/moviet/launch/static_virtual_joint_tfs.launch.py
[0.507s] -- Installing: /home/open/work/install/moviet/share/moviet/config
[0.507s] -- Installing: /home/open/work/install/moviet/share/moviet/config/pilz_cartesian_limits.yaml
[0.507s] -- Installing: /home/open/work/install/moviet/share/moviet/config/smw_g02_camera_urdf.urdf.xacro
[0.507s] -- Installing: /home/open/work/install/moviet/share/moviet/config/initial_positions.yaml
[0.507s] -- Installing: /home/open/work/install/moviet/share/moviet/config/moveit.rviz
[0.507s] -- Installing: /home/open/work/install/moviet/share/moviet/config/smw_g02_camera_urdf.ros2_control.xacro
[0.507s] -- Installing: /home/open/work/install/moviet/share/moviet/config/kinematics.yaml
[0.507s] -- Installing: /home/open/work/install/moviet/share/moviet/config/joint_limits.yaml
[0.508s] -- Installing: /home/open/work/install/moviet/share/moviet/config/smw_g02_camera_urdf.srdf
[0.508s] -- Installing: /home/open/work/install/moviet/share/moviet/.setup_assistant
[0.509s] Invoked command in '/home/open/work/build/moviet' returned '0': CMAKE_PREFIX_PATH=/home/open/work/install/arm_control:/home/open/work/install/small_arm_moveit_cpp:/home/open/work/install/small_arm_moveit_config:/home/open/work/install/small_arm_description:/home/open/work/install/moviet:/home/open/work/install/dynamixel_workbench:/home/open/work/install/dynamixel_hardware:/home/open/work/install/dynamixel_workbench_toolbox:/home/open/work/install/dynamixel_workbench_msgs:/home/open/work/install/realsense:/home/open/work/install/core:/opt/ros/humble /usr/bin/cmake --install /home/open/work/build/moviet
