[1.842s] Invoking command in '/home/open/work/motor_control/src/realsense': PYTHONPATH=/home/open/work/build/realsense/prefix_override:/usr/lib/python3/dist-packages/colcon_core/task/python/colcon_distutils_commands:/home/open/work/install/realsense/lib/python3.10/site-packages:${PYTHONPATH} /usr/bin/python3 -W ignore:setup.py install is deprecated -W ignore:easy_install command is deprecated setup.py egg_info --egg-base ../../../build/realsense build --build-base /home/open/work/build/realsense/build install --record /home/open/work/build/realsense/install.log --single-version-externally-managed install_data
[2.248s] running egg_info
[2.249s] writing ../../../build/realsense/realsense.egg-info/PKG-INFO
[2.249s] writing dependency_links to ../../../build/realsense/realsense.egg-info/dependency_links.txt
[2.250s] writing entry points to ../../../build/realsense/realsense.egg-info/entry_points.txt
[2.250s] writing requirements to ../../../build/realsense/realsense.egg-info/requires.txt
[2.250s] writing top-level names to ../../../build/realsense/realsense.egg-info/top_level.txt
[2.252s] reading manifest file '../../../build/realsense/realsense.egg-info/SOURCES.txt'
[2.253s] writing manifest file '../../../build/realsense/realsense.egg-info/SOURCES.txt'
[2.254s] running build
[2.254s] running build_py
[2.254s] running install
[2.255s] running install_lib
[2.257s] running install_data
[2.257s] running install_egg_info
[2.260s] removing '/home/open/work/install/realsense/lib/python3.10/site-packages/realsense-0.0.1-py3.10.egg-info' (and everything under it)
[2.260s] Copying ../../../build/realsense/realsense.egg-info to /home/open/work/install/realsense/lib/python3.10/site-packages/realsense-0.0.1-py3.10.egg-info
[2.261s] running install_scripts
[2.289s] Installing 2d_plane script to /home/open/work/install/realsense/lib/realsense
[2.289s] Installing box_edge_detect script to /home/open/work/install/realsense/lib/realsense
[2.289s] Installing color_detect script to /home/open/work/install/realsense/lib/realsense
[2.289s] Installing color_range script to /home/open/work/install/realsense/lib/realsense
[2.289s] Installing depth_calculate script to /home/open/work/install/realsense/lib/realsense
[2.289s] Installing paddleorc script to /home/open/work/install/realsense/lib/realsense
[2.289s] Installing realsense_read script to /home/open/work/install/realsense/lib/realsense
[2.290s] Installing visual script to /home/open/work/install/realsense/lib/realsense
[2.290s] Installing yolo_number_detect script to /home/open/work/install/realsense/lib/realsense
[2.290s] writing list of installed files to '/home/open/work/build/realsense/install.log'
[2.318s] Invoked command in '/home/open/work/motor_control/src/realsense' returned '0': PYTHONPATH=/home/open/work/build/realsense/prefix_override:/usr/lib/python3/dist-packages/colcon_core/task/python/colcon_distutils_commands:/home/open/work/install/realsense/lib/python3.10/site-packages:${PYTHONPATH} /usr/bin/python3 -W ignore:setup.py install is deprecated -W ignore:easy_install command is deprecated setup.py egg_info --egg-base ../../../build/realsense build --build-base /home/open/work/build/realsense/build install --record /home/open/work/build/realsense/install.log --single-version-externally-managed install_data
