[0.637s] Invoking command in '/home/open/work/build/small_arm_moveit_cpp': CMAKE_PREFIX_PATH=${CMAKE_PREFIX_PATH}:/home/open/work/install/realsense:/home/open/work/install/core:/opt/ros/humble /usr/bin/cmake --build /home/open/work/build/small_arm_moveit_cpp -- -j16 -l16
[0.726s] [ 20%] Built target ee_pose_in_base
[0.729s] [ 40%] Built target named_goal
[0.730s] [ 60%] Built target eye_hand_pose
[0.730s] [ 80%] Built target auto_pose_goal
[0.744s] [100%] Built target gripper_joint_value
[0.759s] Invoked command in '/home/open/work/build/small_arm_moveit_cpp' returned '0': CMAKE_PREFIX_PATH=${CMAKE_PREFIX_PATH}:/home/open/work/install/realsense:/home/open/work/install/core:/opt/ros/humble /usr/bin/cmake --build /home/open/work/build/small_arm_moveit_cpp -- -j16 -l16
[0.763s] Invoking command in '/home/open/work/build/small_arm_moveit_cpp': CMAKE_PREFIX_PATH=${CMAKE_PREFIX_PATH}:/home/open/work/install/realsense:/home/open/work/install/core:/opt/ros/humble /usr/bin/cmake --install /home/open/work/build/small_arm_moveit_cpp
[0.821s] -- Install configuration: ""
[0.828s] -- Up-to-date: /home/open/work/install/small_arm_moveit_cpp/lib/small_arm_moveit_cpp/named_goal
[0.830s] -- Up-to-date: /home/open/work/install/small_arm_moveit_cpp/lib/small_arm_moveit_cpp/ee_pose_in_base
[0.830s] -- Up-to-date: /home/open/work/install/small_arm_moveit_cpp/lib/small_arm_moveit_cpp/eye_hand_pose
[0.830s] -- Up-to-date: /home/open/work/install/small_arm_moveit_cpp/lib/small_arm_moveit_cpp/auto_pose_goal
[0.835s] -- Up-to-date: /home/open/work/install/small_arm_moveit_cpp/lib/small_arm_moveit_cpp/gripper_joint_value
[0.836s] -- Up-to-date: /home/open/work/install/small_arm_moveit_cpp/share/small_arm_moveit_cpp/launch
[0.836s] -- Up-to-date: /home/open/work/install/small_arm_moveit_cpp/share/small_arm_moveit_cpp/launch/motion_planning.launch.py
[0.836s] -- Up-to-date: /home/open/work/install/small_arm_moveit_cpp/share/small_arm_moveit_cpp/config
[0.836s] -- Up-to-date: /home/open/work/install/small_arm_moveit_cpp/share/small_arm_moveit_cpp/config/moveit_cpp.yaml
[0.836s] -- Up-to-date: /home/open/work/install/small_arm_moveit_cpp/share/ament_index/resource_index/package_run_dependencies/small_arm_moveit_cpp
[0.837s] -- Up-to-date: /home/open/work/install/small_arm_moveit_cpp/share/ament_index/resource_index/parent_prefix_path/small_arm_moveit_cpp
[0.837s] -- Up-to-date: /home/open/work/install/small_arm_moveit_cpp/share/small_arm_moveit_cpp/environment/ament_prefix_path.sh
[0.837s] -- Up-to-date: /home/open/work/install/small_arm_moveit_cpp/share/small_arm_moveit_cpp/environment/ament_prefix_path.dsv
[0.837s] -- Up-to-date: /home/open/work/install/small_arm_moveit_cpp/share/small_arm_moveit_cpp/environment/path.sh
[0.837s] -- Up-to-date: /home/open/work/install/small_arm_moveit_cpp/share/small_arm_moveit_cpp/environment/path.dsv
[0.838s] -- Up-to-date: /home/open/work/install/small_arm_moveit_cpp/share/small_arm_moveit_cpp/local_setup.bash
[0.838s] -- Up-to-date: /home/open/work/install/small_arm_moveit_cpp/share/small_arm_moveit_cpp/local_setup.sh
[0.838s] -- Up-to-date: /home/open/work/install/small_arm_moveit_cpp/share/small_arm_moveit_cpp/local_setup.zsh
[0.838s] -- Up-to-date: /home/open/work/install/small_arm_moveit_cpp/share/small_arm_moveit_cpp/local_setup.dsv
[0.838s] -- Installing: /home/open/work/install/small_arm_moveit_cpp/share/small_arm_moveit_cpp/package.dsv
[0.839s] -- Up-to-date: /home/open/work/install/small_arm_moveit_cpp/share/ament_index/resource_index/packages/small_arm_moveit_cpp
[0.839s] -- Up-to-date: /home/open/work/install/small_arm_moveit_cpp/share/small_arm_moveit_cpp/cmake/small_arm_moveit_cppConfig.cmake
[0.839s] -- Up-to-date: /home/open/work/install/small_arm_moveit_cpp/share/small_arm_moveit_cpp/cmake/small_arm_moveit_cppConfig-version.cmake
[0.841s] -- Up-to-date: /home/open/work/install/small_arm_moveit_cpp/share/small_arm_moveit_cpp/package.xml
[0.858s] Invoked command in '/home/open/work/build/small_arm_moveit_cpp' returned '0': CMAKE_PREFIX_PATH=${CMAKE_PREFIX_PATH}:/home/open/work/install/realsense:/home/open/work/install/core:/opt/ros/humble /usr/bin/cmake --install /home/open/work/build/small_arm_moveit_cpp
