[0.005s] Invoking command in '/home/open/work/robot_arm/src/build/moviet': CMAKE_PREFIX_PATH=/home/open/work/robot_arm/src/install/arm_control:/home/open/work/robot_arm/src/install/moviet:/opt/ros/humble /usr/bin/cmake --build /home/open/work/robot_arm/src/build/moviet -- -j16 -l16
[0.027s] Invoked command in '/home/open/work/robot_arm/src/build/moviet' returned '0': CMAKE_PREFIX_PATH=/home/open/work/robot_arm/src/install/arm_control:/home/open/work/robot_arm/src/install/moviet:/opt/ros/humble /usr/bin/cmake --build /home/open/work/robot_arm/src/build/moviet -- -j16 -l16
[0.027s] Invoking command in '/home/open/work/robot_arm/src/build/moviet': CMAKE_PREFIX_PATH=/home/open/work/robot_arm/src/install/arm_control:/home/open/work/robot_arm/src/install/moviet:/opt/ros/humble /usr/bin/cmake --install /home/open/work/robot_arm/src/build/moviet
[0.031s] -- Install configuration: ""
[0.031s] -- Up-to-date: /home/open/work/robot_arm/src/install/moviet/share/ament_index/resource_index/package_run_dependencies/moviet
[0.031s] -- Up-to-date: /home/open/work/robot_arm/src/install/moviet/share/ament_index/resource_index/parent_prefix_path/moviet
[0.031s] -- Up-to-date: /home/open/work/robot_arm/src/install/moviet/share/moviet/environment/ament_prefix_path.sh
[0.032s] -- Up-to-date: /home/open/work/robot_arm/src/install/moviet/share/moviet/environment/ament_prefix_path.dsv
[0.032s] -- Up-to-date: /home/open/work/robot_arm/src/install/moviet/share/moviet/environment/path.sh
[0.032s] -- Up-to-date: /home/open/work/robot_arm/src/install/moviet/share/moviet/environment/path.dsv
[0.032s] -- Up-to-date: /home/open/work/robot_arm/src/install/moviet/share/moviet/local_setup.bash
[0.032s] -- Up-to-date: /home/open/work/robot_arm/src/install/moviet/share/moviet/local_setup.sh
[0.032s] -- Up-to-date: /home/open/work/robot_arm/src/install/moviet/share/moviet/local_setup.zsh
[0.032s] -- Up-to-date: /home/open/work/robot_arm/src/install/moviet/share/moviet/local_setup.dsv
[0.032s] -- Up-to-date: /home/open/work/robot_arm/src/install/moviet/share/moviet/package.dsv
[0.032s] -- Up-to-date: /home/open/work/robot_arm/src/install/moviet/share/ament_index/resource_index/packages/moviet
[0.032s] -- Up-to-date: /home/open/work/robot_arm/src/install/moviet/share/moviet/cmake/movietConfig.cmake
[0.032s] -- Up-to-date: /home/open/work/robot_arm/src/install/moviet/share/moviet/cmake/movietConfig-version.cmake
[0.032s] -- Up-to-date: /home/open/work/robot_arm/src/install/moviet/share/moviet/package.xml
[0.032s] -- Up-to-date: /home/open/work/robot_arm/src/install/moviet/share/moviet/launch
[0.032s] -- Up-to-date: /home/open/work/robot_arm/src/install/moviet/share/moviet/launch/moveit_rviz.launch.py
[0.032s] -- Up-to-date: /home/open/work/robot_arm/src/install/moviet/share/moviet/launch/rsp.launch.py
[0.032s] -- Up-to-date: /home/open/work/robot_arm/src/install/moviet/share/moviet/launch/spawn_controllers.launch.py
[0.032s] -- Up-to-date: /home/open/work/robot_arm/src/install/moviet/share/moviet/launch/move_group.launch.py
[0.032s] -- Up-to-date: /home/open/work/robot_arm/src/install/moviet/share/moviet/launch/warehouse_db.launch.py
[0.032s] -- Installing: /home/open/work/robot_arm/src/install/moviet/share/moviet/launch/demo.launch.py
[0.032s] -- Up-to-date: /home/open/work/robot_arm/src/install/moviet/share/moviet/launch/setup_assistant.launch.py
[0.032s] -- Up-to-date: /home/open/work/robot_arm/src/install/moviet/share/moviet/launch/static_virtual_joint_tfs.launch.py
[0.032s] -- Up-to-date: /home/open/work/robot_arm/src/install/moviet/share/moviet/config
[0.032s] -- Up-to-date: /home/open/work/robot_arm/src/install/moviet/share/moviet/config/pilz_cartesian_limits.yaml
[0.032s] -- Up-to-date: /home/open/work/robot_arm/src/install/moviet/share/moviet/config/SMW-G02(2.0)_camera_urdf.urdf.xacro
[0.032s] -- Up-to-date: /home/open/work/robot_arm/src/install/moviet/share/moviet/config/SMW-G02(2.0)_camera_urdf.srdf
[0.033s] -- Up-to-date: /home/open/work/robot_arm/src/install/moviet/share/moviet/config/initial_positions.yaml
[0.033s] -- Up-to-date: /home/open/work/robot_arm/src/install/moviet/share/moviet/config/moveit.rviz
[0.033s] -- Up-to-date: /home/open/work/robot_arm/src/install/moviet/share/moviet/config/kinematics.yaml
[0.033s] -- Up-to-date: /home/open/work/robot_arm/src/install/moviet/share/moviet/config/SMW-G02(2.0)_camera_urdf.ros2_control.xacro
[0.033s] -- Up-to-date: /home/open/work/robot_arm/src/install/moviet/share/moviet/config/joint_limits.yaml
[0.033s] -- Up-to-date: /home/open/work/robot_arm/src/install/moviet/share/moviet/.setup_assistant
[0.033s] Invoked command in '/home/open/work/robot_arm/src/build/moviet' returned '0': CMAKE_PREFIX_PATH=/home/open/work/robot_arm/src/install/arm_control:/home/open/work/robot_arm/src/install/moviet:/opt/ros/humble /usr/bin/cmake --install /home/open/work/robot_arm/src/build/moviet
