[0.958s] Invoking command in '/home/open/work/motor_control/src/core': PYTHONPATH=/home/open/work/build/core/prefix_override:/usr/lib/python3/dist-packages/colcon_core/task/python/colcon_distutils_commands:/home/open/work/install/core/lib/python3.10/site-packages:${PYTHONPATH} /usr/bin/python3 -W ignore:setup.py install is deprecated -W ignore:easy_install command is deprecated setup.py egg_info --egg-base ../../../build/core build --build-base /home/open/work/build/core/build install --record /home/open/work/build/core/install.log --single-version-externally-managed install_data
[1.145s] running egg_info
[1.146s] writing ../../../build/core/core.egg-info/PKG-INFO
[1.146s] writing dependency_links to ../../../build/core/core.egg-info/dependency_links.txt
[1.146s] writing entry points to ../../../build/core/core.egg-info/entry_points.txt
[1.146s] writing requirements to ../../../build/core/core.egg-info/requires.txt
[1.146s] writing top-level names to ../../../build/core/core.egg-info/top_level.txt
[1.147s] reading manifest file '../../../build/core/core.egg-info/SOURCES.txt'
[1.148s] writing manifest file '../../../build/core/core.egg-info/SOURCES.txt'
[1.148s] running build
[1.148s] running build_py
[1.148s] copying core/task_master.py -> /home/open/work/build/core/build/lib/core
[1.148s] running install
[1.148s] running install_lib
[1.149s] copying /home/open/work/build/core/build/lib/core/task_master.py -> /home/open/work/install/core/lib/python3.10/site-packages/core
[1.149s] byte-compiling /home/open/work/install/core/lib/python3.10/site-packages/core/task_master.py to task_master.cpython-310.pyc
[1.150s] running install_data
[1.151s] running install_egg_info
[1.153s] removing '/home/open/work/install/core/lib/python3.10/site-packages/core-0.0.0-py3.10.egg-info' (and everything under it)
[1.153s] Copying ../../../build/core/core.egg-info to /home/open/work/install/core/lib/python3.10/site-packages/core-0.0.0-py3.10.egg-info
[1.153s] running install_scripts
[1.169s] Installing task_master script to /home/open/work/install/core/lib/core
[1.169s] writing list of installed files to '/home/open/work/build/core/install.log'
[1.196s] Invoked command in '/home/open/work/motor_control/src/core' returned '0': PYTHONPATH=/home/open/work/build/core/prefix_override:/usr/lib/python3/dist-packages/colcon_core/task/python/colcon_distutils_commands:/home/open/work/install/core/lib/python3.10/site-packages:${PYTHONPATH} /usr/bin/python3 -W ignore:setup.py install is deprecated -W ignore:easy_install command is deprecated setup.py egg_info --egg-base ../../../build/core build --build-base /home/open/work/build/core/build install --record /home/open/work/build/core/install.log --single-version-externally-managed install_data
