[1.232s] Invoking command in '/home/open/work/motor_control/src/core': PYTHONPATH=/home/open/work/build/core/prefix_override:/usr/lib/python3/dist-packages/colcon_core/task/python/colcon_distutils_commands:/home/open/work/install/core/lib/python3.10/site-packages:${PYTHONPATH} /usr/bin/python3 -W ignore:setup.py install is deprecated -W ignore:easy_install command is deprecated setup.py egg_info --egg-base ../../../build/core build --build-base /home/open/work/build/core/build install --record /home/open/work/build/core/install.log --single-version-externally-managed install_data
[1.500s] running egg_info
[1.500s] writing ../../../build/core/core.egg-info/PKG-INFO
[1.500s] writing dependency_links to ../../../build/core/core.egg-info/dependency_links.txt
[1.501s] writing entry points to ../../../build/core/core.egg-info/entry_points.txt
[1.501s] writing requirements to ../../../build/core/core.egg-info/requires.txt
[1.501s] writing top-level names to ../../../build/core/core.egg-info/top_level.txt
[1.503s] reading manifest file '../../../build/core/core.egg-info/SOURCES.txt'
[1.504s] writing manifest file '../../../build/core/core.egg-info/SOURCES.txt'
[1.504s] running build
[1.504s] running build_py
[1.504s] running install
[1.504s] running install_lib
[1.506s] running install_data
[1.506s] running install_egg_info
[1.508s] removing '/home/open/work/install/core/lib/python3.10/site-packages/core-0.0.0-py3.10.egg-info' (and everything under it)
[1.508s] Copying ../../../build/core/core.egg-info to /home/open/work/install/core/lib/python3.10/site-packages/core-0.0.0-py3.10.egg-info
[1.509s] running install_scripts
[1.534s] Installing task_master script to /home/open/work/install/core/lib/core
[1.535s] writing list of installed files to '/home/open/work/build/core/install.log'
[1.558s] Invoked command in '/home/open/work/motor_control/src/core' returned '0': PYTHONPATH=/home/open/work/build/core/prefix_override:/usr/lib/python3/dist-packages/colcon_core/task/python/colcon_distutils_commands:/home/open/work/install/core/lib/python3.10/site-packages:${PYTHONPATH} /usr/bin/python3 -W ignore:setup.py install is deprecated -W ignore:easy_install command is deprecated setup.py egg_info --egg-base ../../../build/core build --build-base /home/open/work/build/core/build install --record /home/open/work/build/core/install.log --single-version-externally-managed install_data
