[0.049s] Invoking command in '/home/open/work/build/small_arm_description': CMAKE_PREFIX_PATH=/home/open/work/install/dynamixel_hardware:/home/open/work/install/dynamixel_workbench_toolbox:/home/open/work/install/small_arm_moveit_cpp:/home/open/work/install/small_arm_moveit_config:/home/open/work/install/small_arm_description:/home/open/work/install/moviet:/home/open/work/install/dynamixel_workbench:/home/open/work/install/dynamixel_workbench_msgs:/home/open/work/install/arm_control:/home/open/work/install/realsense:/home/open/work/install/core:/opt/ros/humble /usr/bin/cmake /home/open/work/motor_control/src/tb4_arm_ros2/small_arm_description -DCMAKE_INSTALL_PREFIX=/home/open/work/install/small_arm_description
[0.204s] -- The C compiler identification is GNU 11.4.0
[0.367s] -- The CXX compiler identification is GNU 11.4.0
[0.386s] -- Detecting C compiler ABI info
[0.582s] -- Detecting C compiler ABI info - done
[0.604s] -- Check for working C compiler: /usr/bin/cc - skipped
[0.604s] -- Detecting C compile features
[0.604s] -- Detecting C compile features - done
[0.612s] -- Detecting CXX compiler ABI info
[0.829s] -- Detecting CXX compiler ABI info - done
[0.859s] -- Check for working CXX compiler: /usr/bin/c++ - skipped
[0.861s] -- Detecting CXX compile features
[0.861s] -- Detecting CXX compile features - done
[0.894s] -- Found ament_cmake: 1.3.11 (/opt/ros/humble/share/ament_cmake/cmake)
[1.255s] -- Found Python3: /usr/bin/python3 (found version "3.10.12") found components: Interpreter 
[1.445s] -- Found robot_state_publisher: 3.0.3 (/opt/ros/humble/share/robot_state_publisher/cmake)
[1.544s] -- Found rosidl_generator_c: 3.1.6 (/opt/ros/humble/share/rosidl_generator_c/cmake)
[1.560s] -- Found rosidl_adapter: 3.1.6 (/opt/ros/humble/share/rosidl_adapter/cmake)
[1.578s] -- Found rosidl_generator_cpp: 3.1.6 (/opt/ros/humble/share/rosidl_generator_cpp/cmake)
[1.598s] -- Using all available rosidl_typesupport_c: rosidl_typesupport_fastrtps_c;rosidl_typesupport_introspection_c
[1.630s] -- Using all available rosidl_typesupport_cpp: rosidl_typesupport_fastrtps_cpp;rosidl_typesupport_introspection_cpp
[1.736s] -- Found eigen3_cmake_module: 0.1.1 (/opt/ros/humble/share/eigen3_cmake_module/cmake)
[1.738s] -- Found Eigen3: TRUE (found version "3.4.0") 
[1.739s] -- Ensuring Eigen3 include directory is part of orocos-kdl CMake target
[1.823s] -- Found rmw_implementation_cmake: 6.1.2 (/opt/ros/humble/share/rmw_implementation_cmake/cmake)
[1.830s] -- Found rmw_cyclonedds_cpp: 1.3.4 (/opt/ros/humble/share/rmw_cyclonedds_cpp/cmake)
[1.868s] -- Using RMW implementation 'rmw_cyclonedds_cpp' as default
[1.890s] -- Looking for pthread.h
[1.963s] -- Looking for pthread.h - found
[1.963s] -- Performing Test CMAKE_HAVE_LIBC_PTHREAD
[2.025s] -- Performing Test CMAKE_HAVE_LIBC_PTHREAD - Success
[2.026s] -- Found Threads: TRUE  
[2.217s] -- Found xacro: 2.0.13 (/opt/ros/humble/share/xacro/cmake)
[2.219s] -- Found rviz2: 11.2.16 (/opt/ros/humble/share/rviz2/cmake)
[2.221s] -- Found ros2_control: 2.50.0 (/opt/ros/humble/share/ros2_control/cmake)
[2.223s] -- Found ros2_controllers: 2.44.0 (/opt/ros/humble/share/ros2_controllers/cmake)
[2.224s] -- Found dynamixel_hardware: 0.0.0 (/home/open/work/install/dynamixel_hardware/share/dynamixel_hardware/cmake)
[2.296s] -- Found ament_lint_auto: 0.12.12 (/opt/ros/humble/share/ament_lint_auto/cmake)
[2.377s] -- Added test 'copyright' to check source files copyright and LICENSE
[2.382s] -- Added test 'flake8' to check Python code syntax and style conventions
[2.382s] -- Added test 'lint_cmake' to check CMake code style
[2.383s] -- Added test 'pep257' to check Python code against some of the docstring style conventions in PEP 257
[2.386s] -- Added test 'xmllint' to check XML markup files
[2.387s] -- Configuring done
[2.392s] -- Generating done
[2.394s] -- Build files have been written to: /home/open/work/build/small_arm_description
[2.403s] Invoked command in '/home/open/work/build/small_arm_description' returned '0': CMAKE_PREFIX_PATH=/home/open/work/install/dynamixel_hardware:/home/open/work/install/dynamixel_workbench_toolbox:/home/open/work/install/small_arm_moveit_cpp:/home/open/work/install/small_arm_moveit_config:/home/open/work/install/small_arm_description:/home/open/work/install/moviet:/home/open/work/install/dynamixel_workbench:/home/open/work/install/dynamixel_workbench_msgs:/home/open/work/install/arm_control:/home/open/work/install/realsense:/home/open/work/install/core:/opt/ros/humble /usr/bin/cmake /home/open/work/motor_control/src/tb4_arm_ros2/small_arm_description -DCMAKE_INSTALL_PREFIX=/home/open/work/install/small_arm_description
[2.405s] Invoking command in '/home/open/work/build/small_arm_description': CMAKE_PREFIX_PATH=/home/open/work/install/dynamixel_hardware:/home/open/work/install/dynamixel_workbench_toolbox:/home/open/work/install/small_arm_moveit_cpp:/home/open/work/install/small_arm_moveit_config:/home/open/work/install/small_arm_description:/home/open/work/install/moviet:/home/open/work/install/dynamixel_workbench:/home/open/work/install/dynamixel_workbench_msgs:/home/open/work/install/arm_control:/home/open/work/install/realsense:/home/open/work/install/core:/opt/ros/humble /usr/bin/cmake --build /home/open/work/build/small_arm_description -- -j16 -l16
[2.442s] Invoked command in '/home/open/work/build/small_arm_description' returned '0': CMAKE_PREFIX_PATH=/home/open/work/install/dynamixel_hardware:/home/open/work/install/dynamixel_workbench_toolbox:/home/open/work/install/small_arm_moveit_cpp:/home/open/work/install/small_arm_moveit_config:/home/open/work/install/small_arm_description:/home/open/work/install/moviet:/home/open/work/install/dynamixel_workbench:/home/open/work/install/dynamixel_workbench_msgs:/home/open/work/install/arm_control:/home/open/work/install/realsense:/home/open/work/install/core:/opt/ros/humble /usr/bin/cmake --build /home/open/work/build/small_arm_description -- -j16 -l16
[2.443s] Invoking command in '/home/open/work/build/small_arm_description': CMAKE_PREFIX_PATH=/home/open/work/install/dynamixel_hardware:/home/open/work/install/dynamixel_workbench_toolbox:/home/open/work/install/small_arm_moveit_cpp:/home/open/work/install/small_arm_moveit_config:/home/open/work/install/small_arm_description:/home/open/work/install/moviet:/home/open/work/install/dynamixel_workbench:/home/open/work/install/dynamixel_workbench_msgs:/home/open/work/install/arm_control:/home/open/work/install/realsense:/home/open/work/install/core:/opt/ros/humble /usr/bin/cmake --install /home/open/work/build/small_arm_description
[2.450s] -- Install configuration: ""
[2.450s] -- Installing: /home/open/work/install/small_arm_description/share/small_arm_description/meshes
[2.450s] -- Installing: /home/open/work/install/small_arm_description/share/small_arm_description/meshes/link_5_1.stl
[2.450s] -- Installing: /home/open/work/install/small_arm_description/share/small_arm_description/meshes/link_2_1.stl
[2.451s] -- Installing: /home/open/work/install/small_arm_description/share/small_arm_description/meshes/link_3_1.stl
[2.451s] -- Installing: /home/open/work/install/small_arm_description/share/small_arm_description/meshes/Claw_base_1.stl
[2.452s] -- Installing: /home/open/work/install/small_arm_description/share/small_arm_description/meshes/Camera_1.stl
[2.452s] -- Installing: /home/open/work/install/small_arm_description/share/small_arm_description/meshes/link_1_1.stl
[2.453s] -- Installing: /home/open/work/install/small_arm_description/share/small_arm_description/meshes/link_4_1.stl
[2.453s] -- Installing: /home/open/work/install/small_arm_description/share/small_arm_description/meshes/Claw_2_1.stl
[2.453s] -- Installing: /home/open/work/install/small_arm_description/share/small_arm_description/meshes/Claw_1_1.stl
[2.454s] -- Installing: /home/open/work/install/small_arm_description/share/small_arm_description/meshes/base_link.stl
[2.454s] -- Installing: /home/open/work/install/small_arm_description/share/small_arm_description/urdf
[2.454s] -- Installing: /home/open/work/install/small_arm_description/share/small_arm_description/urdf/small_arm.urdf
[2.454s] -- Installing: /home/open/work/install/small_arm_description/share/small_arm_description/urdf/small_arm copy 2.xacro
[2.454s] -- Installing: /home/open/work/install/small_arm_description/share/small_arm_description/urdf/materials.xacro
[2.454s] -- Installing: /home/open/work/install/small_arm_description/share/small_arm_description/urdf/small_arm copy.xacro
[2.455s] -- Installing: /home/open/work/install/small_arm_description/share/small_arm_description/urdf/small_arm.ros2_control.xacro
[2.455s] -- Installing: /home/open/work/install/small_arm_description/share/small_arm_description/urdf/small_arm.urdf.xacro
[2.455s] -- Installing: /home/open/work/install/small_arm_description/share/small_arm_description/urdf/small_arm.xacro
[2.455s] -- Installing: /home/open/work/install/small_arm_description/share/small_arm_description/urdf/small_arm
[2.455s] -- Installing: /home/open/work/install/small_arm_description/share/small_arm_description/urdf/small_arm/small_arm.usd
[2.455s] -- Installing: /home/open/work/install/small_arm_description/share/small_arm_description/urdf/small_arm/configuration
[2.455s] -- Installing: /home/open/work/install/small_arm_description/share/small_arm_description/urdf/small_arm/configuration/small_arm_physics.usd
[2.455s] -- Installing: /home/open/work/install/small_arm_description/share/small_arm_description/urdf/small_arm/configuration/small_arm_base.usd
[2.460s] -- Installing: /home/open/work/install/small_arm_description/share/small_arm_description/urdf/small_arm/configuration/small_arm_sensor.usd
[2.460s] -- Installing: /home/open/work/install/small_arm_description/share/small_arm_description/controllers
[2.460s] -- Installing: /home/open/work/install/small_arm_description/share/small_arm_description/controllers/controllers.yaml
[2.460s] -- Installing: /home/open/work/install/small_arm_description/share/small_arm_description/launch
[2.460s] -- Installing: /home/open/work/install/small_arm_description/share/small_arm_description/launch/small_arm.rviz
[2.461s] -- Installing: /home/open/work/install/small_arm_description/share/small_arm_description/launch/display.launch.py
[2.461s] -- Installing: /home/open/work/install/small_arm_description/share/small_arm_description/launch/pantilt_bot_gazebo.launch.py
[2.461s] -- Installing: /home/open/work/install/small_arm_description/share/small_arm_description/launch/small_arm.launch.py
[2.461s] -- Installing: /home/open/work/install/small_arm_description/share/ament_index/resource_index/package_run_dependencies/small_arm_description
[2.461s] -- Installing: /home/open/work/install/small_arm_description/share/ament_index/resource_index/parent_prefix_path/small_arm_description
[2.461s] -- Installing: /home/open/work/install/small_arm_description/share/small_arm_description/environment/ament_prefix_path.sh
[2.461s] -- Installing: /home/open/work/install/small_arm_description/share/small_arm_description/environment/ament_prefix_path.dsv
[2.461s] -- Installing: /home/open/work/install/small_arm_description/share/small_arm_description/environment/path.sh
[2.461s] -- Installing: /home/open/work/install/small_arm_description/share/small_arm_description/environment/path.dsv
[2.461s] -- Installing: /home/open/work/install/small_arm_description/share/small_arm_description/local_setup.bash
[2.461s] -- Installing: /home/open/work/install/small_arm_description/share/small_arm_description/local_setup.sh
[2.462s] -- Installing: /home/open/work/install/small_arm_description/share/small_arm_description/local_setup.zsh
[2.462s] -- Installing: /home/open/work/install/small_arm_description/share/small_arm_description/local_setup.dsv
[2.462s] -- Installing: /home/open/work/install/small_arm_description/share/small_arm_description/package.dsv
[2.462s] -- Installing: /home/open/work/install/small_arm_description/share/ament_index/resource_index/packages/small_arm_description
[2.462s] -- Installing: /home/open/work/install/small_arm_description/share/small_arm_description/cmake/small_arm_descriptionConfig.cmake
[2.462s] -- Installing: /home/open/work/install/small_arm_description/share/small_arm_description/cmake/small_arm_descriptionConfig-version.cmake
[2.462s] -- Installing: /home/open/work/install/small_arm_description/share/small_arm_description/package.xml
[2.464s] Invoked command in '/home/open/work/build/small_arm_description' returned '0': CMAKE_PREFIX_PATH=/home/open/work/install/dynamixel_hardware:/home/open/work/install/dynamixel_workbench_toolbox:/home/open/work/install/small_arm_moveit_cpp:/home/open/work/install/small_arm_moveit_config:/home/open/work/install/small_arm_description:/home/open/work/install/moviet:/home/open/work/install/dynamixel_workbench:/home/open/work/install/dynamixel_workbench_msgs:/home/open/work/install/arm_control:/home/open/work/install/realsense:/home/open/work/install/core:/opt/ros/humble /usr/bin/cmake --install /home/open/work/build/small_arm_description
