[1.042s] Invoking command in '/home/open/work/motor_control/src/tb4_arm_ros2/python_moveit2': PYTHONPATH=/home/open/work/build/python_moveit2/prefix_override:/usr/lib/python3/dist-packages/colcon_core/task/python/colcon_distutils_commands:/home/open/work/install/python_moveit2/lib/python3.10/site-packages:${PYTHONPATH} /usr/bin/python3 -W ignore:setup.py install is deprecated -W ignore:easy_install command is deprecated setup.py egg_info --egg-base ../../../../build/python_moveit2 build --build-base /home/open/work/build/python_moveit2/build install --record /home/open/work/build/python_moveit2/install.log --single-version-externally-managed install_data
[1.248s] running egg_info
[1.248s] creating ../../../../build/python_moveit2/python_moveit2.egg-info
[1.249s] writing ../../../../build/python_moveit2/python_moveit2.egg-info/PKG-INFO
[1.249s] writing dependency_links to ../../../../build/python_moveit2/python_moveit2.egg-info/dependency_links.txt
[1.249s] writing entry points to ../../../../build/python_moveit2/python_moveit2.egg-info/entry_points.txt
[1.249s] writing requirements to ../../../../build/python_moveit2/python_moveit2.egg-info/requires.txt
[1.249s] writing top-level names to ../../../../build/python_moveit2/python_moveit2.egg-info/top_level.txt
[1.249s] writing manifest file '../../../../build/python_moveit2/python_moveit2.egg-info/SOURCES.txt'
[1.250s] reading manifest file '../../../../build/python_moveit2/python_moveit2.egg-info/SOURCES.txt'
[1.251s] writing manifest file '../../../../build/python_moveit2/python_moveit2.egg-info/SOURCES.txt'
[1.251s] running build
[1.251s] running build_py
[1.251s] creating /home/open/work/build/python_moveit2/build
[1.251s] creating /home/open/work/build/python_moveit2/build/lib
[1.251s] creating /home/open/work/build/python_moveit2/build/lib/python_moveit2
[1.251s] copying python_moveit2/arm_control.py -> /home/open/work/build/python_moveit2/build/lib/python_moveit2
[1.251s] copying python_moveit2/__init__.py -> /home/open/work/build/python_moveit2/build/lib/python_moveit2
[1.251s] running install
[1.252s] running install_lib
[1.252s] creating /home/open/work/install/python_moveit2/lib/python3.10/site-packages/python_moveit2
[1.252s] copying /home/open/work/build/python_moveit2/build/lib/python_moveit2/arm_control.py -> /home/open/work/install/python_moveit2/lib/python3.10/site-packages/python_moveit2
[1.253s] copying /home/open/work/build/python_moveit2/build/lib/python_moveit2/__init__.py -> /home/open/work/install/python_moveit2/lib/python3.10/site-packages/python_moveit2
[1.253s] byte-compiling /home/open/work/install/python_moveit2/lib/python3.10/site-packages/python_moveit2/arm_control.py to arm_control.cpython-310.pyc
[1.253s] byte-compiling /home/open/work/install/python_moveit2/lib/python3.10/site-packages/python_moveit2/__init__.py to __init__.cpython-310.pyc
[1.254s] running install_data
[1.254s] creating /home/open/work/install/python_moveit2/share/ament_index
[1.254s] creating /home/open/work/install/python_moveit2/share/ament_index/resource_index
[1.254s] creating /home/open/work/install/python_moveit2/share/ament_index/resource_index/packages
[1.254s] copying resource/python_moveit2 -> /home/open/work/install/python_moveit2/share/ament_index/resource_index/packages
[1.254s] copying package.xml -> /home/open/work/install/python_moveit2/share/python_moveit2
[1.254s] running install_egg_info
[1.256s] Copying ../../../../build/python_moveit2/python_moveit2.egg-info to /home/open/work/install/python_moveit2/lib/python3.10/site-packages/python_moveit2-0.0.0-py3.10.egg-info
[1.257s] running install_scripts
[1.273s] writing list of installed files to '/home/open/work/build/python_moveit2/install.log'
[1.300s] Invoked command in '/home/open/work/motor_control/src/tb4_arm_ros2/python_moveit2' returned '0': PYTHONPATH=/home/open/work/build/python_moveit2/prefix_override:/usr/lib/python3/dist-packages/colcon_core/task/python/colcon_distutils_commands:/home/open/work/install/python_moveit2/lib/python3.10/site-packages:${PYTHONPATH} /usr/bin/python3 -W ignore:setup.py install is deprecated -W ignore:easy_install command is deprecated setup.py egg_info --egg-base ../../../../build/python_moveit2 build --build-base /home/open/work/build/python_moveit2/build install --record /home/open/work/build/python_moveit2/install.log --single-version-externally-managed install_data
