[0.015s] Invoking command in '/home/open/work/build/small_arm_description': CMAKE_PREFIX_PATH=/home/open/work/install/dynamixel_hardware:/home/open/work/install/dynamixel_workbench_toolbox:/home/open/work/install/small_arm_moveit_cpp:/home/open/work/install/small_arm_moveit_config:/home/open/work/install/small_arm_description:/home/open/work/install/moviet:/home/open/work/install/dynamixel_workbench:/home/open/work/install/dynamixel_workbench_msgs:/home/open/work/install/arm_control:/home/open/work/install/realsense:/home/open/work/install/core:/opt/ros/humble /usr/bin/cmake --build /home/open/work/build/small_arm_description -- -j16 -l16
[0.044s] Invoked command in '/home/open/work/build/small_arm_description' returned '0': CMAKE_PREFIX_PATH=/home/open/work/install/dynamixel_hardware:/home/open/work/install/dynamixel_workbench_toolbox:/home/open/work/install/small_arm_moveit_cpp:/home/open/work/install/small_arm_moveit_config:/home/open/work/install/small_arm_description:/home/open/work/install/moviet:/home/open/work/install/dynamixel_workbench:/home/open/work/install/dynamixel_workbench_msgs:/home/open/work/install/arm_control:/home/open/work/install/realsense:/home/open/work/install/core:/opt/ros/humble /usr/bin/cmake --build /home/open/work/build/small_arm_description -- -j16 -l16
[0.045s] Invoking command in '/home/open/work/build/small_arm_description': CMAKE_PREFIX_PATH=/home/open/work/install/dynamixel_hardware:/home/open/work/install/dynamixel_workbench_toolbox:/home/open/work/install/small_arm_moveit_cpp:/home/open/work/install/small_arm_moveit_config:/home/open/work/install/small_arm_description:/home/open/work/install/moviet:/home/open/work/install/dynamixel_workbench:/home/open/work/install/dynamixel_workbench_msgs:/home/open/work/install/arm_control:/home/open/work/install/realsense:/home/open/work/install/core:/opt/ros/humble /usr/bin/cmake --install /home/open/work/build/small_arm_description
[0.050s] -- Install configuration: ""
[0.050s] -- Up-to-date: /home/open/work/install/small_arm_description/share/small_arm_description/meshes
[0.050s] -- Up-to-date: /home/open/work/install/small_arm_description/share/small_arm_description/meshes/link_5_1.stl
[0.050s] -- Up-to-date: /home/open/work/install/small_arm_description/share/small_arm_description/meshes/link_2_1.stl
[0.050s] -- Up-to-date: /home/open/work/install/small_arm_description/share/small_arm_description/meshes/link_3_1.stl
[0.050s] -- Up-to-date: /home/open/work/install/small_arm_description/share/small_arm_description/meshes/Claw_base_1.stl
[0.050s] -- Up-to-date: /home/open/work/install/small_arm_description/share/small_arm_description/meshes/Camera_1.stl
[0.051s] -- Up-to-date: /home/open/work/install/small_arm_description/share/small_arm_description/meshes/link_1_1.stl
[0.051s] -- Up-to-date: /home/open/work/install/small_arm_description/share/small_arm_description/meshes/link_4_1.stl
[0.051s] -- Up-to-date: /home/open/work/install/small_arm_description/share/small_arm_description/meshes/Claw_2_1.stl
[0.051s] -- Up-to-date: /home/open/work/install/small_arm_description/share/small_arm_description/meshes/Claw_1_1.stl
[0.051s] -- Up-to-date: /home/open/work/install/small_arm_description/share/small_arm_description/meshes/base_link.stl
[0.051s] -- Up-to-date: /home/open/work/install/small_arm_description/share/small_arm_description/urdf
[0.051s] -- Up-to-date: /home/open/work/install/small_arm_description/share/small_arm_description/urdf/small_arm.urdf
[0.051s] -- Up-to-date: /home/open/work/install/small_arm_description/share/small_arm_description/urdf/small_arm copy 2.xacro
[0.051s] -- Up-to-date: /home/open/work/install/small_arm_description/share/small_arm_description/urdf/materials.xacro
[0.051s] -- Up-to-date: /home/open/work/install/small_arm_description/share/small_arm_description/urdf/small_arm copy.xacro
[0.051s] -- Up-to-date: /home/open/work/install/small_arm_description/share/small_arm_description/urdf/small_arm.ros2_control.xacro
[0.051s] -- Up-to-date: /home/open/work/install/small_arm_description/share/small_arm_description/urdf/small_arm.urdf.xacro
[0.051s] -- Up-to-date: /home/open/work/install/small_arm_description/share/small_arm_description/urdf/small_arm.xacro
[0.051s] -- Up-to-date: /home/open/work/install/small_arm_description/share/small_arm_description/urdf/small_arm
[0.051s] -- Up-to-date: /home/open/work/install/small_arm_description/share/small_arm_description/urdf/small_arm/small_arm.usd
[0.051s] -- Up-to-date: /home/open/work/install/small_arm_description/share/small_arm_description/urdf/small_arm/configuration
[0.052s] -- Up-to-date: /home/open/work/install/small_arm_description/share/small_arm_description/urdf/small_arm/configuration/small_arm_physics.usd
[0.052s] -- Up-to-date: /home/open/work/install/small_arm_description/share/small_arm_description/urdf/small_arm/configuration/small_arm_base.usd
[0.052s] -- Up-to-date: /home/open/work/install/small_arm_description/share/small_arm_description/urdf/small_arm/configuration/small_arm_sensor.usd
[0.052s] -- Up-to-date: /home/open/work/install/small_arm_description/share/small_arm_description/controllers
[0.052s] -- Up-to-date: /home/open/work/install/small_arm_description/share/small_arm_description/controllers/controllers.yaml
[0.052s] -- Up-to-date: /home/open/work/install/small_arm_description/share/small_arm_description/launch
[0.052s] -- Up-to-date: /home/open/work/install/small_arm_description/share/small_arm_description/launch/small_arm.rviz
[0.052s] -- Up-to-date: /home/open/work/install/small_arm_description/share/small_arm_description/launch/display.launch.py
[0.052s] -- Up-to-date: /home/open/work/install/small_arm_description/share/small_arm_description/launch/pantilt_bot_gazebo.launch.py
[0.052s] -- Up-to-date: /home/open/work/install/small_arm_description/share/small_arm_description/launch/small_arm.launch.py
[0.052s] -- Up-to-date: /home/open/work/install/small_arm_description/share/ament_index/resource_index/package_run_dependencies/small_arm_description
[0.053s] -- Up-to-date: /home/open/work/install/small_arm_description/share/ament_index/resource_index/parent_prefix_path/small_arm_description
[0.053s] -- Up-to-date: /home/open/work/install/small_arm_description/share/small_arm_description/environment/ament_prefix_path.sh
[0.053s] -- Up-to-date: /home/open/work/install/small_arm_description/share/small_arm_description/environment/ament_prefix_path.dsv
[0.053s] -- Up-to-date: /home/open/work/install/small_arm_description/share/small_arm_description/environment/path.sh
[0.053s] -- Up-to-date: /home/open/work/install/small_arm_description/share/small_arm_description/environment/path.dsv
[0.053s] -- Up-to-date: /home/open/work/install/small_arm_description/share/small_arm_description/local_setup.bash
[0.053s] -- Up-to-date: /home/open/work/install/small_arm_description/share/small_arm_description/local_setup.sh
[0.054s] -- Up-to-date: /home/open/work/install/small_arm_description/share/small_arm_description/local_setup.zsh
[0.054s] -- Up-to-date: /home/open/work/install/small_arm_description/share/small_arm_description/local_setup.dsv
[0.054s] -- Installing: /home/open/work/install/small_arm_description/share/small_arm_description/package.dsv
[0.054s] -- Up-to-date: /home/open/work/install/small_arm_description/share/ament_index/resource_index/packages/small_arm_description
[0.054s] -- Up-to-date: /home/open/work/install/small_arm_description/share/small_arm_description/cmake/small_arm_descriptionConfig.cmake
[0.054s] -- Up-to-date: /home/open/work/install/small_arm_description/share/small_arm_description/cmake/small_arm_descriptionConfig-version.cmake
[0.054s] -- Up-to-date: /home/open/work/install/small_arm_description/share/small_arm_description/package.xml
[0.054s] Invoked command in '/home/open/work/build/small_arm_description' returned '0': CMAKE_PREFIX_PATH=/home/open/work/install/dynamixel_hardware:/home/open/work/install/dynamixel_workbench_toolbox:/home/open/work/install/small_arm_moveit_cpp:/home/open/work/install/small_arm_moveit_config:/home/open/work/install/small_arm_description:/home/open/work/install/moviet:/home/open/work/install/dynamixel_workbench:/home/open/work/install/dynamixel_workbench_msgs:/home/open/work/install/arm_control:/home/open/work/install/realsense:/home/open/work/install/core:/opt/ros/humble /usr/bin/cmake --install /home/open/work/build/small_arm_description
