[2.604s] Invoking command in '/home/open/work/motor_control/src/core': PYTHONPATH=/home/open/work/build/core/prefix_override:/usr/lib/python3/dist-packages/colcon_core/task/python/colcon_distutils_commands:/home/open/work/install/core/lib/python3.10/site-packages:${PYTHONPATH} /usr/bin/python3 -W ignore:setup.py install is deprecated -W ignore:easy_install command is deprecated setup.py egg_info --egg-base ../../../build/core build --build-base /home/open/work/build/core/build install --record /home/open/work/build/core/install.log --single-version-externally-managed install_data
[3.227s] running egg_info
[3.229s] writing ../../../build/core/core.egg-info/PKG-INFO
[3.230s] writing dependency_links to ../../../build/core/core.egg-info/dependency_links.txt
[3.230s] writing entry points to ../../../build/core/core.egg-info/entry_points.txt
[3.230s] writing requirements to ../../../build/core/core.egg-info/requires.txt
[3.231s] writing top-level names to ../../../build/core/core.egg-info/top_level.txt
[3.235s] reading manifest file '../../../build/core/core.egg-info/SOURCES.txt'
[3.237s] writing manifest file '../../../build/core/core.egg-info/SOURCES.txt'
[3.237s] running build
[3.237s] running build_py
[3.239s] copying core/task_master.py -> /home/open/work/build/core/build/lib/core
[3.239s] running install
[3.240s] running install_lib
[3.242s] copying /home/open/work/build/core/build/lib/core/task_master.py -> /home/open/work/install/core/lib/python3.10/site-packages/core
[3.244s] byte-compiling /home/open/work/install/core/lib/python3.10/site-packages/core/task_master.py to task_master.cpython-310.pyc
[3.248s] running install_data
[3.249s] running install_egg_info
[3.253s] removing '/home/open/work/install/core/lib/python3.10/site-packages/core-0.0.0-py3.10.egg-info' (and everything under it)
[3.254s] Copying ../../../build/core/core.egg-info to /home/open/work/install/core/lib/python3.10/site-packages/core-0.0.0-py3.10.egg-info
[3.256s] running install_scripts
[3.310s] Installing task_master script to /home/open/work/install/core/lib/core
[3.311s] writing list of installed files to '/home/open/work/build/core/install.log'
[3.356s] Invoked command in '/home/open/work/motor_control/src/core' returned '0': PYTHONPATH=/home/open/work/build/core/prefix_override:/usr/lib/python3/dist-packages/colcon_core/task/python/colcon_distutils_commands:/home/open/work/install/core/lib/python3.10/site-packages:${PYTHONPATH} /usr/bin/python3 -W ignore:setup.py install is deprecated -W ignore:easy_install command is deprecated setup.py egg_info --egg-base ../../../build/core build --build-base /home/open/work/build/core/build install --record /home/open/work/build/core/install.log --single-version-externally-managed install_data
